[0.130s] DEBUG:colcon:Command line arguments: ['/usr/bin/colcon', 'build', '--symlink-install']
[0.130s] DEBUG:colcon:Parsed command line arguments: Namespace(log_base=None, log_level=None, verb_name='build', build_base='build', install_base='install', merge_install=False, symlink_install=True, test_result_base=None, continue_on_error=False, executor='parallel', parallel_workers=8, event_handlers=None, ignore_user_meta=False, metas=['./colcon.meta'], base_paths=['.'], packages_ignore=None, packages_ignore_regex=None, paths=None, packages_up_to=None, packages_up_to_regex=None, packages_above=None, packages_above_and_dependencies=None, packages_above_depth=None, packages_select_by_dep=None, packages_skip_by_dep=None, packages_skip_up_to=None, packages_select_build_failed=False, packages_skip_build_finished=False, packages_select_test_failures=False, packages_skip_test_passed=False, packages_select=None, packages_skip=None, packages_select_regex=None, packages_skip_regex=None, packages_start=None, packages_end=None, cmake_args=None, cmake_target=None, cmake_target_skip_unavailable=False, cmake_clean_cache=False, cmake_clean_first=False, cmake_force_configure=False, ament_cmake_args=None, catkin_cmake_args=None, catkin_skip_building_tests=False, mixin_files=None, mixin=None, verb_parser=<colcon_mixin.mixin.mixin_argument.MixinArgumentDecorator object at 0x7f7b91224ee0>, verb_extension=<colcon_core.verb.build.BuildVerb object at 0x7f7b91224550>, main=<bound method BuildVerb.main of <colcon_core.verb.build.BuildVerb object at 0x7f7b91224550>>, mixin_verb=('build',))
[0.360s] Level 1:colcon.colcon_core.package_discovery:discover_packages(colcon_meta) check parameters
[0.360s] Level 1:colcon.colcon_core.package_discovery:discover_packages(recursive) check parameters
[0.360s] Level 1:colcon.colcon_core.package_discovery:discover_packages(ignore) check parameters
[0.360s] Level 1:colcon.colcon_core.package_discovery:discover_packages(path) check parameters
[0.360s] Level 1:colcon.colcon_core.package_discovery:discover_packages(colcon_meta) discover
[0.360s] Level 1:colcon.colcon_core.package_discovery:discover_packages(recursive) discover
[0.360s] INFO:colcon.colcon_core.package_discovery:Crawling recursively for packages in '/workspaces/auto_race'
[0.361s] Level 1:colcon.colcon_core.package_identification:_identify(.) by extensions ['ignore', 'ignore_ament_install']
[0.361s] Level 1:colcon.colcon_core.package_identification:_identify(.) by extension 'ignore'
[0.361s] Level 1:colcon.colcon_core.package_identification:_identify(.) by extension 'ignore_ament_install'
[0.361s] Level 1:colcon.colcon_core.package_identification:_identify(.) by extensions ['colcon_pkg']
[0.361s] Level 1:colcon.colcon_core.package_identification:_identify(.) by extension 'colcon_pkg'
[0.361s] Level 1:colcon.colcon_core.package_identification:_identify(.) by extensions ['colcon_meta']
[0.361s] Level 1:colcon.colcon_core.package_identification:_identify(.) by extension 'colcon_meta'
[0.361s] Level 1:colcon.colcon_core.package_identification:_identify(.) by extensions ['ros']
[0.361s] Level 1:colcon.colcon_core.package_identification:_identify(.) by extension 'ros'
[0.374s] Level 1:colcon.colcon_core.package_identification:_identify(.) by extensions ['cmake', 'python']
[0.374s] Level 1:colcon.colcon_core.package_identification:_identify(.) by extension 'cmake'
[0.374s] Level 1:colcon.colcon_core.package_identification:_identify(.) by extension 'python'
[0.374s] Level 1:colcon.colcon_core.package_identification:_identify(.) by extensions ['python_setup_py']
[0.374s] Level 1:colcon.colcon_core.package_identification:_identify(.) by extension 'python_setup_py'
[0.374s] Level 1:colcon.colcon_core.package_identification:_identify(build) by extensions ['ignore', 'ignore_ament_install']
[0.375s] Level 1:colcon.colcon_core.package_identification:_identify(build) by extension 'ignore'
[0.375s] Level 1:colcon.colcon_core.package_identification:_identify(build) ignored
[0.375s] Level 1:colcon.colcon_core.package_identification:_identify(install) by extensions ['ignore', 'ignore_ament_install']
[0.375s] Level 1:colcon.colcon_core.package_identification:_identify(install) by extension 'ignore'
[0.375s] Level 1:colcon.colcon_core.package_identification:_identify(install) ignored
[0.375s] Level 1:colcon.colcon_core.package_identification:_identify(log) by extensions ['ignore', 'ignore_ament_install']
[0.375s] Level 1:colcon.colcon_core.package_identification:_identify(log) by extension 'ignore'
[0.375s] Level 1:colcon.colcon_core.package_identification:_identify(log) ignored
[0.375s] Level 1:colcon.colcon_core.package_identification:_identify(ros2_ws) by extensions ['ignore', 'ignore_ament_install']
[0.375s] Level 1:colcon.colcon_core.package_identification:_identify(ros2_ws) by extension 'ignore'
[0.375s] Level 1:colcon.colcon_core.package_identification:_identify(ros2_ws) by extension 'ignore_ament_install'
[0.375s] Level 1:colcon.colcon_core.package_identification:_identify(ros2_ws) by extensions ['colcon_pkg']
[0.375s] Level 1:colcon.colcon_core.package_identification:_identify(ros2_ws) by extension 'colcon_pkg'
[0.376s] Level 1:colcon.colcon_core.package_identification:_identify(ros2_ws) by extensions ['colcon_meta']
[0.376s] Level 1:colcon.colcon_core.package_identification:_identify(ros2_ws) by extension 'colcon_meta'
[0.376s] Level 1:colcon.colcon_core.package_identification:_identify(ros2_ws) by extensions ['ros']
[0.376s] Level 1:colcon.colcon_core.package_identification:_identify(ros2_ws) by extension 'ros'
[0.376s] Level 1:colcon.colcon_core.package_identification:_identify(ros2_ws) by extensions ['cmake', 'python']
[0.376s] Level 1:colcon.colcon_core.package_identification:_identify(ros2_ws) by extension 'cmake'
[0.376s] Level 1:colcon.colcon_core.package_identification:_identify(ros2_ws) by extension 'python'
[0.376s] Level 1:colcon.colcon_core.package_identification:_identify(ros2_ws) by extensions ['python_setup_py']
[0.376s] Level 1:colcon.colcon_core.package_identification:_identify(ros2_ws) by extension 'python_setup_py'
[0.376s] Level 1:colcon.colcon_core.package_identification:_identify(ros2_ws/build) by extensions ['ignore', 'ignore_ament_install']
[0.376s] Level 1:colcon.colcon_core.package_identification:_identify(ros2_ws/build) by extension 'ignore'
[0.376s] Level 1:colcon.colcon_core.package_identification:_identify(ros2_ws/build) ignored
[0.376s] Level 1:colcon.colcon_core.package_identification:_identify(ros2_ws/install) by extensions ['ignore', 'ignore_ament_install']
[0.376s] Level 1:colcon.colcon_core.package_identification:_identify(ros2_ws/install) by extension 'ignore'
[0.376s] Level 1:colcon.colcon_core.package_identification:_identify(ros2_ws/install) ignored
[0.377s] Level 1:colcon.colcon_core.package_identification:_identify(ros2_ws/log) by extensions ['ignore', 'ignore_ament_install']
[0.377s] Level 1:colcon.colcon_core.package_identification:_identify(ros2_ws/log) by extension 'ignore'
[0.377s] Level 1:colcon.colcon_core.package_identification:_identify(ros2_ws/log) ignored
[0.377s] Level 1:colcon.colcon_core.package_identification:_identify(ros2_ws/src) by extensions ['ignore', 'ignore_ament_install']
[0.377s] Level 1:colcon.colcon_core.package_identification:_identify(ros2_ws/src) by extension 'ignore'
[0.377s] Level 1:colcon.colcon_core.package_identification:_identify(ros2_ws/src) by extension 'ignore_ament_install'
[0.377s] Level 1:colcon.colcon_core.package_identification:_identify(ros2_ws/src) by extensions ['colcon_pkg']
[0.377s] Level 1:colcon.colcon_core.package_identification:_identify(ros2_ws/src) by extension 'colcon_pkg'
[0.377s] Level 1:colcon.colcon_core.package_identification:_identify(ros2_ws/src) by extensions ['colcon_meta']
[0.377s] Level 1:colcon.colcon_core.package_identification:_identify(ros2_ws/src) by extension 'colcon_meta'
[0.377s] Level 1:colcon.colcon_core.package_identification:_identify(ros2_ws/src) by extensions ['ros']
[0.377s] Level 1:colcon.colcon_core.package_identification:_identify(ros2_ws/src) by extension 'ros'
[0.377s] Level 1:colcon.colcon_core.package_identification:_identify(ros2_ws/src) by extensions ['cmake', 'python']
[0.377s] Level 1:colcon.colcon_core.package_identification:_identify(ros2_ws/src) by extension 'cmake'
[0.377s] Level 1:colcon.colcon_core.package_identification:_identify(ros2_ws/src) by extension 'python'
[0.378s] Level 1:colcon.colcon_core.package_identification:_identify(ros2_ws/src) by extensions ['python_setup_py']
[0.378s] Level 1:colcon.colcon_core.package_identification:_identify(ros2_ws/src) by extension 'python_setup_py'
[0.378s] Level 1:colcon.colcon_core.package_identification:_identify(ros2_ws/src/my_robot_bringup) by extensions ['ignore', 'ignore_ament_install']
[0.378s] Level 1:colcon.colcon_core.package_identification:_identify(ros2_ws/src/my_robot_bringup) by extension 'ignore'
[0.378s] Level 1:colcon.colcon_core.package_identification:_identify(ros2_ws/src/my_robot_bringup) by extension 'ignore_ament_install'
[0.378s] Level 1:colcon.colcon_core.package_identification:_identify(ros2_ws/src/my_robot_bringup) by extensions ['colcon_pkg']
[0.378s] Level 1:colcon.colcon_core.package_identification:_identify(ros2_ws/src/my_robot_bringup) by extension 'colcon_pkg'
[0.378s] Level 1:colcon.colcon_core.package_identification:_identify(ros2_ws/src/my_robot_bringup) by extensions ['colcon_meta']
[0.378s] Level 1:colcon.colcon_core.package_identification:_identify(ros2_ws/src/my_robot_bringup) by extension 'colcon_meta'
[0.378s] Level 1:colcon.colcon_core.package_identification:_identify(ros2_ws/src/my_robot_bringup) by extensions ['ros']
[0.378s] Level 1:colcon.colcon_core.package_identification:_identify(ros2_ws/src/my_robot_bringup) by extension 'ros'
[0.381s] DEBUG:colcon.colcon_core.package_identification:Package 'ros2_ws/src/my_robot_bringup' with type 'ros.ament_cmake' and name 'my_robot_bringup'
[0.381s] Level 1:colcon.colcon_core.package_identification:_identify(ros2_ws/src/my_robot_description) by extensions ['ignore', 'ignore_ament_install']
[0.381s] Level 1:colcon.colcon_core.package_identification:_identify(ros2_ws/src/my_robot_description) by extension 'ignore'
[0.381s] Level 1:colcon.colcon_core.package_identification:_identify(ros2_ws/src/my_robot_description) by extension 'ignore_ament_install'
[0.381s] Level 1:colcon.colcon_core.package_identification:_identify(ros2_ws/src/my_robot_description) by extensions ['colcon_pkg']
[0.381s] Level 1:colcon.colcon_core.package_identification:_identify(ros2_ws/src/my_robot_description) by extension 'colcon_pkg'
[0.381s] Level 1:colcon.colcon_core.package_identification:_identify(ros2_ws/src/my_robot_description) by extensions ['colcon_meta']
[0.381s] Level 1:colcon.colcon_core.package_identification:_identify(ros2_ws/src/my_robot_description) by extension 'colcon_meta'
[0.381s] Level 1:colcon.colcon_core.package_identification:_identify(ros2_ws/src/my_robot_description) by extensions ['ros']
[0.381s] Level 1:colcon.colcon_core.package_identification:_identify(ros2_ws/src/my_robot_description) by extension 'ros'
[0.382s] DEBUG:colcon.colcon_core.package_identification:Package 'ros2_ws/src/my_robot_description' with type 'ros.ament_cmake' and name 'my_robot_description'
[0.382s] Level 1:colcon.colcon_core.package_identification:_identify(ros2_ws/src/waypoints) by extensions ['ignore', 'ignore_ament_install']
[0.382s] Level 1:colcon.colcon_core.package_identification:_identify(ros2_ws/src/waypoints) by extension 'ignore'
[0.382s] Level 1:colcon.colcon_core.package_identification:_identify(ros2_ws/src/waypoints) by extension 'ignore_ament_install'
[0.382s] Level 1:colcon.colcon_core.package_identification:_identify(ros2_ws/src/waypoints) by extensions ['colcon_pkg']
[0.382s] Level 1:colcon.colcon_core.package_identification:_identify(ros2_ws/src/waypoints) by extension 'colcon_pkg'
[0.382s] Level 1:colcon.colcon_core.package_identification:_identify(ros2_ws/src/waypoints) by extensions ['colcon_meta']
[0.382s] Level 1:colcon.colcon_core.package_identification:_identify(ros2_ws/src/waypoints) by extension 'colcon_meta'
[0.382s] Level 1:colcon.colcon_core.package_identification:_identify(ros2_ws/src/waypoints) by extensions ['ros']
[0.382s] Level 1:colcon.colcon_core.package_identification:_identify(ros2_ws/src/waypoints) by extension 'ros'
[0.383s] DEBUG:colcon.colcon_core.package_identification:Package 'ros2_ws/src/waypoints' with type 'ros.ament_cmake' and name 'waypoints'
[0.383s] Level 1:colcon.colcon_core.package_identification:_identify(ros2_ws/src/waypoints_main) by extensions ['ignore', 'ignore_ament_install']
[0.383s] Level 1:colcon.colcon_core.package_identification:_identify(ros2_ws/src/waypoints_main) by extension 'ignore'
[0.383s] Level 1:colcon.colcon_core.package_identification:_identify(ros2_ws/src/waypoints_main) by extension 'ignore_ament_install'
[0.383s] Level 1:colcon.colcon_core.package_identification:_identify(ros2_ws/src/waypoints_main) by extensions ['colcon_pkg']
[0.383s] Level 1:colcon.colcon_core.package_identification:_identify(ros2_ws/src/waypoints_main) by extension 'colcon_pkg'
[0.383s] Level 1:colcon.colcon_core.package_identification:_identify(ros2_ws/src/waypoints_main) by extensions ['colcon_meta']
[0.383s] Level 1:colcon.colcon_core.package_identification:_identify(ros2_ws/src/waypoints_main) by extension 'colcon_meta'
[0.383s] Level 1:colcon.colcon_core.package_identification:_identify(ros2_ws/src/waypoints_main) by extensions ['ros']
[0.383s] Level 1:colcon.colcon_core.package_identification:_identify(ros2_ws/src/waypoints_main) by extension 'ros'
[0.384s] DEBUG:colcon.colcon_core.package_identification:Package 'ros2_ws/src/waypoints_main' with type 'ros.ament_python' and name 'waypoints_main'
[0.384s] Level 1:colcon.colcon_core.package_discovery:discover_packages(recursive) using defaults
[0.384s] Level 1:colcon.colcon_core.package_discovery:discover_packages(ignore) discover
[0.384s] Level 1:colcon.colcon_core.package_discovery:discover_packages(ignore) using defaults
[0.384s] Level 1:colcon.colcon_core.package_discovery:discover_packages(path) discover
[0.384s] Level 1:colcon.colcon_core.package_discovery:discover_packages(path) using defaults
[0.414s] Level 5:colcon.colcon_core.verb:set package 'my_robot_bringup' build argument 'cmake_args' from command line to 'None'
[0.414s] Level 5:colcon.colcon_core.verb:set package 'my_robot_bringup' build argument 'cmake_target' from command line to 'None'
[0.415s] Level 5:colcon.colcon_core.verb:set package 'my_robot_bringup' build argument 'cmake_target_skip_unavailable' from command line to 'False'
[0.415s] Level 5:colcon.colcon_core.verb:set package 'my_robot_bringup' build argument 'cmake_clean_cache' from command line to 'False'
[0.415s] Level 5:colcon.colcon_core.verb:set package 'my_robot_bringup' build argument 'cmake_clean_first' from command line to 'False'
[0.415s] Level 5:colcon.colcon_core.verb:set package 'my_robot_bringup' build argument 'cmake_force_configure' from command line to 'False'
[0.415s] Level 5:colcon.colcon_core.verb:set package 'my_robot_bringup' build argument 'ament_cmake_args' from command line to 'None'
[0.415s] Level 5:colcon.colcon_core.verb:set package 'my_robot_bringup' build argument 'catkin_cmake_args' from command line to 'None'
[0.415s] Level 5:colcon.colcon_core.verb:set package 'my_robot_bringup' build argument 'catkin_skip_building_tests' from command line to 'False'
[0.415s] DEBUG:colcon.colcon_core.verb:Building package 'my_robot_bringup' with the following arguments: {'ament_cmake_args': None, 'build_base': '/workspaces/auto_race/build/my_robot_bringup', 'catkin_cmake_args': None, 'catkin_skip_building_tests': False, 'cmake_args': None, 'cmake_clean_cache': False, 'cmake_clean_first': False, 'cmake_force_configure': False, 'cmake_target': None, 'cmake_target_skip_unavailable': False, 'install_base': '/workspaces/auto_race/install/my_robot_bringup', 'merge_install': False, 'path': '/workspaces/auto_race/ros2_ws/src/my_robot_bringup', 'symlink_install': True, 'test_result_base': None}
[0.415s] Level 5:colcon.colcon_core.verb:set package 'my_robot_description' build argument 'cmake_args' from command line to 'None'
[0.415s] Level 5:colcon.colcon_core.verb:set package 'my_robot_description' build argument 'cmake_target' from command line to 'None'
[0.415s] Level 5:colcon.colcon_core.verb:set package 'my_robot_description' build argument 'cmake_target_skip_unavailable' from command line to 'False'
[0.415s] Level 5:colcon.colcon_core.verb:set package 'my_robot_description' build argument 'cmake_clean_cache' from command line to 'False'
[0.415s] Level 5:colcon.colcon_core.verb:set package 'my_robot_description' build argument 'cmake_clean_first' from command line to 'False'
[0.415s] Level 5:colcon.colcon_core.verb:set package 'my_robot_description' build argument 'cmake_force_configure' from command line to 'False'
[0.415s] Level 5:colcon.colcon_core.verb:set package 'my_robot_description' build argument 'ament_cmake_args' from command line to 'None'
[0.415s] Level 5:colcon.colcon_core.verb:set package 'my_robot_description' build argument 'catkin_cmake_args' from command line to 'None'
[0.416s] Level 5:colcon.colcon_core.verb:set package 'my_robot_description' build argument 'catkin_skip_building_tests' from command line to 'False'
[0.416s] DEBUG:colcon.colcon_core.verb:Building package 'my_robot_description' with the following arguments: {'ament_cmake_args': None, 'build_base': '/workspaces/auto_race/build/my_robot_description', 'catkin_cmake_args': None, 'catkin_skip_building_tests': False, 'cmake_args': None, 'cmake_clean_cache': False, 'cmake_clean_first': False, 'cmake_force_configure': False, 'cmake_target': None, 'cmake_target_skip_unavailable': False, 'install_base': '/workspaces/auto_race/install/my_robot_description', 'merge_install': False, 'path': '/workspaces/auto_race/ros2_ws/src/my_robot_description', 'symlink_install': True, 'test_result_base': None}
[0.416s] Level 5:colcon.colcon_core.verb:set package 'waypoints' build argument 'cmake_args' from command line to 'None'
[0.416s] Level 5:colcon.colcon_core.verb:set package 'waypoints' build argument 'cmake_target' from command line to 'None'
[0.416s] Level 5:colcon.colcon_core.verb:set package 'waypoints' build argument 'cmake_target_skip_unavailable' from command line to 'False'
[0.416s] Level 5:colcon.colcon_core.verb:set package 'waypoints' build argument 'cmake_clean_cache' from command line to 'False'
[0.416s] Level 5:colcon.colcon_core.verb:set package 'waypoints' build argument 'cmake_clean_first' from command line to 'False'
[0.416s] Level 5:colcon.colcon_core.verb:set package 'waypoints' build argument 'cmake_force_configure' from command line to 'False'
[0.416s] Level 5:colcon.colcon_core.verb:set package 'waypoints' build argument 'ament_cmake_args' from command line to 'None'
[0.416s] Level 5:colcon.colcon_core.verb:set package 'waypoints' build argument 'catkin_cmake_args' from command line to 'None'
[0.416s] Level 5:colcon.colcon_core.verb:set package 'waypoints' build argument 'catkin_skip_building_tests' from command line to 'False'
[0.416s] DEBUG:colcon.colcon_core.verb:Building package 'waypoints' with the following arguments: {'ament_cmake_args': None, 'build_base': '/workspaces/auto_race/build/waypoints', 'catkin_cmake_args': None, 'catkin_skip_building_tests': False, 'cmake_args': None, 'cmake_clean_cache': False, 'cmake_clean_first': False, 'cmake_force_configure': False, 'cmake_target': None, 'cmake_target_skip_unavailable': False, 'install_base': '/workspaces/auto_race/install/waypoints', 'merge_install': False, 'path': '/workspaces/auto_race/ros2_ws/src/waypoints', 'symlink_install': True, 'test_result_base': None}
[0.417s] Level 5:colcon.colcon_core.verb:set package 'waypoints_main' build argument 'cmake_args' from command line to 'None'
[0.417s] Level 5:colcon.colcon_core.verb:set package 'waypoints_main' build argument 'cmake_target' from command line to 'None'
[0.417s] Level 5:colcon.colcon_core.verb:set package 'waypoints_main' build argument 'cmake_target_skip_unavailable' from command line to 'False'
[0.417s] Level 5:colcon.colcon_core.verb:set package 'waypoints_main' build argument 'cmake_clean_cache' from command line to 'False'
[0.417s] Level 5:colcon.colcon_core.verb:set package 'waypoints_main' build argument 'cmake_clean_first' from command line to 'False'
[0.417s] Level 5:colcon.colcon_core.verb:set package 'waypoints_main' build argument 'cmake_force_configure' from command line to 'False'
[0.417s] Level 5:colcon.colcon_core.verb:set package 'waypoints_main' build argument 'ament_cmake_args' from command line to 'None'
[0.417s] Level 5:colcon.colcon_core.verb:set package 'waypoints_main' build argument 'catkin_cmake_args' from command line to 'None'
[0.417s] Level 5:colcon.colcon_core.verb:set package 'waypoints_main' build argument 'catkin_skip_building_tests' from command line to 'False'
[0.417s] DEBUG:colcon.colcon_core.verb:Building package 'waypoints_main' with the following arguments: {'ament_cmake_args': None, 'build_base': '/workspaces/auto_race/build/waypoints_main', 'catkin_cmake_args': None, 'catkin_skip_building_tests': False, 'cmake_args': None, 'cmake_clean_cache': False, 'cmake_clean_first': False, 'cmake_force_configure': False, 'cmake_target': None, 'cmake_target_skip_unavailable': False, 'install_base': '/workspaces/auto_race/install/waypoints_main', 'merge_install': False, 'path': '/workspaces/auto_race/ros2_ws/src/waypoints_main', 'symlink_install': True, 'test_result_base': None}
[0.417s] INFO:colcon.colcon_core.executor:Executing jobs using 'parallel' executor
[0.418s] DEBUG:colcon.colcon_parallel_executor.executor.parallel:run_until_complete
[0.419s] INFO:colcon.colcon_ros.task.ament_cmake.build:Building ROS package in '/workspaces/auto_race/ros2_ws/src/my_robot_bringup' with build type 'ament_cmake'
[0.419s] INFO:colcon.colcon_cmake.task.cmake.build:Building CMake package in '/workspaces/auto_race/ros2_ws/src/my_robot_bringup'
[0.421s] INFO:colcon.colcon_core.plugin_system:Skipping extension 'colcon_core.shell.bat': Not used on non-Windows systems
[0.421s] INFO:colcon.colcon_core.shell:Skip shell extension 'powershell' for command environment: Not usable outside of PowerShell
[0.422s] DEBUG:colcon.colcon_core.shell:Skip shell extension 'dsv' for command environment
[0.427s] INFO:colcon.colcon_ros.task.ament_cmake.build:Building ROS package in '/workspaces/auto_race/ros2_ws/src/my_robot_description' with build type 'ament_cmake'
[0.428s] INFO:colcon.colcon_cmake.task.cmake.build:Building CMake package in '/workspaces/auto_race/ros2_ws/src/my_robot_description'
[0.428s] INFO:colcon.colcon_core.shell:Skip shell extension 'powershell' for command environment: Not usable outside of PowerShell
[0.428s] DEBUG:colcon.colcon_core.shell:Skip shell extension 'dsv' for command environment
[0.433s] INFO:colcon.colcon_ros.task.ament_cmake.build:Building ROS package in '/workspaces/auto_race/ros2_ws/src/waypoints' with build type 'ament_cmake'
[0.433s] INFO:colcon.colcon_cmake.task.cmake.build:Building CMake package in '/workspaces/auto_race/ros2_ws/src/waypoints'
[0.434s] INFO:colcon.colcon_core.shell:Skip shell extension 'powershell' for command environment: Not usable outside of PowerShell
[0.434s] DEBUG:colcon.colcon_core.shell:Skip shell extension 'dsv' for command environment
[0.439s] INFO:colcon.colcon_ros.task.ament_python.build:Building ROS package in '/workspaces/auto_race/ros2_ws/src/waypoints_main' with build type 'ament_python'
[0.439s] Level 1:colcon.colcon_core.shell:create_environment_hook('waypoints_main', 'ament_prefix_path')
[0.440s] INFO:colcon.colcon_core.shell:Creating environment hook '/workspaces/auto_race/install/waypoints_main/share/waypoints_main/hook/ament_prefix_path.ps1'
[0.441s] INFO:colcon.colcon_core.shell:Creating environment descriptor '/workspaces/auto_race/install/waypoints_main/share/waypoints_main/hook/ament_prefix_path.dsv'
[0.441s] INFO:colcon.colcon_core.shell:Creating environment hook '/workspaces/auto_race/install/waypoints_main/share/waypoints_main/hook/ament_prefix_path.sh'
[0.442s] INFO:colcon.colcon_core.shell:Skip shell extension 'powershell' for command environment: Not usable outside of PowerShell
[0.442s] DEBUG:colcon.colcon_core.shell:Skip shell extension 'dsv' for command environment
[0.481s] DEBUG:colcon.colcon_core.event_handler.log_command:Invoking command in '/workspaces/auto_race/build/my_robot_bringup': CMAKE_PREFIX_PATH=/opt/ros/humble /usr/bin/cmake --build /workspaces/auto_race/build/my_robot_bringup -- -j8 -l8
[0.515s] DEBUG:colcon.colcon_core.event_handler.log_command:Invoking command in '/workspaces/auto_race/build/my_robot_description': CMAKE_PREFIX_PATH=/opt/ros/humble /usr/bin/cmake --build /workspaces/auto_race/build/my_robot_description -- -j8 -l8
[0.542s] DEBUG:colcon.colcon_core.event_handler.log_command:Invoking command in '/workspaces/auto_race/build/waypoints': CMAKE_PREFIX_PATH=/opt/ros/humble /usr/bin/cmake --build /workspaces/auto_race/build/waypoints -- -j8 -l8
[0.879s] INFO:colcon.colcon_core.task.python.build:Building Python package in '/workspaces/auto_race/ros2_ws/src/waypoints_main'
[0.880s] INFO:colcon.colcon_core.shell:Skip shell extension 'powershell' for command environment: Not usable outside of PowerShell
[0.880s] DEBUG:colcon.colcon_core.shell:Skip shell extension 'dsv' for command environment
[0.885s] DEBUG:colcon.colcon_core.event_handler.log_command:Invoked command in '/workspaces/auto_race/build/my_robot_bringup' returned '0': CMAKE_PREFIX_PATH=/opt/ros/humble /usr/bin/cmake --build /workspaces/auto_race/build/my_robot_bringup -- -j8 -l8
[0.887s] DEBUG:colcon.colcon_core.event_handler.log_command:Invoked command in '/workspaces/auto_race/build/my_robot_description' returned '0': CMAKE_PREFIX_PATH=/opt/ros/humble /usr/bin/cmake --build /workspaces/auto_race/build/my_robot_description -- -j8 -l8
[0.888s] DEBUG:colcon.colcon_core.event_handler.log_command:Invoked command in '/workspaces/auto_race/build/waypoints' returned '0': CMAKE_PREFIX_PATH=/opt/ros/humble /usr/bin/cmake --build /workspaces/auto_race/build/waypoints -- -j8 -l8
[0.916s] DEBUG:colcon.colcon_core.event_handler.log_command:Invoking command in '/workspaces/auto_race/build/my_robot_bringup': CMAKE_PREFIX_PATH=/opt/ros/humble /usr/bin/cmake --install /workspaces/auto_race/build/my_robot_bringup
[0.918s] DEBUG:colcon.colcon_core.event_handler.log_command:Invoking command in '/workspaces/auto_race/build/waypoints': CMAKE_PREFIX_PATH=/opt/ros/humble /usr/bin/cmake --install /workspaces/auto_race/build/waypoints
[0.920s] DEBUG:colcon.colcon_core.event_handler.log_command:Invoking command in '/workspaces/auto_race/build/my_robot_description': CMAKE_PREFIX_PATH=/opt/ros/humble /usr/bin/cmake --install /workspaces/auto_race/build/my_robot_description
[0.965s] Level 1:colcon.colcon_core.environment:create_environment_scripts_only(my_robot_bringup)
[0.969s] Level 1:colcon.colcon_core.environment:checking '/workspaces/auto_race/install/my_robot_bringup' for CMake module files
[0.970s] Level 1:colcon.colcon_core.environment:checking '/workspaces/auto_race/install/my_robot_bringup' for CMake config files
[0.970s] Level 1:colcon.colcon_core.shell:create_environment_hook('my_robot_bringup', 'cmake_prefix_path')
[0.971s] INFO:colcon.colcon_core.shell:Creating environment hook '/workspaces/auto_race/install/my_robot_bringup/share/my_robot_bringup/hook/cmake_prefix_path.ps1'
[0.971s] INFO:colcon.colcon_core.shell:Creating environment descriptor '/workspaces/auto_race/install/my_robot_bringup/share/my_robot_bringup/hook/cmake_prefix_path.dsv'
[0.972s] INFO:colcon.colcon_core.shell:Creating environment hook '/workspaces/auto_race/install/my_robot_bringup/share/my_robot_bringup/hook/cmake_prefix_path.sh'
[0.973s] Level 1:colcon.colcon_core.environment:checking '/workspaces/auto_race/install/my_robot_bringup/bin'
[0.973s] Level 1:colcon.colcon_core.environment:checking '/workspaces/auto_race/install/my_robot_bringup/lib/pkgconfig/my_robot_bringup.pc'
[0.973s] Level 1:colcon.colcon_core.environment:checking '/workspaces/auto_race/install/my_robot_bringup/lib/python3.10/site-packages'
[0.974s] Level 1:colcon.colcon_core.environment:checking '/workspaces/auto_race/install/my_robot_bringup/bin'
[0.974s] INFO:colcon.colcon_core.shell:Creating package script '/workspaces/auto_race/install/my_robot_bringup/share/my_robot_bringup/package.ps1'
[0.977s] DEBUG:colcon.colcon_core.event_handler.log_command:Invoked command in '/workspaces/auto_race/build/my_robot_bringup' returned '0': CMAKE_PREFIX_PATH=/opt/ros/humble /usr/bin/cmake --install /workspaces/auto_race/build/my_robot_bringup
[0.978s] INFO:colcon.colcon_core.shell:Creating package descriptor '/workspaces/auto_race/install/my_robot_bringup/share/my_robot_bringup/package.dsv'
[0.979s] INFO:colcon.colcon_core.shell:Creating package script '/workspaces/auto_race/install/my_robot_bringup/share/my_robot_bringup/package.sh'
[0.981s] INFO:colcon.colcon_core.shell:Creating package script '/workspaces/auto_race/install/my_robot_bringup/share/my_robot_bringup/package.bash'
[0.983s] INFO:colcon.colcon_core.shell:Creating package script '/workspaces/auto_race/install/my_robot_bringup/share/my_robot_bringup/package.zsh'
[0.984s] Level 1:colcon.colcon_core.environment:create_file_with_runtime_dependencies(/workspaces/auto_race/install/my_robot_bringup/share/colcon-core/packages/my_robot_bringup)
[0.986s] Level 1:colcon.colcon_core.environment:create_environment_scripts_only(waypoints)
[0.986s] Level 1:colcon.colcon_core.environment:checking '/workspaces/auto_race/install/waypoints' for CMake module files
[0.987s] DEBUG:colcon.colcon_core.event_handler.log_command:Invoked command in '/workspaces/auto_race/build/waypoints' returned '0': CMAKE_PREFIX_PATH=/opt/ros/humble /usr/bin/cmake --install /workspaces/auto_race/build/waypoints
[0.988s] Level 1:colcon.colcon_core.environment:checking '/workspaces/auto_race/install/waypoints' for CMake config files
[0.988s] Level 1:colcon.colcon_core.shell:create_environment_hook('waypoints', 'cmake_prefix_path')
[0.989s] INFO:colcon.colcon_core.shell:Creating environment hook '/workspaces/auto_race/install/waypoints/share/waypoints/hook/cmake_prefix_path.ps1'
[0.989s] INFO:colcon.colcon_core.shell:Creating environment descriptor '/workspaces/auto_race/install/waypoints/share/waypoints/hook/cmake_prefix_path.dsv'
[0.990s] INFO:colcon.colcon_core.shell:Creating environment hook '/workspaces/auto_race/install/waypoints/share/waypoints/hook/cmake_prefix_path.sh'
[0.990s] Level 1:colcon.colcon_core.environment:checking '/workspaces/auto_race/install/waypoints/bin'
[0.990s] Level 1:colcon.colcon_core.environment:checking '/workspaces/auto_race/install/waypoints/lib/pkgconfig/waypoints.pc'
[0.991s] Level 1:colcon.colcon_core.environment:checking '/workspaces/auto_race/install/waypoints/lib/python3.10/site-packages'
[0.991s] Level 1:colcon.colcon_core.environment:checking '/workspaces/auto_race/install/waypoints/bin'
[0.992s] INFO:colcon.colcon_core.shell:Creating package script '/workspaces/auto_race/install/waypoints/share/waypoints/package.ps1'
[0.992s] INFO:colcon.colcon_core.shell:Creating package descriptor '/workspaces/auto_race/install/waypoints/share/waypoints/package.dsv'
[0.993s] INFO:colcon.colcon_core.shell:Creating package script '/workspaces/auto_race/install/waypoints/share/waypoints/package.sh'
[0.994s] INFO:colcon.colcon_core.shell:Creating package script '/workspaces/auto_race/install/waypoints/share/waypoints/package.bash'
[0.994s] INFO:colcon.colcon_core.shell:Creating package script '/workspaces/auto_race/install/waypoints/share/waypoints/package.zsh'
[0.994s] Level 1:colcon.colcon_core.environment:create_file_with_runtime_dependencies(/workspaces/auto_race/install/waypoints/share/colcon-core/packages/waypoints)
[0.996s] Level 1:colcon.colcon_core.environment:create_environment_scripts_only(my_robot_description)
[0.996s] Level 1:colcon.colcon_core.environment:checking '/workspaces/auto_race/install/my_robot_description' for CMake module files
[0.997s] DEBUG:colcon.colcon_core.event_handler.log_command:Invoked command in '/workspaces/auto_race/build/my_robot_description' returned '0': CMAKE_PREFIX_PATH=/opt/ros/humble /usr/bin/cmake --install /workspaces/auto_race/build/my_robot_description
[0.998s] Level 1:colcon.colcon_core.environment:checking '/workspaces/auto_race/install/my_robot_description' for CMake config files
[0.998s] Level 1:colcon.colcon_core.shell:create_environment_hook('my_robot_description', 'cmake_prefix_path')
[0.999s] INFO:colcon.colcon_core.shell:Creating environment hook '/workspaces/auto_race/install/my_robot_description/share/my_robot_description/hook/cmake_prefix_path.ps1'
[0.999s] INFO:colcon.colcon_core.shell:Creating environment descriptor '/workspaces/auto_race/install/my_robot_description/share/my_robot_description/hook/cmake_prefix_path.dsv'
[1.000s] INFO:colcon.colcon_core.shell:Creating environment hook '/workspaces/auto_race/install/my_robot_description/share/my_robot_description/hook/cmake_prefix_path.sh'
[1.000s] Level 1:colcon.colcon_core.environment:checking '/workspaces/auto_race/install/my_robot_description/bin'
[1.000s] Level 1:colcon.colcon_core.environment:checking '/workspaces/auto_race/install/my_robot_description/lib/pkgconfig/my_robot_description.pc'
[1.001s] Level 1:colcon.colcon_core.environment:checking '/workspaces/auto_race/install/my_robot_description/lib/python3.10/site-packages'
[1.001s] Level 1:colcon.colcon_core.environment:checking '/workspaces/auto_race/install/my_robot_description/bin'
[1.002s] INFO:colcon.colcon_core.shell:Creating package script '/workspaces/auto_race/install/my_robot_description/share/my_robot_description/package.ps1'
[1.002s] INFO:colcon.colcon_core.shell:Creating package descriptor '/workspaces/auto_race/install/my_robot_description/share/my_robot_description/package.dsv'
[1.003s] INFO:colcon.colcon_core.shell:Creating package script '/workspaces/auto_race/install/my_robot_description/share/my_robot_description/package.sh'
[1.003s] INFO:colcon.colcon_core.shell:Creating package script '/workspaces/auto_race/install/my_robot_description/share/my_robot_description/package.bash'
[1.004s] INFO:colcon.colcon_core.shell:Creating package script '/workspaces/auto_race/install/my_robot_description/share/my_robot_description/package.zsh'
[1.004s] Level 1:colcon.colcon_core.environment:create_file_with_runtime_dependencies(/workspaces/auto_race/install/my_robot_description/share/colcon-core/packages/my_robot_description)
[1.009s] Level 1:colcon.colcon_core.environment:create_environment_scripts_only(my_robot_bringup)
[1.010s] Level 1:colcon.colcon_core.environment:checking '/workspaces/auto_race/install/my_robot_bringup' for CMake module files
[1.011s] Level 1:colcon.colcon_core.environment:checking '/workspaces/auto_race/install/my_robot_bringup' for CMake config files
[1.011s] Level 1:colcon.colcon_core.shell:create_environment_hook('my_robot_bringup', 'cmake_prefix_path')
[1.011s] INFO:colcon.colcon_core.shell:Creating environment hook '/workspaces/auto_race/install/my_robot_bringup/share/my_robot_bringup/hook/cmake_prefix_path.ps1'
[1.012s] INFO:colcon.colcon_core.shell:Creating environment descriptor '/workspaces/auto_race/install/my_robot_bringup/share/my_robot_bringup/hook/cmake_prefix_path.dsv'
[1.012s] INFO:colcon.colcon_core.shell:Creating environment hook '/workspaces/auto_race/install/my_robot_bringup/share/my_robot_bringup/hook/cmake_prefix_path.sh'
[1.013s] Level 1:colcon.colcon_core.environment:checking '/workspaces/auto_race/install/my_robot_bringup/bin'
[1.013s] Level 1:colcon.colcon_core.environment:checking '/workspaces/auto_race/install/my_robot_bringup/lib/pkgconfig/my_robot_bringup.pc'
[1.014s] Level 1:colcon.colcon_core.environment:checking '/workspaces/auto_race/install/my_robot_bringup/lib/python3.10/site-packages'
[1.014s] Level 1:colcon.colcon_core.environment:checking '/workspaces/auto_race/install/my_robot_bringup/bin'
[1.014s] INFO:colcon.colcon_core.shell:Creating package script '/workspaces/auto_race/install/my_robot_bringup/share/my_robot_bringup/package.ps1'
[1.015s] INFO:colcon.colcon_core.shell:Creating package descriptor '/workspaces/auto_race/install/my_robot_bringup/share/my_robot_bringup/package.dsv'
[1.016s] INFO:colcon.colcon_core.shell:Creating package script '/workspaces/auto_race/install/my_robot_bringup/share/my_robot_bringup/package.sh'
[1.016s] INFO:colcon.colcon_core.shell:Creating package script '/workspaces/auto_race/install/my_robot_bringup/share/my_robot_bringup/package.bash'
[1.017s] INFO:colcon.colcon_core.shell:Creating package script '/workspaces/auto_race/install/my_robot_bringup/share/my_robot_bringup/package.zsh'
[1.018s] Level 1:colcon.colcon_core.environment:create_file_with_runtime_dependencies(/workspaces/auto_race/install/my_robot_bringup/share/colcon-core/packages/my_robot_bringup)
[1.019s] Level 1:colcon.colcon_core.environment:create_environment_scripts_only(waypoints)
[1.020s] Level 1:colcon.colcon_core.environment:checking '/workspaces/auto_race/install/waypoints' for CMake module files
[1.021s] Level 1:colcon.colcon_core.environment:checking '/workspaces/auto_race/install/waypoints' for CMake config files
[1.021s] Level 1:colcon.colcon_core.shell:create_environment_hook('waypoints', 'cmake_prefix_path')
[1.022s] INFO:colcon.colcon_core.shell:Creating environment hook '/workspaces/auto_race/install/waypoints/share/waypoints/hook/cmake_prefix_path.ps1'
[1.022s] INFO:colcon.colcon_core.shell:Creating environment descriptor '/workspaces/auto_race/install/waypoints/share/waypoints/hook/cmake_prefix_path.dsv'
[1.022s] INFO:colcon.colcon_core.shell:Creating environment hook '/workspaces/auto_race/install/waypoints/share/waypoints/hook/cmake_prefix_path.sh'
[1.023s] Level 1:colcon.colcon_core.environment:checking '/workspaces/auto_race/install/waypoints/bin'
[1.023s] Level 1:colcon.colcon_core.environment:checking '/workspaces/auto_race/install/waypoints/lib/pkgconfig/waypoints.pc'
[1.024s] Level 1:colcon.colcon_core.environment:checking '/workspaces/auto_race/install/waypoints/lib/python3.10/site-packages'
[1.024s] Level 1:colcon.colcon_core.environment:checking '/workspaces/auto_race/install/waypoints/bin'
[1.025s] INFO:colcon.colcon_core.shell:Creating package script '/workspaces/auto_race/install/waypoints/share/waypoints/package.ps1'
[1.025s] INFO:colcon.colcon_core.shell:Creating package descriptor '/workspaces/auto_race/install/waypoints/share/waypoints/package.dsv'
[1.026s] INFO:colcon.colcon_core.shell:Creating package script '/workspaces/auto_race/install/waypoints/share/waypoints/package.sh'
[1.027s] INFO:colcon.colcon_core.shell:Creating package script '/workspaces/auto_race/install/waypoints/share/waypoints/package.bash'
[1.027s] INFO:colcon.colcon_core.shell:Creating package script '/workspaces/auto_race/install/waypoints/share/waypoints/package.zsh'
[1.028s] Level 1:colcon.colcon_core.environment:create_file_with_runtime_dependencies(/workspaces/auto_race/install/waypoints/share/colcon-core/packages/waypoints)
[1.029s] Level 1:colcon.colcon_core.environment:create_environment_scripts_only(my_robot_description)
[1.029s] Level 1:colcon.colcon_core.environment:checking '/workspaces/auto_race/install/my_robot_description' for CMake module files
[1.031s] Level 1:colcon.colcon_core.environment:checking '/workspaces/auto_race/install/my_robot_description' for CMake config files
[1.031s] Level 1:colcon.colcon_core.shell:create_environment_hook('my_robot_description', 'cmake_prefix_path')
[1.032s] INFO:colcon.colcon_core.shell:Creating environment hook '/workspaces/auto_race/install/my_robot_description/share/my_robot_description/hook/cmake_prefix_path.ps1'
[1.032s] INFO:colcon.colcon_core.shell:Creating environment descriptor '/workspaces/auto_race/install/my_robot_description/share/my_robot_description/hook/cmake_prefix_path.dsv'
[1.033s] INFO:colcon.colcon_core.shell:Creating environment hook '/workspaces/auto_race/install/my_robot_description/share/my_robot_description/hook/cmake_prefix_path.sh'
[1.033s] Level 1:colcon.colcon_core.environment:checking '/workspaces/auto_race/install/my_robot_description/bin'
[1.033s] Level 1:colcon.colcon_core.environment:checking '/workspaces/auto_race/install/my_robot_description/lib/pkgconfig/my_robot_description.pc'
[1.034s] Level 1:colcon.colcon_core.environment:checking '/workspaces/auto_race/install/my_robot_description/lib/python3.10/site-packages'
[1.034s] Level 1:colcon.colcon_core.environment:checking '/workspaces/auto_race/install/my_robot_description/bin'
[1.035s] INFO:colcon.colcon_core.shell:Creating package script '/workspaces/auto_race/install/my_robot_description/share/my_robot_description/package.ps1'
[1.036s] INFO:colcon.colcon_core.shell:Creating package descriptor '/workspaces/auto_race/install/my_robot_description/share/my_robot_description/package.dsv'
[1.037s] INFO:colcon.colcon_core.shell:Creating package script '/workspaces/auto_race/install/my_robot_description/share/my_robot_description/package.sh'
[1.037s] INFO:colcon.colcon_core.shell:Creating package script '/workspaces/auto_race/install/my_robot_description/share/my_robot_description/package.bash'
[1.038s] INFO:colcon.colcon_core.shell:Creating package script '/workspaces/auto_race/install/my_robot_description/share/my_robot_description/package.zsh'
[1.038s] Level 1:colcon.colcon_core.environment:create_file_with_runtime_dependencies(/workspaces/auto_race/install/my_robot_description/share/colcon-core/packages/my_robot_description)
[1.378s] DEBUG:colcon.colcon_core.event_handler.log_command:Invoking command in '/workspaces/auto_race/build/waypoints_main': PYTHONPATH=/workspaces/auto_race/build/waypoints_main/prefix_override:/workspaces/auto_race/install/waypoints_main/lib/python3.10/site-packages:${PYTHONPATH} /usr/bin/python3 -W ignore:setup.py install is deprecated setup.py develop --editable --build-directory /workspaces/auto_race/build/waypoints_main/build --no-deps symlink_data
[1.984s] Level 1:colcon.colcon_core.shell:create_environment_hook('waypoints_main', 'pythonpath_develop')
[1.984s] INFO:colcon.colcon_core.shell:Creating environment hook '/workspaces/auto_race/build/waypoints_main/share/waypoints_main/hook/pythonpath_develop.ps1'
[1.985s] DEBUG:colcon.colcon_core.event_handler.log_command:Invoked command in '/workspaces/auto_race/build/waypoints_main' returned '0': PYTHONPATH=/workspaces/auto_race/build/waypoints_main/prefix_override:/workspaces/auto_race/install/waypoints_main/lib/python3.10/site-packages:${PYTHONPATH} /usr/bin/python3 -W ignore:setup.py install is deprecated setup.py develop --editable --build-directory /workspaces/auto_race/build/waypoints_main/build --no-deps symlink_data
[1.985s] INFO:colcon.colcon_core.shell:Creating environment descriptor '/workspaces/auto_race/build/waypoints_main/share/waypoints_main/hook/pythonpath_develop.dsv'
[1.985s] INFO:colcon.colcon_core.shell:Creating environment hook '/workspaces/auto_race/build/waypoints_main/share/waypoints_main/hook/pythonpath_develop.sh'
[1.986s] Level 1:colcon.colcon_core.environment:checking '/workspaces/auto_race/install/waypoints_main' for CMake module files
[1.986s] Level 1:colcon.colcon_core.environment:checking '/workspaces/auto_race/install/waypoints_main' for CMake config files
[1.987s] Level 1:colcon.colcon_core.environment:checking '/workspaces/auto_race/install/waypoints_main/lib'
[1.987s] Level 1:colcon.colcon_core.environment:checking '/workspaces/auto_race/install/waypoints_main/bin'
[1.987s] Level 1:colcon.colcon_core.environment:checking '/workspaces/auto_race/install/waypoints_main/lib/pkgconfig/waypoints_main.pc'
[1.987s] Level 1:colcon.colcon_core.environment:checking '/workspaces/auto_race/install/waypoints_main/lib/python3.10/site-packages'
[1.987s] Level 1:colcon.colcon_core.shell:create_environment_hook('waypoints_main', 'pythonpath')
[1.988s] INFO:colcon.colcon_core.shell:Creating environment hook '/workspaces/auto_race/install/waypoints_main/share/waypoints_main/hook/pythonpath.ps1'
[1.988s] INFO:colcon.colcon_core.shell:Creating environment descriptor '/workspaces/auto_race/install/waypoints_main/share/waypoints_main/hook/pythonpath.dsv'
[1.988s] INFO:colcon.colcon_core.shell:Creating environment hook '/workspaces/auto_race/install/waypoints_main/share/waypoints_main/hook/pythonpath.sh'
[1.989s] Level 1:colcon.colcon_core.environment:checking '/workspaces/auto_race/install/waypoints_main/bin'
[1.989s] Level 1:colcon.colcon_core.environment:create_environment_scripts_only(waypoints_main)
[1.989s] INFO:colcon.colcon_core.shell:Creating package script '/workspaces/auto_race/install/waypoints_main/share/waypoints_main/package.ps1'
[1.990s] INFO:colcon.colcon_core.shell:Creating package descriptor '/workspaces/auto_race/install/waypoints_main/share/waypoints_main/package.dsv'
[1.990s] INFO:colcon.colcon_core.shell:Creating package script '/workspaces/auto_race/install/waypoints_main/share/waypoints_main/package.sh'
[1.991s] INFO:colcon.colcon_core.shell:Creating package script '/workspaces/auto_race/install/waypoints_main/share/waypoints_main/package.bash'
[1.991s] INFO:colcon.colcon_core.shell:Creating package script '/workspaces/auto_race/install/waypoints_main/share/waypoints_main/package.zsh'
[1.991s] Level 1:colcon.colcon_core.environment:create_file_with_runtime_dependencies(/workspaces/auto_race/install/waypoints_main/share/colcon-core/packages/waypoints_main)
[1.991s] DEBUG:colcon.colcon_parallel_executor.executor.parallel:closing loop
[1.992s] DEBUG:colcon.colcon_parallel_executor.executor.parallel:loop closed
[1.992s] DEBUG:colcon.colcon_parallel_executor.executor.parallel:run_until_complete finished with '0'
[1.992s] DEBUG:colcon.colcon_core.event_reactor:joining thread
[1.998s] INFO:colcon.colcon_core.plugin_system:Skipping extension 'colcon_notification.desktop_notification.notify_send': Could not find 'notify-send'
[1.998s] INFO:colcon.colcon_core.plugin_system:Skipping extension 'colcon_notification.desktop_notification.terminal_notifier': Not used on non-Darwin systems
[1.998s] INFO:colcon.colcon_core.plugin_system:Skipping extension 'colcon_notification.desktop_notification.win32': Not used on non-Windows systems
[1.998s] INFO:colcon.colcon_notification.desktop_notification:Sending desktop notification using 'notify2'
[2.001s] DEBUG:colcon.colcon_notification.desktop_notification.notify2:Failed to initialize notify2: org.freedesktop.DBus.Error.Spawn.ExecFailed: /usr/bin/dbus-launch terminated abnormally without any error message
[2.001s] DEBUG:colcon.colcon_core.event_reactor:joined thread
[2.002s] INFO:colcon.colcon_core.shell:Creating prefix script '/workspaces/auto_race/install/local_setup.ps1'
[2.004s] INFO:colcon.colcon_core.shell:Creating prefix util module '/workspaces/auto_race/install/_local_setup_util_ps1.py'
[2.006s] INFO:colcon.colcon_core.shell:Creating prefix chain script '/workspaces/auto_race/install/setup.ps1'
[2.007s] INFO:colcon.colcon_core.shell:Creating prefix script '/workspaces/auto_race/install/local_setup.sh'
[2.008s] INFO:colcon.colcon_core.shell:Creating prefix util module '/workspaces/auto_race/install/_local_setup_util_sh.py'
[2.008s] INFO:colcon.colcon_core.shell:Creating prefix chain script '/workspaces/auto_race/install/setup.sh'
[2.010s] INFO:colcon.colcon_core.shell:Creating prefix script '/workspaces/auto_race/install/local_setup.bash'
[2.010s] INFO:colcon.colcon_core.shell:Creating prefix chain script '/workspaces/auto_race/install/setup.bash'
[2.011s] INFO:colcon.colcon_core.shell:Creating prefix script '/workspaces/auto_race/install/local_setup.zsh'
[2.012s] INFO:colcon.colcon_core.shell:Creating prefix chain script '/workspaces/auto_race/install/setup.zsh'
