[0.181s] DEBUG:colcon:Command line arguments: ['/usr/bin/colcon', 'build', '--symlink-install']
[0.182s] DEBUG:colcon:Parsed command line arguments: Namespace(log_base=None, log_level=None, verb_name='build', build_base='build', install_base='install', merge_install=False, symlink_install=True, test_result_base=None, continue_on_error=False, executor='parallel', parallel_workers=8, event_handlers=None, ignore_user_meta=False, metas=['./colcon.meta'], base_paths=['.'], packages_ignore=None, packages_ignore_regex=None, paths=None, packages_up_to=None, packages_up_to_regex=None, packages_above=None, packages_above_and_dependencies=None, packages_above_depth=None, packages_select_by_dep=None, packages_skip_by_dep=None, packages_skip_up_to=None, packages_select_build_failed=False, packages_skip_build_finished=False, packages_select_test_failures=False, packages_skip_test_passed=False, packages_select=None, packages_skip=None, packages_select_regex=None, packages_skip_regex=None, packages_start=None, packages_end=None, cmake_args=None, cmake_target=None, cmake_target_skip_unavailable=False, cmake_clean_cache=False, cmake_clean_first=False, cmake_force_configure=False, ament_cmake_args=None, catkin_cmake_args=None, catkin_skip_building_tests=False, mixin_files=None, mixin=None, verb_parser=<colcon_mixin.mixin.mixin_argument.MixinArgumentDecorator object at 0x7ff5b217cac0>, verb_extension=<colcon_core.verb.build.BuildVerb object at 0x7ff5b217c130>, main=<bound method BuildVerb.main of <colcon_core.verb.build.BuildVerb object at 0x7ff5b217c130>>, mixin_verb=('build',))
[9.639s] Level 1:colcon.colcon_core.package_discovery:discover_packages(colcon_meta) check parameters
[9.640s] Level 1:colcon.colcon_core.package_discovery:discover_packages(recursive) check parameters
[9.640s] Level 1:colcon.colcon_core.package_discovery:discover_packages(ignore) check parameters
[9.640s] Level 1:colcon.colcon_core.package_discovery:discover_packages(path) check parameters
[9.641s] Level 1:colcon.colcon_core.package_discovery:discover_packages(colcon_meta) discover
[9.641s] Level 1:colcon.colcon_core.package_discovery:discover_packages(recursive) discover
[9.641s] INFO:colcon.colcon_core.package_discovery:Crawling recursively for packages in '/workspaces/auto_race/ros2_ws'
[9.642s] Level 1:colcon.colcon_core.package_identification:_identify(.) by extensions ['ignore', 'ignore_ament_install']
[9.642s] Level 1:colcon.colcon_core.package_identification:_identify(.) by extension 'ignore'
[9.643s] Level 1:colcon.colcon_core.package_identification:_identify(.) by extension 'ignore_ament_install'
[9.643s] Level 1:colcon.colcon_core.package_identification:_identify(.) by extensions ['colcon_pkg']
[9.644s] Level 1:colcon.colcon_core.package_identification:_identify(.) by extension 'colcon_pkg'
[9.644s] Level 1:colcon.colcon_core.package_identification:_identify(.) by extensions ['colcon_meta']
[9.644s] Level 1:colcon.colcon_core.package_identification:_identify(.) by extension 'colcon_meta'
[9.644s] Level 1:colcon.colcon_core.package_identification:_identify(.) by extensions ['ros']
[9.645s] Level 1:colcon.colcon_core.package_identification:_identify(.) by extension 'ros'
[9.877s] Level 1:colcon.colcon_core.package_identification:_identify(.) by extensions ['cmake', 'python']
[9.877s] Level 1:colcon.colcon_core.package_identification:_identify(.) by extension 'cmake'
[9.877s] Level 1:colcon.colcon_core.package_identification:_identify(.) by extension 'python'
[9.877s] Level 1:colcon.colcon_core.package_identification:_identify(.) by extensions ['python_setup_py']
[9.877s] Level 1:colcon.colcon_core.package_identification:_identify(.) by extension 'python_setup_py'
[9.878s] Level 1:colcon.colcon_core.package_identification:_identify(build) by extensions ['ignore', 'ignore_ament_install']
[9.878s] Level 1:colcon.colcon_core.package_identification:_identify(build) by extension 'ignore'
[9.878s] Level 1:colcon.colcon_core.package_identification:_identify(build) ignored
[9.878s] Level 1:colcon.colcon_core.package_identification:_identify(install) by extensions ['ignore', 'ignore_ament_install']
[9.879s] Level 1:colcon.colcon_core.package_identification:_identify(install) by extension 'ignore'
[9.879s] Level 1:colcon.colcon_core.package_identification:_identify(install) ignored
[9.879s] Level 1:colcon.colcon_core.package_identification:_identify(log) by extensions ['ignore', 'ignore_ament_install']
[9.879s] Level 1:colcon.colcon_core.package_identification:_identify(log) by extension 'ignore'
[9.879s] Level 1:colcon.colcon_core.package_identification:_identify(log) ignored
[9.879s] Level 1:colcon.colcon_core.package_identification:_identify(src) by extensions ['ignore', 'ignore_ament_install']
[9.880s] Level 1:colcon.colcon_core.package_identification:_identify(src) by extension 'ignore'
[9.880s] Level 1:colcon.colcon_core.package_identification:_identify(src) by extension 'ignore_ament_install'
[9.880s] Level 1:colcon.colcon_core.package_identification:_identify(src) by extensions ['colcon_pkg']
[9.880s] Level 1:colcon.colcon_core.package_identification:_identify(src) by extension 'colcon_pkg'
[9.880s] Level 1:colcon.colcon_core.package_identification:_identify(src) by extensions ['colcon_meta']
[9.880s] Level 1:colcon.colcon_core.package_identification:_identify(src) by extension 'colcon_meta'
[9.880s] Level 1:colcon.colcon_core.package_identification:_identify(src) by extensions ['ros']
[9.880s] Level 1:colcon.colcon_core.package_identification:_identify(src) by extension 'ros'
[9.881s] Level 1:colcon.colcon_core.package_identification:_identify(src) by extensions ['cmake', 'python']
[9.881s] Level 1:colcon.colcon_core.package_identification:_identify(src) by extension 'cmake'
[9.881s] Level 1:colcon.colcon_core.package_identification:_identify(src) by extension 'python'
[9.881s] Level 1:colcon.colcon_core.package_identification:_identify(src) by extensions ['python_setup_py']
[9.881s] Level 1:colcon.colcon_core.package_identification:_identify(src) by extension 'python_setup_py'
[9.881s] Level 1:colcon.colcon_core.package_identification:_identify(src/my_robot_bringup) by extensions ['ignore', 'ignore_ament_install']
[9.881s] Level 1:colcon.colcon_core.package_identification:_identify(src/my_robot_bringup) by extension 'ignore'
[9.882s] Level 1:colcon.colcon_core.package_identification:_identify(src/my_robot_bringup) by extension 'ignore_ament_install'
[9.882s] Level 1:colcon.colcon_core.package_identification:_identify(src/my_robot_bringup) by extensions ['colcon_pkg']
[9.882s] Level 1:colcon.colcon_core.package_identification:_identify(src/my_robot_bringup) by extension 'colcon_pkg'
[9.882s] Level 1:colcon.colcon_core.package_identification:_identify(src/my_robot_bringup) by extensions ['colcon_meta']
[9.882s] Level 1:colcon.colcon_core.package_identification:_identify(src/my_robot_bringup) by extension 'colcon_meta'
[9.882s] Level 1:colcon.colcon_core.package_identification:_identify(src/my_robot_bringup) by extensions ['ros']
[9.882s] Level 1:colcon.colcon_core.package_identification:_identify(src/my_robot_bringup) by extension 'ros'
[9.889s] DEBUG:colcon.colcon_core.package_identification:Package 'src/my_robot_bringup' with type 'ros.ament_cmake' and name 'my_robot_bringup'
[9.890s] Level 1:colcon.colcon_core.package_identification:_identify(src/my_robot_description) by extensions ['ignore', 'ignore_ament_install']
[9.890s] Level 1:colcon.colcon_core.package_identification:_identify(src/my_robot_description) by extension 'ignore'
[9.890s] Level 1:colcon.colcon_core.package_identification:_identify(src/my_robot_description) by extension 'ignore_ament_install'
[9.890s] Level 1:colcon.colcon_core.package_identification:_identify(src/my_robot_description) by extensions ['colcon_pkg']
[9.890s] Level 1:colcon.colcon_core.package_identification:_identify(src/my_robot_description) by extension 'colcon_pkg'
[9.890s] Level 1:colcon.colcon_core.package_identification:_identify(src/my_robot_description) by extensions ['colcon_meta']
[9.890s] Level 1:colcon.colcon_core.package_identification:_identify(src/my_robot_description) by extension 'colcon_meta'
[9.890s] Level 1:colcon.colcon_core.package_identification:_identify(src/my_robot_description) by extensions ['ros']
[9.890s] Level 1:colcon.colcon_core.package_identification:_identify(src/my_robot_description) by extension 'ros'
[9.891s] DEBUG:colcon.colcon_core.package_identification:Package 'src/my_robot_description' with type 'ros.ament_cmake' and name 'my_robot_description'
[9.891s] Level 1:colcon.colcon_core.package_discovery:discover_packages(recursive) using defaults
[9.891s] Level 1:colcon.colcon_core.package_discovery:discover_packages(ignore) discover
[9.891s] Level 1:colcon.colcon_core.package_discovery:discover_packages(ignore) using defaults
[9.891s] Level 1:colcon.colcon_core.package_discovery:discover_packages(path) discover
[9.891s] Level 1:colcon.colcon_core.package_discovery:discover_packages(path) using defaults
[10.957s] Level 5:colcon.colcon_core.verb:set package 'my_robot_bringup' build argument 'cmake_args' from command line to 'None'
[10.957s] Level 5:colcon.colcon_core.verb:set package 'my_robot_bringup' build argument 'cmake_target' from command line to 'None'
[10.957s] Level 5:colcon.colcon_core.verb:set package 'my_robot_bringup' build argument 'cmake_target_skip_unavailable' from command line to 'False'
[10.957s] Level 5:colcon.colcon_core.verb:set package 'my_robot_bringup' build argument 'cmake_clean_cache' from command line to 'False'
[10.957s] Level 5:colcon.colcon_core.verb:set package 'my_robot_bringup' build argument 'cmake_clean_first' from command line to 'False'
[10.957s] Level 5:colcon.colcon_core.verb:set package 'my_robot_bringup' build argument 'cmake_force_configure' from command line to 'False'
[10.957s] Level 5:colcon.colcon_core.verb:set package 'my_robot_bringup' build argument 'ament_cmake_args' from command line to 'None'
[10.958s] Level 5:colcon.colcon_core.verb:set package 'my_robot_bringup' build argument 'catkin_cmake_args' from command line to 'None'
[10.958s] Level 5:colcon.colcon_core.verb:set package 'my_robot_bringup' build argument 'catkin_skip_building_tests' from command line to 'False'
[10.958s] DEBUG:colcon.colcon_core.verb:Building package 'my_robot_bringup' with the following arguments: {'ament_cmake_args': None, 'build_base': '/workspaces/auto_race/ros2_ws/build/my_robot_bringup', 'catkin_cmake_args': None, 'catkin_skip_building_tests': False, 'cmake_args': None, 'cmake_clean_cache': False, 'cmake_clean_first': False, 'cmake_force_configure': False, 'cmake_target': None, 'cmake_target_skip_unavailable': False, 'install_base': '/workspaces/auto_race/ros2_ws/install/my_robot_bringup', 'merge_install': False, 'path': '/workspaces/auto_race/ros2_ws/src/my_robot_bringup', 'symlink_install': True, 'test_result_base': None}
[10.959s] Level 5:colcon.colcon_core.verb:set package 'my_robot_description' build argument 'cmake_args' from command line to 'None'
[10.959s] Level 5:colcon.colcon_core.verb:set package 'my_robot_description' build argument 'cmake_target' from command line to 'None'
[10.959s] Level 5:colcon.colcon_core.verb:set package 'my_robot_description' build argument 'cmake_target_skip_unavailable' from command line to 'False'
[10.959s] Level 5:colcon.colcon_core.verb:set package 'my_robot_description' build argument 'cmake_clean_cache' from command line to 'False'
[10.959s] Level 5:colcon.colcon_core.verb:set package 'my_robot_description' build argument 'cmake_clean_first' from command line to 'False'
[10.959s] Level 5:colcon.colcon_core.verb:set package 'my_robot_description' build argument 'cmake_force_configure' from command line to 'False'
[10.959s] Level 5:colcon.colcon_core.verb:set package 'my_robot_description' build argument 'ament_cmake_args' from command line to 'None'
[10.959s] Level 5:colcon.colcon_core.verb:set package 'my_robot_description' build argument 'catkin_cmake_args' from command line to 'None'
[10.959s] Level 5:colcon.colcon_core.verb:set package 'my_robot_description' build argument 'catkin_skip_building_tests' from command line to 'False'
[10.959s] DEBUG:colcon.colcon_core.verb:Building package 'my_robot_description' with the following arguments: {'ament_cmake_args': None, 'build_base': '/workspaces/auto_race/ros2_ws/build/my_robot_description', 'catkin_cmake_args': None, 'catkin_skip_building_tests': False, 'cmake_args': None, 'cmake_clean_cache': False, 'cmake_clean_first': False, 'cmake_force_configure': False, 'cmake_target': None, 'cmake_target_skip_unavailable': False, 'install_base': '/workspaces/auto_race/ros2_ws/install/my_robot_description', 'merge_install': False, 'path': '/workspaces/auto_race/ros2_ws/src/my_robot_description', 'symlink_install': True, 'test_result_base': None}
[10.960s] INFO:colcon.colcon_core.executor:Executing jobs using 'parallel' executor
[10.961s] DEBUG:colcon.colcon_parallel_executor.executor.parallel:run_until_complete
[10.962s] INFO:colcon.colcon_ros.task.ament_cmake.build:Building ROS package in '/workspaces/auto_race/ros2_ws/src/my_robot_bringup' with build type 'ament_cmake'
[10.962s] INFO:colcon.colcon_cmake.task.cmake.build:Building CMake package in '/workspaces/auto_race/ros2_ws/src/my_robot_bringup'
[11.146s] INFO:colcon.colcon_core.plugin_system:Skipping extension 'colcon_core.shell.bat': Not used on non-Windows systems
[11.147s] INFO:colcon.colcon_core.shell:Skip shell extension 'powershell' for command environment: Not usable outside of PowerShell
[11.148s] DEBUG:colcon.colcon_core.shell:Skip shell extension 'dsv' for command environment
[11.395s] INFO:colcon.colcon_ros.task.ament_cmake.build:Building ROS package in '/workspaces/auto_race/ros2_ws/src/my_robot_description' with build type 'ament_cmake'
[11.395s] INFO:colcon.colcon_cmake.task.cmake.build:Building CMake package in '/workspaces/auto_race/ros2_ws/src/my_robot_description'
[11.396s] INFO:colcon.colcon_core.shell:Skip shell extension 'powershell' for command environment: Not usable outside of PowerShell
[11.396s] DEBUG:colcon.colcon_core.shell:Skip shell extension 'dsv' for command environment
[11.439s] DEBUG:colcon.colcon_core.event_handler.log_command:Invoking command in '/workspaces/auto_race/ros2_ws/build/my_robot_bringup': CMAKE_PREFIX_PATH=${CMAKE_PREFIX_PATH}:/opt/ros/humble /usr/bin/cmake --build /workspaces/auto_race/ros2_ws/build/my_robot_bringup -- -j8 -l8
[11.742s] DEBUG:colcon.colcon_core.event_handler.log_command:Invoking command in '/workspaces/auto_race/ros2_ws/build/my_robot_description': CMAKE_PREFIX_PATH=${CMAKE_PREFIX_PATH}:/opt/ros/humble /usr/bin/cmake --build /workspaces/auto_race/ros2_ws/build/my_robot_description -- -j8 -l8
[12.628s] DEBUG:colcon.colcon_core.event_handler.log_command:Invoked command in '/workspaces/auto_race/ros2_ws/build/my_robot_description' returned '0': CMAKE_PREFIX_PATH=${CMAKE_PREFIX_PATH}:/opt/ros/humble /usr/bin/cmake --build /workspaces/auto_race/ros2_ws/build/my_robot_description -- -j8 -l8
[12.641s] DEBUG:colcon.colcon_core.event_handler.log_command:Invoking command in '/workspaces/auto_race/ros2_ws/build/my_robot_description': CMAKE_PREFIX_PATH=${CMAKE_PREFIX_PATH}:/opt/ros/humble /usr/bin/cmake --install /workspaces/auto_race/ros2_ws/build/my_robot_description
[12.948s] Level 1:colcon.colcon_core.environment:create_environment_scripts_only(my_robot_description)
[12.950s] DEBUG:colcon.colcon_core.event_handler.log_command:Invoked command in '/workspaces/auto_race/ros2_ws/build/my_robot_description' returned '0': CMAKE_PREFIX_PATH=${CMAKE_PREFIX_PATH}:/opt/ros/humble /usr/bin/cmake --install /workspaces/auto_race/ros2_ws/build/my_robot_description
[13.177s] Level 1:colcon.colcon_core.environment:checking '/workspaces/auto_race/ros2_ws/install/my_robot_description' for CMake module files
[13.180s] Level 1:colcon.colcon_core.environment:checking '/workspaces/auto_race/ros2_ws/install/my_robot_description' for CMake config files
[13.181s] Level 1:colcon.colcon_core.shell:create_environment_hook('my_robot_description', 'cmake_prefix_path')
[13.183s] INFO:colcon.colcon_core.shell:Creating environment hook '/workspaces/auto_race/ros2_ws/install/my_robot_description/share/my_robot_description/hook/cmake_prefix_path.ps1'
[13.263s] INFO:colcon.colcon_core.shell:Creating environment descriptor '/workspaces/auto_race/ros2_ws/install/my_robot_description/share/my_robot_description/hook/cmake_prefix_path.dsv'
[13.303s] INFO:colcon.colcon_core.shell:Creating environment hook '/workspaces/auto_race/ros2_ws/install/my_robot_description/share/my_robot_description/hook/cmake_prefix_path.sh'
[13.314s] Level 1:colcon.colcon_core.environment:checking '/workspaces/auto_race/ros2_ws/install/my_robot_description/bin'
[13.315s] Level 1:colcon.colcon_core.environment:checking '/workspaces/auto_race/ros2_ws/install/my_robot_description/lib/pkgconfig/my_robot_description.pc'
[13.354s] Level 1:colcon.colcon_core.environment:checking '/workspaces/auto_race/ros2_ws/install/my_robot_description/lib/python3.10/site-packages'
[13.355s] Level 1:colcon.colcon_core.environment:checking '/workspaces/auto_race/ros2_ws/install/my_robot_description/bin'
[13.356s] INFO:colcon.colcon_core.shell:Creating package script '/workspaces/auto_race/ros2_ws/install/my_robot_description/share/my_robot_description/package.ps1'
[13.558s] INFO:colcon.colcon_core.shell:Creating package descriptor '/workspaces/auto_race/ros2_ws/install/my_robot_description/share/my_robot_description/package.dsv'
[13.592s] INFO:colcon.colcon_core.shell:Creating package script '/workspaces/auto_race/ros2_ws/install/my_robot_description/share/my_robot_description/package.sh'
[13.603s] INFO:colcon.colcon_core.shell:Creating package script '/workspaces/auto_race/ros2_ws/install/my_robot_description/share/my_robot_description/package.bash'
[13.635s] INFO:colcon.colcon_core.shell:Creating package script '/workspaces/auto_race/ros2_ws/install/my_robot_description/share/my_robot_description/package.zsh'
[13.659s] Level 1:colcon.colcon_core.environment:create_file_with_runtime_dependencies(/workspaces/auto_race/ros2_ws/install/my_robot_description/share/colcon-core/packages/my_robot_description)
[13.683s] Level 1:colcon.colcon_core.environment:create_environment_scripts_only(my_robot_description)
[13.683s] Level 1:colcon.colcon_core.environment:checking '/workspaces/auto_race/ros2_ws/install/my_robot_description' for CMake module files
[13.684s] Level 1:colcon.colcon_core.environment:checking '/workspaces/auto_race/ros2_ws/install/my_robot_description' for CMake config files
[13.684s] Level 1:colcon.colcon_core.shell:create_environment_hook('my_robot_description', 'cmake_prefix_path')
[13.685s] INFO:colcon.colcon_core.shell:Creating environment hook '/workspaces/auto_race/ros2_ws/install/my_robot_description/share/my_robot_description/hook/cmake_prefix_path.ps1'
[13.685s] INFO:colcon.colcon_core.shell:Creating environment descriptor '/workspaces/auto_race/ros2_ws/install/my_robot_description/share/my_robot_description/hook/cmake_prefix_path.dsv'
[13.686s] INFO:colcon.colcon_core.shell:Creating environment hook '/workspaces/auto_race/ros2_ws/install/my_robot_description/share/my_robot_description/hook/cmake_prefix_path.sh'
[13.686s] Level 1:colcon.colcon_core.environment:checking '/workspaces/auto_race/ros2_ws/install/my_robot_description/bin'
[13.686s] Level 1:colcon.colcon_core.environment:checking '/workspaces/auto_race/ros2_ws/install/my_robot_description/lib/pkgconfig/my_robot_description.pc'
[13.687s] Level 1:colcon.colcon_core.environment:checking '/workspaces/auto_race/ros2_ws/install/my_robot_description/lib/python3.10/site-packages'
[13.687s] Level 1:colcon.colcon_core.environment:checking '/workspaces/auto_race/ros2_ws/install/my_robot_description/bin'
[13.688s] INFO:colcon.colcon_core.shell:Creating package script '/workspaces/auto_race/ros2_ws/install/my_robot_description/share/my_robot_description/package.ps1'
[13.688s] INFO:colcon.colcon_core.shell:Creating package descriptor '/workspaces/auto_race/ros2_ws/install/my_robot_description/share/my_robot_description/package.dsv'
[13.689s] INFO:colcon.colcon_core.shell:Creating package script '/workspaces/auto_race/ros2_ws/install/my_robot_description/share/my_robot_description/package.sh'
[13.689s] INFO:colcon.colcon_core.shell:Creating package script '/workspaces/auto_race/ros2_ws/install/my_robot_description/share/my_robot_description/package.bash'
[13.690s] INFO:colcon.colcon_core.shell:Creating package script '/workspaces/auto_race/ros2_ws/install/my_robot_description/share/my_robot_description/package.zsh'
[13.690s] Level 1:colcon.colcon_core.environment:create_file_with_runtime_dependencies(/workspaces/auto_race/ros2_ws/install/my_robot_description/share/colcon-core/packages/my_robot_description)
[15.044s] DEBUG:colcon.colcon_core.event_handler.log_command:Invoked command in '/workspaces/auto_race/ros2_ws/build/my_robot_bringup' returned '0': CMAKE_PREFIX_PATH=${CMAKE_PREFIX_PATH}:/opt/ros/humble /usr/bin/cmake --build /workspaces/auto_race/ros2_ws/build/my_robot_bringup -- -j8 -l8
[15.068s] DEBUG:colcon.colcon_core.event_handler.log_command:Invoking command in '/workspaces/auto_race/ros2_ws/build/my_robot_bringup': CMAKE_PREFIX_PATH=${CMAKE_PREFIX_PATH}:/opt/ros/humble /usr/bin/cmake --install /workspaces/auto_race/ros2_ws/build/my_robot_bringup
[15.260s] Level 1:colcon.colcon_core.environment:create_environment_scripts_only(my_robot_bringup)
[15.261s] Level 1:colcon.colcon_core.environment:checking '/workspaces/auto_race/ros2_ws/install/my_robot_bringup' for CMake module files
[15.262s] DEBUG:colcon.colcon_core.event_handler.log_command:Invoked command in '/workspaces/auto_race/ros2_ws/build/my_robot_bringup' returned '0': CMAKE_PREFIX_PATH=${CMAKE_PREFIX_PATH}:/opt/ros/humble /usr/bin/cmake --install /workspaces/auto_race/ros2_ws/build/my_robot_bringup
[15.262s] Level 1:colcon.colcon_core.environment:checking '/workspaces/auto_race/ros2_ws/install/my_robot_bringup' for CMake config files
[15.262s] Level 1:colcon.colcon_core.shell:create_environment_hook('my_robot_bringup', 'cmake_prefix_path')
[15.263s] INFO:colcon.colcon_core.shell:Creating environment hook '/workspaces/auto_race/ros2_ws/install/my_robot_bringup/share/my_robot_bringup/hook/cmake_prefix_path.ps1'
[15.263s] INFO:colcon.colcon_core.shell:Creating environment descriptor '/workspaces/auto_race/ros2_ws/install/my_robot_bringup/share/my_robot_bringup/hook/cmake_prefix_path.dsv'
[15.264s] INFO:colcon.colcon_core.shell:Creating environment hook '/workspaces/auto_race/ros2_ws/install/my_robot_bringup/share/my_robot_bringup/hook/cmake_prefix_path.sh'
[15.264s] Level 1:colcon.colcon_core.environment:checking '/workspaces/auto_race/ros2_ws/install/my_robot_bringup/bin'
[15.264s] Level 1:colcon.colcon_core.environment:checking '/workspaces/auto_race/ros2_ws/install/my_robot_bringup/lib/pkgconfig/my_robot_bringup.pc'
[15.265s] Level 1:colcon.colcon_core.environment:checking '/workspaces/auto_race/ros2_ws/install/my_robot_bringup/lib/python3.10/site-packages'
[15.265s] Level 1:colcon.colcon_core.environment:checking '/workspaces/auto_race/ros2_ws/install/my_robot_bringup/bin'
[15.265s] INFO:colcon.colcon_core.shell:Creating package script '/workspaces/auto_race/ros2_ws/install/my_robot_bringup/share/my_robot_bringup/package.ps1'
[15.266s] INFO:colcon.colcon_core.shell:Creating package descriptor '/workspaces/auto_race/ros2_ws/install/my_robot_bringup/share/my_robot_bringup/package.dsv'
[15.266s] INFO:colcon.colcon_core.shell:Creating package script '/workspaces/auto_race/ros2_ws/install/my_robot_bringup/share/my_robot_bringup/package.sh'
[15.267s] INFO:colcon.colcon_core.shell:Creating package script '/workspaces/auto_race/ros2_ws/install/my_robot_bringup/share/my_robot_bringup/package.bash'
[15.267s] INFO:colcon.colcon_core.shell:Creating package script '/workspaces/auto_race/ros2_ws/install/my_robot_bringup/share/my_robot_bringup/package.zsh'
[15.267s] Level 1:colcon.colcon_core.environment:create_file_with_runtime_dependencies(/workspaces/auto_race/ros2_ws/install/my_robot_bringup/share/colcon-core/packages/my_robot_bringup)
[15.289s] Level 1:colcon.colcon_core.environment:create_environment_scripts_only(my_robot_bringup)
[15.289s] Level 1:colcon.colcon_core.environment:checking '/workspaces/auto_race/ros2_ws/install/my_robot_bringup' for CMake module files
[15.290s] Level 1:colcon.colcon_core.environment:checking '/workspaces/auto_race/ros2_ws/install/my_robot_bringup' for CMake config files
[15.291s] Level 1:colcon.colcon_core.shell:create_environment_hook('my_robot_bringup', 'cmake_prefix_path')
[15.291s] INFO:colcon.colcon_core.shell:Creating environment hook '/workspaces/auto_race/ros2_ws/install/my_robot_bringup/share/my_robot_bringup/hook/cmake_prefix_path.ps1'
[15.292s] INFO:colcon.colcon_core.shell:Creating environment descriptor '/workspaces/auto_race/ros2_ws/install/my_robot_bringup/share/my_robot_bringup/hook/cmake_prefix_path.dsv'
[15.292s] INFO:colcon.colcon_core.shell:Creating environment hook '/workspaces/auto_race/ros2_ws/install/my_robot_bringup/share/my_robot_bringup/hook/cmake_prefix_path.sh'
[15.293s] Level 1:colcon.colcon_core.environment:checking '/workspaces/auto_race/ros2_ws/install/my_robot_bringup/bin'
[15.293s] Level 1:colcon.colcon_core.environment:checking '/workspaces/auto_race/ros2_ws/install/my_robot_bringup/lib/pkgconfig/my_robot_bringup.pc'
[15.293s] Level 1:colcon.colcon_core.environment:checking '/workspaces/auto_race/ros2_ws/install/my_robot_bringup/lib/python3.10/site-packages'
[15.293s] Level 1:colcon.colcon_core.environment:checking '/workspaces/auto_race/ros2_ws/install/my_robot_bringup/bin'
[15.294s] INFO:colcon.colcon_core.shell:Creating package script '/workspaces/auto_race/ros2_ws/install/my_robot_bringup/share/my_robot_bringup/package.ps1'
[15.294s] INFO:colcon.colcon_core.shell:Creating package descriptor '/workspaces/auto_race/ros2_ws/install/my_robot_bringup/share/my_robot_bringup/package.dsv'
[15.295s] INFO:colcon.colcon_core.shell:Creating package script '/workspaces/auto_race/ros2_ws/install/my_robot_bringup/share/my_robot_bringup/package.sh'
[15.295s] INFO:colcon.colcon_core.shell:Creating package script '/workspaces/auto_race/ros2_ws/install/my_robot_bringup/share/my_robot_bringup/package.bash'
[15.295s] INFO:colcon.colcon_core.shell:Creating package script '/workspaces/auto_race/ros2_ws/install/my_robot_bringup/share/my_robot_bringup/package.zsh'
[15.296s] Level 1:colcon.colcon_core.environment:create_file_with_runtime_dependencies(/workspaces/auto_race/ros2_ws/install/my_robot_bringup/share/colcon-core/packages/my_robot_bringup)
[15.296s] DEBUG:colcon.colcon_parallel_executor.executor.parallel:closing loop
[15.296s] DEBUG:colcon.colcon_parallel_executor.executor.parallel:loop closed
[15.296s] DEBUG:colcon.colcon_parallel_executor.executor.parallel:run_until_complete finished with '0'
[15.297s] DEBUG:colcon.colcon_core.event_reactor:joining thread
[15.435s] INFO:colcon.colcon_core.plugin_system:Skipping extension 'colcon_notification.desktop_notification.notify_send': Could not find 'notify-send'
[15.435s] INFO:colcon.colcon_core.plugin_system:Skipping extension 'colcon_notification.desktop_notification.terminal_notifier': Not used on non-Darwin systems
[15.436s] INFO:colcon.colcon_core.plugin_system:Skipping extension 'colcon_notification.desktop_notification.win32': Not used on non-Windows systems
[15.436s] INFO:colcon.colcon_notification.desktop_notification:Sending desktop notification using 'notify2'
[15.598s] DEBUG:colcon.colcon_notification.desktop_notification.notify2:Failed to initialize notify2: org.freedesktop.DBus.Error.Spawn.ExecFailed: /usr/bin/dbus-launch terminated abnormally without any error message
[15.598s] DEBUG:colcon.colcon_core.event_reactor:joined thread
[15.599s] INFO:colcon.colcon_core.shell:Creating prefix script '/workspaces/auto_race/ros2_ws/install/local_setup.ps1'
[15.614s] INFO:colcon.colcon_core.shell:Creating prefix util module '/workspaces/auto_race/ros2_ws/install/_local_setup_util_ps1.py'
[15.620s] INFO:colcon.colcon_core.shell:Creating prefix chain script '/workspaces/auto_race/ros2_ws/install/setup.ps1'
[15.622s] INFO:colcon.colcon_core.shell:Creating prefix script '/workspaces/auto_race/ros2_ws/install/local_setup.sh'
[15.623s] INFO:colcon.colcon_core.shell:Creating prefix util module '/workspaces/auto_race/ros2_ws/install/_local_setup_util_sh.py'
[15.623s] INFO:colcon.colcon_core.shell:Creating prefix chain script '/workspaces/auto_race/ros2_ws/install/setup.sh'
[15.625s] INFO:colcon.colcon_core.shell:Creating prefix script '/workspaces/auto_race/ros2_ws/install/local_setup.bash'
[15.626s] INFO:colcon.colcon_core.shell:Creating prefix chain script '/workspaces/auto_race/ros2_ws/install/setup.bash'
[15.628s] INFO:colcon.colcon_core.shell:Creating prefix script '/workspaces/auto_race/ros2_ws/install/local_setup.zsh'
[15.629s] INFO:colcon.colcon_core.shell:Creating prefix chain script '/workspaces/auto_race/ros2_ws/install/setup.zsh'
