[0.040s] Invoking command in '/workspaces/auto_race/ros2_ws/build/my_robot_description': CMAKE_PREFIX_PATH=${CMAKE_PREFIX_PATH}:/opt/ros/humble /usr/bin/cmake /workspaces/auto_race/ros2_ws/src/my_robot_description -DAMENT_CMAKE_SYMLINK_INSTALL=1 -DCMAKE_INSTALL_PREFIX=/workspaces/auto_race/ros2_ws/install/my_robot_description
[0.046s] -- Found ament_cmake: 1.3.8 (/opt/ros/humble/share/ament_cmake/cmake)
[0.185s] -- Override CMake install command with custom implementation using symlinks instead of copying resources
[0.197s] -- Found ament_lint_auto: 0.12.10 (/opt/ros/humble/share/ament_lint_auto/cmake)
[0.294s] -- Added test 'lint_cmake' to check CMake code style
[0.296s] -- Added test 'xmllint' to check XML markup files
[0.298s] -- Configuring done
[0.302s] -- Generating done
[0.303s] -- Build files have been written to: /workspaces/auto_race/ros2_ws/build/my_robot_description
[0.306s] Invoked command in '/workspaces/auto_race/ros2_ws/build/my_robot_description' returned '0': CMAKE_PREFIX_PATH=${CMAKE_PREFIX_PATH}:/opt/ros/humble /usr/bin/cmake /workspaces/auto_race/ros2_ws/src/my_robot_description -DAMENT_CMAKE_SYMLINK_INSTALL=1 -DCMAKE_INSTALL_PREFIX=/workspaces/auto_race/ros2_ws/install/my_robot_description
[0.308s] Invoking command in '/workspaces/auto_race/ros2_ws/build/my_robot_description': CMAKE_PREFIX_PATH=${CMAKE_PREFIX_PATH}:/opt/ros/humble /usr/bin/cmake --build /workspaces/auto_race/ros2_ws/build/my_robot_description -- -j8 -l8
[0.349s] Invoked command in '/workspaces/auto_race/ros2_ws/build/my_robot_description' returned '0': CMAKE_PREFIX_PATH=${CMAKE_PREFIX_PATH}:/opt/ros/humble /usr/bin/cmake --build /workspaces/auto_race/ros2_ws/build/my_robot_description -- -j8 -l8
[0.377s] Invoking command in '/workspaces/auto_race/ros2_ws/build/my_robot_description': CMAKE_PREFIX_PATH=${CMAKE_PREFIX_PATH}:/opt/ros/humble /usr/bin/cmake --install /workspaces/auto_race/ros2_ws/build/my_robot_description
[0.384s] -- Install configuration: ""
[0.384s] -- Execute custom install script
[0.385s] -- Symlinking: /workspaces/auto_race/ros2_ws/install/my_robot_description/share/my_robot_description//urdf/common_properties.urdf.xacro
[0.396s] -- Symlinking: /workspaces/auto_race/ros2_ws/install/my_robot_description/share/my_robot_description//urdf/mobile_base.urdf.xacro
[0.405s] -- Symlinking: /workspaces/auto_race/ros2_ws/install/my_robot_description/share/my_robot_description//urdf/mobile_base_gazebo.urdf.xacro
[0.413s] -- Symlinking: /workspaces/auto_race/ros2_ws/install/my_robot_description/share/my_robot_description//urdf/my_robot.urdf.xacro
[0.422s] -- Symlinking: /workspaces/auto_race/ros2_ws/install/my_robot_description/share/my_robot_description//urdf/sensors.urdf.xacro
[0.431s] -- Symlinking: /workspaces/auto_race/ros2_ws/install/my_robot_description/share/my_robot_description//launch/display.launch.xml
[0.440s] -- Symlinking: /workspaces/auto_race/ros2_ws/install/my_robot_description/share/ament_index/resource_index/package_run_dependencies/my_robot_description
[0.448s] -- Symlinking: /workspaces/auto_race/ros2_ws/install/my_robot_description/share/ament_index/resource_index/parent_prefix_path/my_robot_description
[0.460s] -- Symlinking: /workspaces/auto_race/ros2_ws/install/my_robot_description/share/my_robot_description/environment/ament_prefix_path.sh
[0.469s] -- Symlinking: /workspaces/auto_race/ros2_ws/install/my_robot_description/share/my_robot_description/environment/ament_prefix_path.dsv
[0.478s] -- Symlinking: /workspaces/auto_race/ros2_ws/install/my_robot_description/share/my_robot_description/environment/path.sh
[0.487s] -- Symlinking: /workspaces/auto_race/ros2_ws/install/my_robot_description/share/my_robot_description/environment/path.dsv
[0.496s] -- Symlinking: /workspaces/auto_race/ros2_ws/install/my_robot_description/share/my_robot_description/local_setup.bash
[0.505s] -- Symlinking: /workspaces/auto_race/ros2_ws/install/my_robot_description/share/my_robot_description/local_setup.sh
[0.514s] -- Symlinking: /workspaces/auto_race/ros2_ws/install/my_robot_description/share/my_robot_description/local_setup.zsh
[0.523s] -- Symlinking: /workspaces/auto_race/ros2_ws/install/my_robot_description/share/my_robot_description/local_setup.dsv
[0.531s] -- Symlinking: /workspaces/auto_race/ros2_ws/install/my_robot_description/share/my_robot_description/package.dsv
[0.541s] -- Symlinking: /workspaces/auto_race/ros2_ws/install/my_robot_description/share/ament_index/resource_index/packages/my_robot_description
[0.550s] -- Symlinking: /workspaces/auto_race/ros2_ws/install/my_robot_description/share/my_robot_description/cmake/my_robot_descriptionConfig.cmake
[0.559s] -- Symlinking: /workspaces/auto_race/ros2_ws/install/my_robot_description/share/my_robot_description/cmake/my_robot_descriptionConfig-version.cmake
[0.568s] -- Symlinking: /workspaces/auto_race/ros2_ws/install/my_robot_description/share/my_robot_description/package.xml
[0.587s] Invoked command in '/workspaces/auto_race/ros2_ws/build/my_robot_description' returned '0': CMAKE_PREFIX_PATH=${CMAKE_PREFIX_PATH}:/opt/ros/humble /usr/bin/cmake --install /workspaces/auto_race/ros2_ws/build/my_robot_description
