[0.220s] DEBUG:colcon:Command line arguments: ['/usr/bin/colcon', 'build', '--symlink-install']
[0.220s] DEBUG:colcon:Parsed command line arguments: Namespace(log_base=None, log_level=None, verb_name='build', build_base='build', install_base='install', merge_install=False, symlink_install=True, test_result_base=None, continue_on_error=False, executor='parallel', parallel_workers=8, event_handlers=None, ignore_user_meta=False, metas=['./colcon.meta'], base_paths=['.'], packages_ignore=None, packages_ignore_regex=None, paths=None, packages_up_to=None, packages_up_to_regex=None, packages_above=None, packages_above_and_dependencies=None, packages_above_depth=None, packages_select_by_dep=None, packages_skip_by_dep=None, packages_skip_up_to=None, packages_select_build_failed=False, packages_skip_build_finished=False, packages_select_test_failures=False, packages_skip_test_passed=False, packages_select=None, packages_skip=None, packages_select_regex=None, packages_skip_regex=None, packages_start=None, packages_end=None, cmake_args=None, cmake_target=None, cmake_target_skip_unavailable=False, cmake_clean_cache=False, cmake_clean_first=False, cmake_force_configure=False, ament_cmake_args=None, catkin_cmake_args=None, catkin_skip_building_tests=False, mixin_files=None, mixin=None, verb_parser=<colcon_mixin.mixin.mixin_argument.MixinArgumentDecorator object at 0x7fae961e0ac0>, verb_extension=<colcon_core.verb.build.BuildVerb object at 0x7fae961e0130>, main=<bound method BuildVerb.main of <colcon_core.verb.build.BuildVerb object at 0x7fae961e0130>>, mixin_verb=('build',))
[0.552s] Level 1:colcon.colcon_core.package_discovery:discover_packages(colcon_meta) check parameters
[0.552s] Level 1:colcon.colcon_core.package_discovery:discover_packages(recursive) check parameters
[0.552s] Level 1:colcon.colcon_core.package_discovery:discover_packages(ignore) check parameters
[0.552s] Level 1:colcon.colcon_core.package_discovery:discover_packages(path) check parameters
[0.552s] Level 1:colcon.colcon_core.package_discovery:discover_packages(colcon_meta) discover
[0.552s] Level 1:colcon.colcon_core.package_discovery:discover_packages(recursive) discover
[0.552s] INFO:colcon.colcon_core.package_discovery:Crawling recursively for packages in '/workspaces/auto_race/ros2_ws'
[0.552s] Level 1:colcon.colcon_core.package_identification:_identify(.) by extensions ['ignore', 'ignore_ament_install']
[0.552s] Level 1:colcon.colcon_core.package_identification:_identify(.) by extension 'ignore'
[0.553s] Level 1:colcon.colcon_core.package_identification:_identify(.) by extension 'ignore_ament_install'
[0.553s] Level 1:colcon.colcon_core.package_identification:_identify(.) by extensions ['colcon_pkg']
[0.553s] Level 1:colcon.colcon_core.package_identification:_identify(.) by extension 'colcon_pkg'
[0.553s] Level 1:colcon.colcon_core.package_identification:_identify(.) by extensions ['colcon_meta']
[0.553s] Level 1:colcon.colcon_core.package_identification:_identify(.) by extension 'colcon_meta'
[0.553s] Level 1:colcon.colcon_core.package_identification:_identify(.) by extensions ['ros']
[0.553s] Level 1:colcon.colcon_core.package_identification:_identify(.) by extension 'ros'
[0.571s] Level 1:colcon.colcon_core.package_identification:_identify(.) by extensions ['cmake', 'python']
[0.572s] Level 1:colcon.colcon_core.package_identification:_identify(.) by extension 'cmake'
[0.572s] Level 1:colcon.colcon_core.package_identification:_identify(.) by extension 'python'
[0.572s] Level 1:colcon.colcon_core.package_identification:_identify(.) by extensions ['python_setup_py']
[0.572s] Level 1:colcon.colcon_core.package_identification:_identify(.) by extension 'python_setup_py'
[0.572s] Level 1:colcon.colcon_core.package_identification:_identify(build) by extensions ['ignore', 'ignore_ament_install']
[0.572s] Level 1:colcon.colcon_core.package_identification:_identify(build) by extension 'ignore'
[0.572s] Level 1:colcon.colcon_core.package_identification:_identify(build) ignored
[0.572s] Level 1:colcon.colcon_core.package_identification:_identify(install) by extensions ['ignore', 'ignore_ament_install']
[0.573s] Level 1:colcon.colcon_core.package_identification:_identify(install) by extension 'ignore'
[0.573s] Level 1:colcon.colcon_core.package_identification:_identify(install) ignored
[0.573s] Level 1:colcon.colcon_core.package_identification:_identify(log) by extensions ['ignore', 'ignore_ament_install']
[0.573s] Level 1:colcon.colcon_core.package_identification:_identify(log) by extension 'ignore'
[0.573s] Level 1:colcon.colcon_core.package_identification:_identify(log) ignored
[0.573s] Level 1:colcon.colcon_core.package_identification:_identify(src) by extensions ['ignore', 'ignore_ament_install']
[0.573s] Level 1:colcon.colcon_core.package_identification:_identify(src) by extension 'ignore'
[0.573s] Level 1:colcon.colcon_core.package_identification:_identify(src) by extension 'ignore_ament_install'
[0.574s] Level 1:colcon.colcon_core.package_identification:_identify(src) by extensions ['colcon_pkg']
[0.574s] Level 1:colcon.colcon_core.package_identification:_identify(src) by extension 'colcon_pkg'
[0.574s] Level 1:colcon.colcon_core.package_identification:_identify(src) by extensions ['colcon_meta']
[0.574s] Level 1:colcon.colcon_core.package_identification:_identify(src) by extension 'colcon_meta'
[0.574s] Level 1:colcon.colcon_core.package_identification:_identify(src) by extensions ['ros']
[0.574s] Level 1:colcon.colcon_core.package_identification:_identify(src) by extension 'ros'
[0.574s] Level 1:colcon.colcon_core.package_identification:_identify(src) by extensions ['cmake', 'python']
[0.574s] Level 1:colcon.colcon_core.package_identification:_identify(src) by extension 'cmake'
[0.574s] Level 1:colcon.colcon_core.package_identification:_identify(src) by extension 'python'
[0.574s] Level 1:colcon.colcon_core.package_identification:_identify(src) by extensions ['python_setup_py']
[0.574s] Level 1:colcon.colcon_core.package_identification:_identify(src) by extension 'python_setup_py'
[0.574s] Level 1:colcon.colcon_core.package_identification:_identify(src/my_robot_bringup) by extensions ['ignore', 'ignore_ament_install']
[0.575s] Level 1:colcon.colcon_core.package_identification:_identify(src/my_robot_bringup) by extension 'ignore'
[0.575s] Level 1:colcon.colcon_core.package_identification:_identify(src/my_robot_bringup) by extension 'ignore_ament_install'
[0.575s] Level 1:colcon.colcon_core.package_identification:_identify(src/my_robot_bringup) by extensions ['colcon_pkg']
[0.575s] Level 1:colcon.colcon_core.package_identification:_identify(src/my_robot_bringup) by extension 'colcon_pkg'
[0.575s] Level 1:colcon.colcon_core.package_identification:_identify(src/my_robot_bringup) by extensions ['colcon_meta']
[0.575s] Level 1:colcon.colcon_core.package_identification:_identify(src/my_robot_bringup) by extension 'colcon_meta'
[0.575s] Level 1:colcon.colcon_core.package_identification:_identify(src/my_robot_bringup) by extensions ['ros']
[0.575s] Level 1:colcon.colcon_core.package_identification:_identify(src/my_robot_bringup) by extension 'ros'
[0.579s] DEBUG:colcon.colcon_core.package_identification:Package 'src/my_robot_bringup' with type 'ros.ament_cmake' and name 'my_robot_bringup'
[0.579s] Level 1:colcon.colcon_core.package_identification:_identify(src/my_robot_description) by extensions ['ignore', 'ignore_ament_install']
[0.579s] Level 1:colcon.colcon_core.package_identification:_identify(src/my_robot_description) by extension 'ignore'
[0.579s] Level 1:colcon.colcon_core.package_identification:_identify(src/my_robot_description) by extension 'ignore_ament_install'
[0.579s] Level 1:colcon.colcon_core.package_identification:_identify(src/my_robot_description) by extensions ['colcon_pkg']
[0.579s] Level 1:colcon.colcon_core.package_identification:_identify(src/my_robot_description) by extension 'colcon_pkg'
[0.579s] Level 1:colcon.colcon_core.package_identification:_identify(src/my_robot_description) by extensions ['colcon_meta']
[0.579s] Level 1:colcon.colcon_core.package_identification:_identify(src/my_robot_description) by extension 'colcon_meta'
[0.580s] Level 1:colcon.colcon_core.package_identification:_identify(src/my_robot_description) by extensions ['ros']
[0.580s] Level 1:colcon.colcon_core.package_identification:_identify(src/my_robot_description) by extension 'ros'
[0.580s] DEBUG:colcon.colcon_core.package_identification:Package 'src/my_robot_description' with type 'ros.ament_cmake' and name 'my_robot_description'
[0.580s] Level 1:colcon.colcon_core.package_identification:_identify(src/waypoints) by extensions ['ignore', 'ignore_ament_install']
[0.581s] Level 1:colcon.colcon_core.package_identification:_identify(src/waypoints) by extension 'ignore'
[0.581s] Level 1:colcon.colcon_core.package_identification:_identify(src/waypoints) by extension 'ignore_ament_install'
[0.581s] Level 1:colcon.colcon_core.package_identification:_identify(src/waypoints) by extensions ['colcon_pkg']
[0.581s] Level 1:colcon.colcon_core.package_identification:_identify(src/waypoints) by extension 'colcon_pkg'
[0.581s] Level 1:colcon.colcon_core.package_identification:_identify(src/waypoints) by extensions ['colcon_meta']
[0.581s] Level 1:colcon.colcon_core.package_identification:_identify(src/waypoints) by extension 'colcon_meta'
[0.581s] Level 1:colcon.colcon_core.package_identification:_identify(src/waypoints) by extensions ['ros']
[0.581s] Level 1:colcon.colcon_core.package_identification:_identify(src/waypoints) by extension 'ros'
[0.582s] DEBUG:colcon.colcon_core.package_identification:Package 'src/waypoints' with type 'ros.ament_cmake' and name 'waypoints'
[0.582s] Level 1:colcon.colcon_core.package_identification:_identify(src/waypoints_main) by extensions ['ignore', 'ignore_ament_install']
[0.582s] Level 1:colcon.colcon_core.package_identification:_identify(src/waypoints_main) by extension 'ignore'
[0.582s] Level 1:colcon.colcon_core.package_identification:_identify(src/waypoints_main) by extension 'ignore_ament_install'
[0.582s] Level 1:colcon.colcon_core.package_identification:_identify(src/waypoints_main) by extensions ['colcon_pkg']
[0.582s] Level 1:colcon.colcon_core.package_identification:_identify(src/waypoints_main) by extension 'colcon_pkg'
[0.582s] Level 1:colcon.colcon_core.package_identification:_identify(src/waypoints_main) by extensions ['colcon_meta']
[0.582s] Level 1:colcon.colcon_core.package_identification:_identify(src/waypoints_main) by extension 'colcon_meta'
[0.582s] Level 1:colcon.colcon_core.package_identification:_identify(src/waypoints_main) by extensions ['ros']
[0.582s] Level 1:colcon.colcon_core.package_identification:_identify(src/waypoints_main) by extension 'ros'
[0.583s] DEBUG:colcon.colcon_core.package_identification:Package 'src/waypoints_main' with type 'ros.ament_python' and name 'waypoints_main'
[0.583s] Level 1:colcon.colcon_core.package_discovery:discover_packages(recursive) using defaults
[0.583s] Level 1:colcon.colcon_core.package_discovery:discover_packages(ignore) discover
[0.583s] Level 1:colcon.colcon_core.package_discovery:discover_packages(ignore) using defaults
[0.583s] Level 1:colcon.colcon_core.package_discovery:discover_packages(path) discover
[0.583s] Level 1:colcon.colcon_core.package_discovery:discover_packages(path) using defaults
[0.621s] Level 5:colcon.colcon_core.verb:set package 'my_robot_bringup' build argument 'cmake_args' from command line to 'None'
[0.621s] Level 5:colcon.colcon_core.verb:set package 'my_robot_bringup' build argument 'cmake_target' from command line to 'None'
[0.621s] Level 5:colcon.colcon_core.verb:set package 'my_robot_bringup' build argument 'cmake_target_skip_unavailable' from command line to 'False'
[0.621s] Level 5:colcon.colcon_core.verb:set package 'my_robot_bringup' build argument 'cmake_clean_cache' from command line to 'False'
[0.621s] Level 5:colcon.colcon_core.verb:set package 'my_robot_bringup' build argument 'cmake_clean_first' from command line to 'False'
[0.621s] Level 5:colcon.colcon_core.verb:set package 'my_robot_bringup' build argument 'cmake_force_configure' from command line to 'False'
[0.621s] Level 5:colcon.colcon_core.verb:set package 'my_robot_bringup' build argument 'ament_cmake_args' from command line to 'None'
[0.622s] Level 5:colcon.colcon_core.verb:set package 'my_robot_bringup' build argument 'catkin_cmake_args' from command line to 'None'
[0.622s] Level 5:colcon.colcon_core.verb:set package 'my_robot_bringup' build argument 'catkin_skip_building_tests' from command line to 'False'
[0.622s] DEBUG:colcon.colcon_core.verb:Building package 'my_robot_bringup' with the following arguments: {'ament_cmake_args': None, 'build_base': '/workspaces/auto_race/ros2_ws/build/my_robot_bringup', 'catkin_cmake_args': None, 'catkin_skip_building_tests': False, 'cmake_args': None, 'cmake_clean_cache': False, 'cmake_clean_first': False, 'cmake_force_configure': False, 'cmake_target': None, 'cmake_target_skip_unavailable': False, 'install_base': '/workspaces/auto_race/ros2_ws/install/my_robot_bringup', 'merge_install': False, 'path': '/workspaces/auto_race/ros2_ws/src/my_robot_bringup', 'symlink_install': True, 'test_result_base': None}
[0.622s] Level 5:colcon.colcon_core.verb:set package 'my_robot_description' build argument 'cmake_args' from command line to 'None'
[0.622s] Level 5:colcon.colcon_core.verb:set package 'my_robot_description' build argument 'cmake_target' from command line to 'None'
[0.622s] Level 5:colcon.colcon_core.verb:set package 'my_robot_description' build argument 'cmake_target_skip_unavailable' from command line to 'False'
[0.622s] Level 5:colcon.colcon_core.verb:set package 'my_robot_description' build argument 'cmake_clean_cache' from command line to 'False'
[0.622s] Level 5:colcon.colcon_core.verb:set package 'my_robot_description' build argument 'cmake_clean_first' from command line to 'False'
[0.622s] Level 5:colcon.colcon_core.verb:set package 'my_robot_description' build argument 'cmake_force_configure' from command line to 'False'
[0.623s] Level 5:colcon.colcon_core.verb:set package 'my_robot_description' build argument 'ament_cmake_args' from command line to 'None'
[0.623s] Level 5:colcon.colcon_core.verb:set package 'my_robot_description' build argument 'catkin_cmake_args' from command line to 'None'
[0.623s] Level 5:colcon.colcon_core.verb:set package 'my_robot_description' build argument 'catkin_skip_building_tests' from command line to 'False'
[0.623s] DEBUG:colcon.colcon_core.verb:Building package 'my_robot_description' with the following arguments: {'ament_cmake_args': None, 'build_base': '/workspaces/auto_race/ros2_ws/build/my_robot_description', 'catkin_cmake_args': None, 'catkin_skip_building_tests': False, 'cmake_args': None, 'cmake_clean_cache': False, 'cmake_clean_first': False, 'cmake_force_configure': False, 'cmake_target': None, 'cmake_target_skip_unavailable': False, 'install_base': '/workspaces/auto_race/ros2_ws/install/my_robot_description', 'merge_install': False, 'path': '/workspaces/auto_race/ros2_ws/src/my_robot_description', 'symlink_install': True, 'test_result_base': None}
[0.623s] Level 5:colcon.colcon_core.verb:set package 'waypoints' build argument 'cmake_args' from command line to 'None'
[0.623s] Level 5:colcon.colcon_core.verb:set package 'waypoints' build argument 'cmake_target' from command line to 'None'
[0.623s] Level 5:colcon.colcon_core.verb:set package 'waypoints' build argument 'cmake_target_skip_unavailable' from command line to 'False'
[0.624s] Level 5:colcon.colcon_core.verb:set package 'waypoints' build argument 'cmake_clean_cache' from command line to 'False'
[0.624s] Level 5:colcon.colcon_core.verb:set package 'waypoints' build argument 'cmake_clean_first' from command line to 'False'
[0.624s] Level 5:colcon.colcon_core.verb:set package 'waypoints' build argument 'cmake_force_configure' from command line to 'False'
[0.624s] Level 5:colcon.colcon_core.verb:set package 'waypoints' build argument 'ament_cmake_args' from command line to 'None'
[0.624s] Level 5:colcon.colcon_core.verb:set package 'waypoints' build argument 'catkin_cmake_args' from command line to 'None'
[0.624s] Level 5:colcon.colcon_core.verb:set package 'waypoints' build argument 'catkin_skip_building_tests' from command line to 'False'
[0.624s] DEBUG:colcon.colcon_core.verb:Building package 'waypoints' with the following arguments: {'ament_cmake_args': None, 'build_base': '/workspaces/auto_race/ros2_ws/build/waypoints', 'catkin_cmake_args': None, 'catkin_skip_building_tests': False, 'cmake_args': None, 'cmake_clean_cache': False, 'cmake_clean_first': False, 'cmake_force_configure': False, 'cmake_target': None, 'cmake_target_skip_unavailable': False, 'install_base': '/workspaces/auto_race/ros2_ws/install/waypoints', 'merge_install': False, 'path': '/workspaces/auto_race/ros2_ws/src/waypoints', 'symlink_install': True, 'test_result_base': None}
[0.624s] Level 5:colcon.colcon_core.verb:set package 'waypoints_main' build argument 'cmake_args' from command line to 'None'
[0.625s] Level 5:colcon.colcon_core.verb:set package 'waypoints_main' build argument 'cmake_target' from command line to 'None'
[0.625s] Level 5:colcon.colcon_core.verb:set package 'waypoints_main' build argument 'cmake_target_skip_unavailable' from command line to 'False'
[0.625s] Level 5:colcon.colcon_core.verb:set package 'waypoints_main' build argument 'cmake_clean_cache' from command line to 'False'
[0.625s] Level 5:colcon.colcon_core.verb:set package 'waypoints_main' build argument 'cmake_clean_first' from command line to 'False'
[0.625s] Level 5:colcon.colcon_core.verb:set package 'waypoints_main' build argument 'cmake_force_configure' from command line to 'False'
[0.625s] Level 5:colcon.colcon_core.verb:set package 'waypoints_main' build argument 'ament_cmake_args' from command line to 'None'
[0.625s] Level 5:colcon.colcon_core.verb:set package 'waypoints_main' build argument 'catkin_cmake_args' from command line to 'None'
[0.625s] Level 5:colcon.colcon_core.verb:set package 'waypoints_main' build argument 'catkin_skip_building_tests' from command line to 'False'
[0.625s] DEBUG:colcon.colcon_core.verb:Building package 'waypoints_main' with the following arguments: {'ament_cmake_args': None, 'build_base': '/workspaces/auto_race/ros2_ws/build/waypoints_main', 'catkin_cmake_args': None, 'catkin_skip_building_tests': False, 'cmake_args': None, 'cmake_clean_cache': False, 'cmake_clean_first': False, 'cmake_force_configure': False, 'cmake_target': None, 'cmake_target_skip_unavailable': False, 'install_base': '/workspaces/auto_race/ros2_ws/install/waypoints_main', 'merge_install': False, 'path': '/workspaces/auto_race/ros2_ws/src/waypoints_main', 'symlink_install': True, 'test_result_base': None}
[0.625s] INFO:colcon.colcon_core.executor:Executing jobs using 'parallel' executor
[0.626s] DEBUG:colcon.colcon_parallel_executor.executor.parallel:run_until_complete
[0.627s] INFO:colcon.colcon_ros.task.ament_cmake.build:Building ROS package in '/workspaces/auto_race/ros2_ws/src/my_robot_bringup' with build type 'ament_cmake'
[0.627s] INFO:colcon.colcon_cmake.task.cmake.build:Building CMake package in '/workspaces/auto_race/ros2_ws/src/my_robot_bringup'
[0.630s] INFO:colcon.colcon_core.plugin_system:Skipping extension 'colcon_core.shell.bat': Not used on non-Windows systems
[0.631s] INFO:colcon.colcon_core.shell:Skip shell extension 'powershell' for command environment: Not usable outside of PowerShell
[0.631s] DEBUG:colcon.colcon_core.shell:Skip shell extension 'dsv' for command environment
[0.639s] INFO:colcon.colcon_ros.task.ament_cmake.build:Building ROS package in '/workspaces/auto_race/ros2_ws/src/my_robot_description' with build type 'ament_cmake'
[0.639s] INFO:colcon.colcon_cmake.task.cmake.build:Building CMake package in '/workspaces/auto_race/ros2_ws/src/my_robot_description'
[0.639s] INFO:colcon.colcon_core.shell:Skip shell extension 'powershell' for command environment: Not usable outside of PowerShell
[0.639s] DEBUG:colcon.colcon_core.shell:Skip shell extension 'dsv' for command environment
[0.645s] INFO:colcon.colcon_ros.task.ament_cmake.build:Building ROS package in '/workspaces/auto_race/ros2_ws/src/waypoints' with build type 'ament_cmake'
[0.645s] INFO:colcon.colcon_cmake.task.cmake.build:Building CMake package in '/workspaces/auto_race/ros2_ws/src/waypoints'
[0.646s] INFO:colcon.colcon_core.shell:Skip shell extension 'powershell' for command environment: Not usable outside of PowerShell
[0.646s] DEBUG:colcon.colcon_core.shell:Skip shell extension 'dsv' for command environment
[0.651s] INFO:colcon.colcon_ros.task.ament_python.build:Building ROS package in '/workspaces/auto_race/ros2_ws/src/waypoints_main' with build type 'ament_python'
[0.651s] Level 1:colcon.colcon_core.shell:create_environment_hook('waypoints_main', 'ament_prefix_path')
[0.651s] INFO:colcon.colcon_core.shell:Creating environment hook '/workspaces/auto_race/ros2_ws/install/waypoints_main/share/waypoints_main/hook/ament_prefix_path.ps1'
[0.665s] INFO:colcon.colcon_core.shell:Creating environment descriptor '/workspaces/auto_race/ros2_ws/install/waypoints_main/share/waypoints_main/hook/ament_prefix_path.dsv'
[0.666s] INFO:colcon.colcon_core.shell:Creating environment hook '/workspaces/auto_race/ros2_ws/install/waypoints_main/share/waypoints_main/hook/ament_prefix_path.sh'
[0.691s] INFO:colcon.colcon_core.shell:Skip shell extension 'powershell' for command environment: Not usable outside of PowerShell
[0.691s] DEBUG:colcon.colcon_core.shell:Skip shell extension 'dsv' for command environment
[0.703s] DEBUG:colcon.colcon_core.event_handler.log_command:Invoking command in '/workspaces/auto_race/ros2_ws/build/my_robot_bringup': CMAKE_PREFIX_PATH=${CMAKE_PREFIX_PATH}:/opt/ros/humble /usr/bin/cmake --build /workspaces/auto_race/ros2_ws/build/my_robot_bringup -- -j8 -l8
[0.707s] DEBUG:colcon.colcon_core.event_handler.log_command:Invoking command in '/workspaces/auto_race/ros2_ws/build/my_robot_description': CMAKE_PREFIX_PATH=${CMAKE_PREFIX_PATH}:/opt/ros/humble /usr/bin/cmake --build /workspaces/auto_race/ros2_ws/build/my_robot_description -- -j8 -l8
[0.710s] DEBUG:colcon.colcon_core.event_handler.log_command:Invoking command in '/workspaces/auto_race/ros2_ws/build/waypoints': CMAKE_PREFIX_PATH=${CMAKE_PREFIX_PATH}:/opt/ros/humble /usr/bin/cmake /workspaces/auto_race/ros2_ws/src/waypoints -DAMENT_CMAKE_SYMLINK_INSTALL=1 -DCMAKE_INSTALL_PREFIX=/workspaces/auto_race/ros2_ws/install/waypoints
[1.202s] INFO:colcon.colcon_core.task.python.build:Building Python package in '/workspaces/auto_race/ros2_ws/src/waypoints_main'
[1.202s] INFO:colcon.colcon_core.shell:Skip shell extension 'powershell' for command environment: Not usable outside of PowerShell
[1.202s] DEBUG:colcon.colcon_core.shell:Skip shell extension 'dsv' for command environment
[1.223s] DEBUG:colcon.colcon_core.event_handler.log_command:Invoked command in '/workspaces/auto_race/ros2_ws/build/my_robot_bringup' returned '0': CMAKE_PREFIX_PATH=${CMAKE_PREFIX_PATH}:/opt/ros/humble /usr/bin/cmake --build /workspaces/auto_race/ros2_ws/build/my_robot_bringup -- -j8 -l8
[1.224s] DEBUG:colcon.colcon_core.event_handler.log_command:Invoked command in '/workspaces/auto_race/ros2_ws/build/my_robot_description' returned '0': CMAKE_PREFIX_PATH=${CMAKE_PREFIX_PATH}:/opt/ros/humble /usr/bin/cmake --build /workspaces/auto_race/ros2_ws/build/my_robot_description -- -j8 -l8
[1.275s] DEBUG:colcon.colcon_core.event_handler.log_command:Invoking command in '/workspaces/auto_race/ros2_ws/build/my_robot_bringup': CMAKE_PREFIX_PATH=${CMAKE_PREFIX_PATH}:/opt/ros/humble /usr/bin/cmake --install /workspaces/auto_race/ros2_ws/build/my_robot_bringup
[1.277s] DEBUG:colcon.colcon_core.event_handler.log_command:Invoking command in '/workspaces/auto_race/ros2_ws/build/my_robot_description': CMAKE_PREFIX_PATH=${CMAKE_PREFIX_PATH}:/opt/ros/humble /usr/bin/cmake --install /workspaces/auto_race/ros2_ws/build/my_robot_description
[1.300s] Level 1:colcon.colcon_core.environment:create_environment_scripts_only(my_robot_description)
[1.301s] DEBUG:colcon.colcon_core.event_handler.log_command:Invoked command in '/workspaces/auto_race/ros2_ws/build/my_robot_description' returned '0': CMAKE_PREFIX_PATH=${CMAKE_PREFIX_PATH}:/opt/ros/humble /usr/bin/cmake --install /workspaces/auto_race/ros2_ws/build/my_robot_description
[1.305s] Level 1:colcon.colcon_core.environment:checking '/workspaces/auto_race/ros2_ws/install/my_robot_description' for CMake module files
[1.306s] Level 1:colcon.colcon_core.environment:checking '/workspaces/auto_race/ros2_ws/install/my_robot_description' for CMake config files
[1.306s] Level 1:colcon.colcon_core.shell:create_environment_hook('my_robot_description', 'cmake_prefix_path')
[1.306s] INFO:colcon.colcon_core.shell:Creating environment hook '/workspaces/auto_race/ros2_ws/install/my_robot_description/share/my_robot_description/hook/cmake_prefix_path.ps1'
[1.307s] INFO:colcon.colcon_core.shell:Creating environment descriptor '/workspaces/auto_race/ros2_ws/install/my_robot_description/share/my_robot_description/hook/cmake_prefix_path.dsv'
[1.307s] INFO:colcon.colcon_core.shell:Creating environment hook '/workspaces/auto_race/ros2_ws/install/my_robot_description/share/my_robot_description/hook/cmake_prefix_path.sh'
[1.308s] Level 1:colcon.colcon_core.environment:checking '/workspaces/auto_race/ros2_ws/install/my_robot_description/bin'
[1.308s] Level 1:colcon.colcon_core.environment:checking '/workspaces/auto_race/ros2_ws/install/my_robot_description/lib/pkgconfig/my_robot_description.pc'
[1.309s] Level 1:colcon.colcon_core.environment:checking '/workspaces/auto_race/ros2_ws/install/my_robot_description/lib/python3.10/site-packages'
[1.309s] Level 1:colcon.colcon_core.environment:checking '/workspaces/auto_race/ros2_ws/install/my_robot_description/bin'
[1.309s] INFO:colcon.colcon_core.shell:Creating package script '/workspaces/auto_race/ros2_ws/install/my_robot_description/share/my_robot_description/package.ps1'
[1.311s] INFO:colcon.colcon_core.shell:Creating package descriptor '/workspaces/auto_race/ros2_ws/install/my_robot_description/share/my_robot_description/package.dsv'
[1.312s] INFO:colcon.colcon_core.shell:Creating package script '/workspaces/auto_race/ros2_ws/install/my_robot_description/share/my_robot_description/package.sh'
[1.313s] INFO:colcon.colcon_core.shell:Creating package script '/workspaces/auto_race/ros2_ws/install/my_robot_description/share/my_robot_description/package.bash'
[1.314s] INFO:colcon.colcon_core.shell:Creating package script '/workspaces/auto_race/ros2_ws/install/my_robot_description/share/my_robot_description/package.zsh'
[1.315s] Level 1:colcon.colcon_core.environment:create_file_with_runtime_dependencies(/workspaces/auto_race/ros2_ws/install/my_robot_description/share/colcon-core/packages/my_robot_description)
[1.317s] Level 1:colcon.colcon_core.environment:create_environment_scripts_only(my_robot_bringup)
[1.318s] Level 1:colcon.colcon_core.environment:checking '/workspaces/auto_race/ros2_ws/install/my_robot_bringup' for CMake module files
[1.318s] DEBUG:colcon.colcon_core.event_handler.log_command:Invoked command in '/workspaces/auto_race/ros2_ws/build/my_robot_bringup' returned '0': CMAKE_PREFIX_PATH=${CMAKE_PREFIX_PATH}:/opt/ros/humble /usr/bin/cmake --install /workspaces/auto_race/ros2_ws/build/my_robot_bringup
[1.319s] Level 1:colcon.colcon_core.environment:checking '/workspaces/auto_race/ros2_ws/install/my_robot_bringup' for CMake config files
[1.319s] Level 1:colcon.colcon_core.shell:create_environment_hook('my_robot_bringup', 'cmake_prefix_path')
[1.320s] INFO:colcon.colcon_core.shell:Creating environment hook '/workspaces/auto_race/ros2_ws/install/my_robot_bringup/share/my_robot_bringup/hook/cmake_prefix_path.ps1'
[1.320s] INFO:colcon.colcon_core.shell:Creating environment descriptor '/workspaces/auto_race/ros2_ws/install/my_robot_bringup/share/my_robot_bringup/hook/cmake_prefix_path.dsv'
[1.321s] INFO:colcon.colcon_core.shell:Creating environment hook '/workspaces/auto_race/ros2_ws/install/my_robot_bringup/share/my_robot_bringup/hook/cmake_prefix_path.sh'
[1.321s] Level 1:colcon.colcon_core.environment:checking '/workspaces/auto_race/ros2_ws/install/my_robot_bringup/bin'
[1.321s] Level 1:colcon.colcon_core.environment:checking '/workspaces/auto_race/ros2_ws/install/my_robot_bringup/lib/pkgconfig/my_robot_bringup.pc'
[1.322s] Level 1:colcon.colcon_core.environment:checking '/workspaces/auto_race/ros2_ws/install/my_robot_bringup/lib/python3.10/site-packages'
[1.322s] Level 1:colcon.colcon_core.environment:checking '/workspaces/auto_race/ros2_ws/install/my_robot_bringup/bin'
[1.323s] INFO:colcon.colcon_core.shell:Creating package script '/workspaces/auto_race/ros2_ws/install/my_robot_bringup/share/my_robot_bringup/package.ps1'
[1.323s] INFO:colcon.colcon_core.shell:Creating package descriptor '/workspaces/auto_race/ros2_ws/install/my_robot_bringup/share/my_robot_bringup/package.dsv'
[1.324s] INFO:colcon.colcon_core.shell:Creating package script '/workspaces/auto_race/ros2_ws/install/my_robot_bringup/share/my_robot_bringup/package.sh'
[1.324s] INFO:colcon.colcon_core.shell:Creating package script '/workspaces/auto_race/ros2_ws/install/my_robot_bringup/share/my_robot_bringup/package.bash'
[1.325s] INFO:colcon.colcon_core.shell:Creating package script '/workspaces/auto_race/ros2_ws/install/my_robot_bringup/share/my_robot_bringup/package.zsh'
[1.325s] Level 1:colcon.colcon_core.environment:create_file_with_runtime_dependencies(/workspaces/auto_race/ros2_ws/install/my_robot_bringup/share/colcon-core/packages/my_robot_bringup)
[1.339s] Level 1:colcon.colcon_core.environment:create_environment_scripts_only(my_robot_description)
[1.340s] Level 1:colcon.colcon_core.environment:checking '/workspaces/auto_race/ros2_ws/install/my_robot_description' for CMake module files
[1.341s] Level 1:colcon.colcon_core.environment:checking '/workspaces/auto_race/ros2_ws/install/my_robot_description' for CMake config files
[1.341s] Level 1:colcon.colcon_core.shell:create_environment_hook('my_robot_description', 'cmake_prefix_path')
[1.341s] INFO:colcon.colcon_core.shell:Creating environment hook '/workspaces/auto_race/ros2_ws/install/my_robot_description/share/my_robot_description/hook/cmake_prefix_path.ps1'
[1.342s] INFO:colcon.colcon_core.shell:Creating environment descriptor '/workspaces/auto_race/ros2_ws/install/my_robot_description/share/my_robot_description/hook/cmake_prefix_path.dsv'
[1.342s] INFO:colcon.colcon_core.shell:Creating environment hook '/workspaces/auto_race/ros2_ws/install/my_robot_description/share/my_robot_description/hook/cmake_prefix_path.sh'
[1.343s] Level 1:colcon.colcon_core.environment:checking '/workspaces/auto_race/ros2_ws/install/my_robot_description/bin'
[1.343s] Level 1:colcon.colcon_core.environment:checking '/workspaces/auto_race/ros2_ws/install/my_robot_description/lib/pkgconfig/my_robot_description.pc'
[1.343s] Level 1:colcon.colcon_core.environment:checking '/workspaces/auto_race/ros2_ws/install/my_robot_description/lib/python3.10/site-packages'
[1.344s] Level 1:colcon.colcon_core.environment:checking '/workspaces/auto_race/ros2_ws/install/my_robot_description/bin'
[1.344s] INFO:colcon.colcon_core.shell:Creating package script '/workspaces/auto_race/ros2_ws/install/my_robot_description/share/my_robot_description/package.ps1'
[1.345s] INFO:colcon.colcon_core.shell:Creating package descriptor '/workspaces/auto_race/ros2_ws/install/my_robot_description/share/my_robot_description/package.dsv'
[1.345s] INFO:colcon.colcon_core.shell:Creating package script '/workspaces/auto_race/ros2_ws/install/my_robot_description/share/my_robot_description/package.sh'
[1.346s] INFO:colcon.colcon_core.shell:Creating package script '/workspaces/auto_race/ros2_ws/install/my_robot_description/share/my_robot_description/package.bash'
[1.356s] INFO:colcon.colcon_core.shell:Creating package script '/workspaces/auto_race/ros2_ws/install/my_robot_description/share/my_robot_description/package.zsh'
[1.357s] Level 1:colcon.colcon_core.environment:create_file_with_runtime_dependencies(/workspaces/auto_race/ros2_ws/install/my_robot_description/share/colcon-core/packages/my_robot_description)
[1.358s] Level 1:colcon.colcon_core.environment:create_environment_scripts_only(my_robot_bringup)
[1.358s] Level 1:colcon.colcon_core.environment:checking '/workspaces/auto_race/ros2_ws/install/my_robot_bringup' for CMake module files
[1.359s] Level 1:colcon.colcon_core.environment:checking '/workspaces/auto_race/ros2_ws/install/my_robot_bringup' for CMake config files
[1.360s] Level 1:colcon.colcon_core.shell:create_environment_hook('my_robot_bringup', 'cmake_prefix_path')
[1.360s] INFO:colcon.colcon_core.shell:Creating environment hook '/workspaces/auto_race/ros2_ws/install/my_robot_bringup/share/my_robot_bringup/hook/cmake_prefix_path.ps1'
[1.361s] INFO:colcon.colcon_core.shell:Creating environment descriptor '/workspaces/auto_race/ros2_ws/install/my_robot_bringup/share/my_robot_bringup/hook/cmake_prefix_path.dsv'
[1.361s] INFO:colcon.colcon_core.shell:Creating environment hook '/workspaces/auto_race/ros2_ws/install/my_robot_bringup/share/my_robot_bringup/hook/cmake_prefix_path.sh'
[1.362s] Level 1:colcon.colcon_core.environment:checking '/workspaces/auto_race/ros2_ws/install/my_robot_bringup/bin'
[1.362s] Level 1:colcon.colcon_core.environment:checking '/workspaces/auto_race/ros2_ws/install/my_robot_bringup/lib/pkgconfig/my_robot_bringup.pc'
[1.362s] Level 1:colcon.colcon_core.environment:checking '/workspaces/auto_race/ros2_ws/install/my_robot_bringup/lib/python3.10/site-packages'
[1.363s] Level 1:colcon.colcon_core.environment:checking '/workspaces/auto_race/ros2_ws/install/my_robot_bringup/bin'
[1.363s] INFO:colcon.colcon_core.shell:Creating package script '/workspaces/auto_race/ros2_ws/install/my_robot_bringup/share/my_robot_bringup/package.ps1'
[1.364s] INFO:colcon.colcon_core.shell:Creating package descriptor '/workspaces/auto_race/ros2_ws/install/my_robot_bringup/share/my_robot_bringup/package.dsv'
[1.365s] INFO:colcon.colcon_core.shell:Creating package script '/workspaces/auto_race/ros2_ws/install/my_robot_bringup/share/my_robot_bringup/package.sh'
[1.365s] INFO:colcon.colcon_core.shell:Creating package script '/workspaces/auto_race/ros2_ws/install/my_robot_bringup/share/my_robot_bringup/package.bash'
[1.366s] INFO:colcon.colcon_core.shell:Creating package script '/workspaces/auto_race/ros2_ws/install/my_robot_bringup/share/my_robot_bringup/package.zsh'
[1.366s] Level 1:colcon.colcon_core.environment:create_file_with_runtime_dependencies(/workspaces/auto_race/ros2_ws/install/my_robot_bringup/share/colcon-core/packages/my_robot_bringup)
[4.994s] DEBUG:colcon.colcon_core.event_handler.log_command:Invoking command in '/workspaces/auto_race/ros2_ws/build/waypoints_main': PYTHONPATH=/workspaces/auto_race/ros2_ws/build/waypoints_main/prefix_override:/workspaces/auto_race/ros2_ws/install/waypoints_main/lib/python3.10/site-packages:${PYTHONPATH} /usr/bin/python3 -W ignore:setup.py install is deprecated setup.py develop --editable --build-directory /workspaces/auto_race/ros2_ws/build/waypoints_main/build --no-deps symlink_data
[5.567s] Level 1:colcon.colcon_core.shell:create_environment_hook('waypoints_main', 'pythonpath_develop')
[5.567s] INFO:colcon.colcon_core.shell:Creating environment hook '/workspaces/auto_race/ros2_ws/build/waypoints_main/share/waypoints_main/hook/pythonpath_develop.ps1'
[5.568s] DEBUG:colcon.colcon_core.event_handler.log_command:Invoked command in '/workspaces/auto_race/ros2_ws/build/waypoints_main' returned '0': PYTHONPATH=/workspaces/auto_race/ros2_ws/build/waypoints_main/prefix_override:/workspaces/auto_race/ros2_ws/install/waypoints_main/lib/python3.10/site-packages:${PYTHONPATH} /usr/bin/python3 -W ignore:setup.py install is deprecated setup.py develop --editable --build-directory /workspaces/auto_race/ros2_ws/build/waypoints_main/build --no-deps symlink_data
[5.569s] INFO:colcon.colcon_core.shell:Creating environment descriptor '/workspaces/auto_race/ros2_ws/build/waypoints_main/share/waypoints_main/hook/pythonpath_develop.dsv'
[5.569s] INFO:colcon.colcon_core.shell:Creating environment hook '/workspaces/auto_race/ros2_ws/build/waypoints_main/share/waypoints_main/hook/pythonpath_develop.sh'
[5.569s] Level 1:colcon.colcon_core.environment:checking '/workspaces/auto_race/ros2_ws/install/waypoints_main' for CMake module files
[5.570s] Level 1:colcon.colcon_core.environment:checking '/workspaces/auto_race/ros2_ws/install/waypoints_main' for CMake config files
[5.571s] Level 1:colcon.colcon_core.environment:checking '/workspaces/auto_race/ros2_ws/install/waypoints_main/lib'
[5.571s] Level 1:colcon.colcon_core.environment:checking '/workspaces/auto_race/ros2_ws/install/waypoints_main/bin'
[5.571s] Level 1:colcon.colcon_core.environment:checking '/workspaces/auto_race/ros2_ws/install/waypoints_main/lib/pkgconfig/waypoints_main.pc'
[5.571s] Level 1:colcon.colcon_core.environment:checking '/workspaces/auto_race/ros2_ws/install/waypoints_main/lib/python3.10/site-packages'
[5.571s] Level 1:colcon.colcon_core.shell:create_environment_hook('waypoints_main', 'pythonpath')
[5.572s] INFO:colcon.colcon_core.shell:Creating environment hook '/workspaces/auto_race/ros2_ws/install/waypoints_main/share/waypoints_main/hook/pythonpath.ps1'
[5.572s] INFO:colcon.colcon_core.shell:Creating environment descriptor '/workspaces/auto_race/ros2_ws/install/waypoints_main/share/waypoints_main/hook/pythonpath.dsv'
[5.573s] INFO:colcon.colcon_core.shell:Creating environment hook '/workspaces/auto_race/ros2_ws/install/waypoints_main/share/waypoints_main/hook/pythonpath.sh'
[5.573s] Level 1:colcon.colcon_core.environment:checking '/workspaces/auto_race/ros2_ws/install/waypoints_main/bin'
[5.573s] Level 1:colcon.colcon_core.environment:create_environment_scripts_only(waypoints_main)
[5.574s] INFO:colcon.colcon_core.shell:Creating package script '/workspaces/auto_race/ros2_ws/install/waypoints_main/share/waypoints_main/package.ps1'
[5.575s] INFO:colcon.colcon_core.shell:Creating package descriptor '/workspaces/auto_race/ros2_ws/install/waypoints_main/share/waypoints_main/package.dsv'
[5.576s] INFO:colcon.colcon_core.shell:Creating package script '/workspaces/auto_race/ros2_ws/install/waypoints_main/share/waypoints_main/package.sh'
[5.577s] INFO:colcon.colcon_core.shell:Creating package script '/workspaces/auto_race/ros2_ws/install/waypoints_main/share/waypoints_main/package.bash'
[5.577s] INFO:colcon.colcon_core.shell:Creating package script '/workspaces/auto_race/ros2_ws/install/waypoints_main/share/waypoints_main/package.zsh'
[5.577s] Level 1:colcon.colcon_core.environment:create_file_with_runtime_dependencies(/workspaces/auto_race/ros2_ws/install/waypoints_main/share/colcon-core/packages/waypoints_main)
[6.571s] DEBUG:colcon.colcon_core.event_handler.log_command:Invoked command in '/workspaces/auto_race/ros2_ws/build/waypoints' returned '0': CMAKE_PREFIX_PATH=${CMAKE_PREFIX_PATH}:/opt/ros/humble /usr/bin/cmake /workspaces/auto_race/ros2_ws/src/waypoints -DAMENT_CMAKE_SYMLINK_INSTALL=1 -DCMAKE_INSTALL_PREFIX=/workspaces/auto_race/ros2_ws/install/waypoints
[6.571s] DEBUG:colcon.colcon_core.event_handler.log_command:Invoking command in '/workspaces/auto_race/ros2_ws/build/waypoints': CMAKE_PREFIX_PATH=${CMAKE_PREFIX_PATH}:/opt/ros/humble /usr/bin/cmake --build /workspaces/auto_race/ros2_ws/build/waypoints -- -j8 -l8
[6.599s] DEBUG:colcon.colcon_core.event_handler.log_command:Invoked command in '/workspaces/auto_race/ros2_ws/build/waypoints' returned '0': CMAKE_PREFIX_PATH=${CMAKE_PREFIX_PATH}:/opt/ros/humble /usr/bin/cmake --build /workspaces/auto_race/ros2_ws/build/waypoints -- -j8 -l8
[6.620s] DEBUG:colcon.colcon_core.event_handler.log_command:Invoking command in '/workspaces/auto_race/ros2_ws/build/waypoints': CMAKE_PREFIX_PATH=${CMAKE_PREFIX_PATH}:/opt/ros/humble /usr/bin/cmake --install /workspaces/auto_race/ros2_ws/build/waypoints
[6.747s] Level 1:colcon.colcon_core.environment:create_environment_scripts_only(waypoints)
[6.748s] Level 1:colcon.colcon_core.environment:checking '/workspaces/auto_race/ros2_ws/install/waypoints' for CMake module files
[6.749s] DEBUG:colcon.colcon_core.event_handler.log_command:Invoked command in '/workspaces/auto_race/ros2_ws/build/waypoints' returned '0': CMAKE_PREFIX_PATH=${CMAKE_PREFIX_PATH}:/opt/ros/humble /usr/bin/cmake --install /workspaces/auto_race/ros2_ws/build/waypoints
[6.749s] Level 1:colcon.colcon_core.environment:checking '/workspaces/auto_race/ros2_ws/install/waypoints' for CMake config files
[6.750s] Level 1:colcon.colcon_core.shell:create_environment_hook('waypoints', 'cmake_prefix_path')
[6.750s] INFO:colcon.colcon_core.shell:Creating environment hook '/workspaces/auto_race/ros2_ws/install/waypoints/share/waypoints/hook/cmake_prefix_path.ps1'
[6.751s] INFO:colcon.colcon_core.shell:Creating environment descriptor '/workspaces/auto_race/ros2_ws/install/waypoints/share/waypoints/hook/cmake_prefix_path.dsv'
[6.751s] INFO:colcon.colcon_core.shell:Creating environment hook '/workspaces/auto_race/ros2_ws/install/waypoints/share/waypoints/hook/cmake_prefix_path.sh'
[6.751s] Level 1:colcon.colcon_core.environment:checking '/workspaces/auto_race/ros2_ws/install/waypoints/bin'
[6.751s] Level 1:colcon.colcon_core.environment:checking '/workspaces/auto_race/ros2_ws/install/waypoints/lib/pkgconfig/waypoints.pc'
[6.752s] Level 1:colcon.colcon_core.environment:checking '/workspaces/auto_race/ros2_ws/install/waypoints/lib/python3.10/site-packages'
[6.752s] Level 1:colcon.colcon_core.environment:checking '/workspaces/auto_race/ros2_ws/install/waypoints/bin'
[6.753s] INFO:colcon.colcon_core.shell:Creating package script '/workspaces/auto_race/ros2_ws/install/waypoints/share/waypoints/package.ps1'
[6.753s] INFO:colcon.colcon_core.shell:Creating package descriptor '/workspaces/auto_race/ros2_ws/install/waypoints/share/waypoints/package.dsv'
[6.753s] INFO:colcon.colcon_core.shell:Creating package script '/workspaces/auto_race/ros2_ws/install/waypoints/share/waypoints/package.sh'
[6.754s] INFO:colcon.colcon_core.shell:Creating package script '/workspaces/auto_race/ros2_ws/install/waypoints/share/waypoints/package.bash'
[6.754s] INFO:colcon.colcon_core.shell:Creating package script '/workspaces/auto_race/ros2_ws/install/waypoints/share/waypoints/package.zsh'
[6.754s] Level 1:colcon.colcon_core.environment:create_file_with_runtime_dependencies(/workspaces/auto_race/ros2_ws/install/waypoints/share/colcon-core/packages/waypoints)
[6.776s] Level 1:colcon.colcon_core.environment:create_environment_scripts_only(waypoints)
[6.776s] Level 1:colcon.colcon_core.environment:checking '/workspaces/auto_race/ros2_ws/install/waypoints' for CMake module files
[6.777s] Level 1:colcon.colcon_core.environment:checking '/workspaces/auto_race/ros2_ws/install/waypoints' for CMake config files
[6.777s] Level 1:colcon.colcon_core.shell:create_environment_hook('waypoints', 'cmake_prefix_path')
[6.777s] INFO:colcon.colcon_core.shell:Creating environment hook '/workspaces/auto_race/ros2_ws/install/waypoints/share/waypoints/hook/cmake_prefix_path.ps1'
[6.777s] INFO:colcon.colcon_core.shell:Creating environment descriptor '/workspaces/auto_race/ros2_ws/install/waypoints/share/waypoints/hook/cmake_prefix_path.dsv'
[6.778s] INFO:colcon.colcon_core.shell:Creating environment hook '/workspaces/auto_race/ros2_ws/install/waypoints/share/waypoints/hook/cmake_prefix_path.sh'
[6.778s] Level 1:colcon.colcon_core.environment:checking '/workspaces/auto_race/ros2_ws/install/waypoints/bin'
[6.778s] Level 1:colcon.colcon_core.environment:checking '/workspaces/auto_race/ros2_ws/install/waypoints/lib/pkgconfig/waypoints.pc'
[6.779s] Level 1:colcon.colcon_core.environment:checking '/workspaces/auto_race/ros2_ws/install/waypoints/lib/python3.10/site-packages'
[6.779s] Level 1:colcon.colcon_core.environment:checking '/workspaces/auto_race/ros2_ws/install/waypoints/bin'
[6.779s] INFO:colcon.colcon_core.shell:Creating package script '/workspaces/auto_race/ros2_ws/install/waypoints/share/waypoints/package.ps1'
[6.780s] INFO:colcon.colcon_core.shell:Creating package descriptor '/workspaces/auto_race/ros2_ws/install/waypoints/share/waypoints/package.dsv'
[6.780s] INFO:colcon.colcon_core.shell:Creating package script '/workspaces/auto_race/ros2_ws/install/waypoints/share/waypoints/package.sh'
[6.781s] INFO:colcon.colcon_core.shell:Creating package script '/workspaces/auto_race/ros2_ws/install/waypoints/share/waypoints/package.bash'
[6.781s] INFO:colcon.colcon_core.shell:Creating package script '/workspaces/auto_race/ros2_ws/install/waypoints/share/waypoints/package.zsh'
[6.782s] Level 1:colcon.colcon_core.environment:create_file_with_runtime_dependencies(/workspaces/auto_race/ros2_ws/install/waypoints/share/colcon-core/packages/waypoints)
[6.782s] DEBUG:colcon.colcon_parallel_executor.executor.parallel:closing loop
[6.782s] DEBUG:colcon.colcon_parallel_executor.executor.parallel:loop closed
[6.782s] DEBUG:colcon.colcon_parallel_executor.executor.parallel:run_until_complete finished with '0'
[6.782s] DEBUG:colcon.colcon_core.event_reactor:joining thread
[6.812s] INFO:colcon.colcon_core.plugin_system:Skipping extension 'colcon_notification.desktop_notification.notify_send': Could not find 'notify-send'
[6.812s] INFO:colcon.colcon_core.plugin_system:Skipping extension 'colcon_notification.desktop_notification.terminal_notifier': Not used on non-Darwin systems
[6.812s] INFO:colcon.colcon_core.plugin_system:Skipping extension 'colcon_notification.desktop_notification.win32': Not used on non-Windows systems
[6.813s] INFO:colcon.colcon_notification.desktop_notification:Sending desktop notification using 'notify2'
[6.815s] DEBUG:colcon.colcon_notification.desktop_notification.notify2:Failed to initialize notify2: org.freedesktop.DBus.Error.Spawn.ExecFailed: /usr/bin/dbus-launch terminated abnormally without any error message
[6.815s] DEBUG:colcon.colcon_core.event_reactor:joined thread
[6.815s] INFO:colcon.colcon_core.shell:Creating prefix script '/workspaces/auto_race/ros2_ws/install/local_setup.ps1'
[6.817s] INFO:colcon.colcon_core.shell:Creating prefix util module '/workspaces/auto_race/ros2_ws/install/_local_setup_util_ps1.py'
[6.819s] INFO:colcon.colcon_core.shell:Creating prefix chain script '/workspaces/auto_race/ros2_ws/install/setup.ps1'
[6.820s] INFO:colcon.colcon_core.shell:Creating prefix script '/workspaces/auto_race/ros2_ws/install/local_setup.sh'
[6.821s] INFO:colcon.colcon_core.shell:Creating prefix util module '/workspaces/auto_race/ros2_ws/install/_local_setup_util_sh.py'
[6.821s] INFO:colcon.colcon_core.shell:Creating prefix chain script '/workspaces/auto_race/ros2_ws/install/setup.sh'
[6.823s] INFO:colcon.colcon_core.shell:Creating prefix script '/workspaces/auto_race/ros2_ws/install/local_setup.bash'
[6.823s] INFO:colcon.colcon_core.shell:Creating prefix chain script '/workspaces/auto_race/ros2_ws/install/setup.bash'
[6.825s] INFO:colcon.colcon_core.shell:Creating prefix script '/workspaces/auto_race/ros2_ws/install/local_setup.zsh'
[6.825s] INFO:colcon.colcon_core.shell:Creating prefix chain script '/workspaces/auto_race/ros2_ws/install/setup.zsh'
