[0.087s] Invoking command in '/workspaces/auto_race/build/my_robot_description': CMAKE_PREFIX_PATH=/opt/ros/humble /usr/bin/cmake --build /workspaces/auto_race/build/my_robot_description -- -j8 -l8
[0.459s] Invoked command in '/workspaces/auto_race/build/my_robot_description' returned '0': CMAKE_PREFIX_PATH=/opt/ros/humble /usr/bin/cmake --build /workspaces/auto_race/build/my_robot_description -- -j8 -l8
[0.492s] Invoking command in '/workspaces/auto_race/build/my_robot_description': CMAKE_PREFIX_PATH=/opt/ros/humble /usr/bin/cmake --install /workspaces/auto_race/build/my_robot_description
[0.500s] -- Install configuration: ""
[0.531s] -- Execute custom install script
[0.532s] -- Up-to-date symlink: /workspaces/auto_race/install/my_robot_description/share/my_robot_description//urdf/common_properties.urdf.xacro
[0.532s] -- Up-to-date symlink: /workspaces/auto_race/install/my_robot_description/share/my_robot_description//urdf/mobile_base.urdf.xacro
[0.533s] -- Up-to-date symlink: /workspaces/auto_race/install/my_robot_description/share/my_robot_description//urdf/mobile_base_gazebo.urdf.xacro
[0.535s] -- Up-to-date symlink: /workspaces/auto_race/install/my_robot_description/share/my_robot_description//urdf/my_robot.urdf.xacro
[0.535s] -- Up-to-date symlink: /workspaces/auto_race/install/my_robot_description/share/my_robot_description//urdf/sensors.urdf.xacro
[0.536s] -- Up-to-date symlink: /workspaces/auto_race/install/my_robot_description/share/my_robot_description//launch/display.launch.xml
[0.537s] -- Up-to-date symlink: /workspaces/auto_race/install/my_robot_description/share/ament_index/resource_index/package_run_dependencies/my_robot_description
[0.537s] -- Up-to-date symlink: /workspaces/auto_race/install/my_robot_description/share/ament_index/resource_index/parent_prefix_path/my_robot_description
[0.547s] -- Up-to-date symlink: /workspaces/auto_race/install/my_robot_description/share/my_robot_description/environment/ament_prefix_path.sh
[0.547s] -- Up-to-date symlink: /workspaces/auto_race/install/my_robot_description/share/my_robot_description/environment/ament_prefix_path.dsv
[0.547s] -- Up-to-date symlink: /workspaces/auto_race/install/my_robot_description/share/my_robot_description/environment/path.sh
[0.547s] -- Up-to-date symlink: /workspaces/auto_race/install/my_robot_description/share/my_robot_description/environment/path.dsv
[0.547s] -- Up-to-date symlink: /workspaces/auto_race/install/my_robot_description/share/my_robot_description/local_setup.bash
[0.548s] -- Up-to-date symlink: /workspaces/auto_race/install/my_robot_description/share/my_robot_description/local_setup.sh
[0.548s] -- Up-to-date symlink: /workspaces/auto_race/install/my_robot_description/share/my_robot_description/local_setup.zsh
[0.548s] -- Up-to-date symlink: /workspaces/auto_race/install/my_robot_description/share/my_robot_description/local_setup.dsv
[0.548s] -- Symlinking: /workspaces/auto_race/install/my_robot_description/share/my_robot_description/package.dsv
[0.551s] -- Up-to-date symlink: /workspaces/auto_race/install/my_robot_description/share/ament_index/resource_index/packages/my_robot_description
[0.551s] -- Up-to-date symlink: /workspaces/auto_race/install/my_robot_description/share/my_robot_description/cmake/my_robot_descriptionConfig.cmake
[0.552s] -- Up-to-date symlink: /workspaces/auto_race/install/my_robot_description/share/my_robot_description/cmake/my_robot_descriptionConfig-version.cmake
[0.553s] -- Up-to-date symlink: /workspaces/auto_race/install/my_robot_description/share/my_robot_description/package.xml
[0.569s] Invoked command in '/workspaces/auto_race/build/my_robot_description' returned '0': CMAKE_PREFIX_PATH=/opt/ros/humble /usr/bin/cmake --install /workspaces/auto_race/build/my_robot_description
