[0.019s] Invoking command in '/workspaces/auto_race/build/my_robot_description': /usr/bin/cmake /workspaces/auto_race/ros2_ws/src/my_robot_description -DAMENT_CMAKE_SYMLINK_INSTALL=1 -DCMAKE_INSTALL_PREFIX=/workspaces/auto_race/install/my_robot_description
[1.019s] -- The C compiler identification is GNU 11.4.0
[1.481s] -- The CXX compiler identification is GNU 11.4.0
[1.519s] -- Detecting C compiler ABI info
[1.812s] -- Detecting C compiler ABI info - done
[1.827s] -- Check for working C compiler: /usr/bin/cc - skipped
[1.894s] -- Detecting C compile features
[1.895s] -- Detecting C compile features - done
[1.903s] -- Detecting CXX compiler ABI info
[2.158s] -- Detecting CXX compiler ABI info - done
[2.176s] -- Check for working CXX compiler: /usr/bin/c++ - skipped
[2.176s] -- Detecting CXX compile features
[2.177s] -- Detecting CXX compile features - done
[2.201s] -- Configuring incomplete, errors occurred!
[2.201s] See also "/workspaces/auto_race/build/my_robot_description/CMakeFiles/CMakeOutput.log".
[2.201s] [31mCMake Error at CMakeLists.txt:9 (find_package):
[2.201s]   By not providing "Findament_cmake.cmake" in CMAKE_MODULE_PATH this project
[2.202s]   has asked CMake to find a package configuration file provided by
[2.202s]   "ament_cmake", but CMake did not find one.
[2.202s] 
[2.203s]   Could not find a package configuration file provided by "ament_cmake" with
[2.204s]   any of the following names:
[2.204s] 
[2.204s]     ament_cmakeConfig.cmake
[2.205s]     ament_cmake-config.cmake
[2.208s] 
[2.209s]   Add the installation prefix of "ament_cmake" to CMAKE_PREFIX_PATH or set
[2.209s]   "ament_cmake_DIR" to a directory containing one of the above files.  If
[2.209s]   "ament_cmake" provides a separate development package or SDK, be sure it
[2.209s]   has been installed.
[2.209s] 
[2.209s] [0m
[2.210s] Invoked command in '/workspaces/auto_race/build/my_robot_description' returned '1': /usr/bin/cmake /workspaces/auto_race/ros2_ws/src/my_robot_description -DAMENT_CMAKE_SYMLINK_INSTALL=1 -DCMAKE_INSTALL_PREFIX=/workspaces/auto_race/install/my_robot_description
