[0.031s] Invoking command in '/workspaces/auto_race/ros2_ws/build/my_robot_bringup': CMAKE_PREFIX_PATH=${CMAKE_PREFIX_PATH}:/opt/ros/humble /usr/bin/cmake /workspaces/auto_race/ros2_ws/src/my_robot_bringup -DCMAKE_INSTALL_PREFIX=/workspaces/auto_race/ros2_ws/install/my_robot_bringup
[0.325s] -- Found ament_cmake: 1.3.8 (/opt/ros/humble/share/ament_cmake/cmake)
[0.841s] -- Override CMake install command with custom implementation using symlinks instead of copying resources
[0.916s] -- Found ament_lint_auto: 0.12.10 (/opt/ros/humble/share/ament_lint_auto/cmake)
[1.202s] -- Added test 'flake8' to check Python code syntax and style conventions
[1.205s] -- Added test 'lint_cmake' to check CMake code style
[1.206s] -- Added test 'pep257' to check Python code against some of the docstring style conventions in PEP 257
[1.212s] -- Added test 'xmllint' to check XML markup files
[1.251s] -- Configuring done
[1.279s] -- Generating done
[1.280s] -- Build files have been written to: /workspaces/auto_race/ros2_ws/build/my_robot_bringup
[1.283s] Invoked command in '/workspaces/auto_race/ros2_ws/build/my_robot_bringup' returned '0': CMAKE_PREFIX_PATH=${CMAKE_PREFIX_PATH}:/opt/ros/humble /usr/bin/cmake /workspaces/auto_race/ros2_ws/src/my_robot_bringup -DCMAKE_INSTALL_PREFIX=/workspaces/auto_race/ros2_ws/install/my_robot_bringup
[1.286s] Invoking command in '/workspaces/auto_race/ros2_ws/build/my_robot_bringup': CMAKE_PREFIX_PATH=${CMAKE_PREFIX_PATH}:/opt/ros/humble /usr/bin/cmake --build /workspaces/auto_race/ros2_ws/build/my_robot_bringup -- -j8 -l8
[1.462s] Invoked command in '/workspaces/auto_race/ros2_ws/build/my_robot_bringup' returned '0': CMAKE_PREFIX_PATH=${CMAKE_PREFIX_PATH}:/opt/ros/humble /usr/bin/cmake --build /workspaces/auto_race/ros2_ws/build/my_robot_bringup -- -j8 -l8
[1.471s] Invoking command in '/workspaces/auto_race/ros2_ws/build/my_robot_bringup': CMAKE_PREFIX_PATH=${CMAKE_PREFIX_PATH}:/opt/ros/humble /usr/bin/cmake --install /workspaces/auto_race/ros2_ws/build/my_robot_bringup
[1.479s] -- Install configuration: ""
[1.479s] -- Execute custom install script
[1.480s] -- Up-to-date symlink: /workspaces/auto_race/ros2_ws/install/my_robot_bringup/share/my_robot_bringup//launch/my_robot_gazebo.launch.xml
[1.480s] -- Symlinking: /workspaces/auto_race/ros2_ws/install/my_robot_bringup/share/my_robot_bringup//launch/nav2_gazebo.launch.py
[1.489s] -- Symlinking: /workspaces/auto_race/ros2_ws/install/my_robot_bringup/share/my_robot_bringup//launch/nav2_gazebo.launch.xml
[1.499s] -- Up-to-date symlink: /workspaces/auto_race/ros2_ws/install/my_robot_bringup/share/my_robot_bringup//rviz/rviz_config.rviz
[1.499s] -- Up-to-date symlink: /workspaces/auto_race/ros2_ws/install/my_robot_bringup/share/my_robot_bringup//worlds/my_world.world
[1.500s] -- Symlinking: /workspaces/auto_race/ros2_ws/install/my_robot_bringup/share/my_robot_bringup//map/map_gazebo.pgm
[1.509s] -- Symlinking: /workspaces/auto_race/ros2_ws/install/my_robot_bringup/share/my_robot_bringup//map/map_gazebo.yaml
[1.518s] -- Symlinking: /workspaces/auto_race/ros2_ws/install/my_robot_bringup/share/my_robot_bringup//param/my_robot.yaml
[1.527s] -- Up-to-date symlink: /workspaces/auto_race/ros2_ws/install/my_robot_bringup/share/ament_index/resource_index/package_run_dependencies/my_robot_bringup
[1.527s] -- Up-to-date symlink: /workspaces/auto_race/ros2_ws/install/my_robot_bringup/share/ament_index/resource_index/parent_prefix_path/my_robot_bringup
[1.527s] -- Up-to-date symlink: /workspaces/auto_race/ros2_ws/install/my_robot_bringup/share/my_robot_bringup/environment/ament_prefix_path.sh
[1.527s] -- Up-to-date symlink: /workspaces/auto_race/ros2_ws/install/my_robot_bringup/share/my_robot_bringup/environment/ament_prefix_path.dsv
[1.528s] -- Up-to-date symlink: /workspaces/auto_race/ros2_ws/install/my_robot_bringup/share/my_robot_bringup/environment/path.sh
[1.528s] -- Up-to-date symlink: /workspaces/auto_race/ros2_ws/install/my_robot_bringup/share/my_robot_bringup/environment/path.dsv
[1.528s] -- Up-to-date symlink: /workspaces/auto_race/ros2_ws/install/my_robot_bringup/share/my_robot_bringup/local_setup.bash
[1.528s] -- Up-to-date symlink: /workspaces/auto_race/ros2_ws/install/my_robot_bringup/share/my_robot_bringup/local_setup.sh
[1.528s] -- Up-to-date symlink: /workspaces/auto_race/ros2_ws/install/my_robot_bringup/share/my_robot_bringup/local_setup.zsh
[1.529s] -- Up-to-date symlink: /workspaces/auto_race/ros2_ws/install/my_robot_bringup/share/my_robot_bringup/local_setup.dsv
[1.529s] -- Symlinking: /workspaces/auto_race/ros2_ws/install/my_robot_bringup/share/my_robot_bringup/package.dsv
[1.538s] -- Up-to-date symlink: /workspaces/auto_race/ros2_ws/install/my_robot_bringup/share/ament_index/resource_index/packages/my_robot_bringup
[1.538s] -- Up-to-date symlink: /workspaces/auto_race/ros2_ws/install/my_robot_bringup/share/my_robot_bringup/cmake/my_robot_bringupConfig.cmake
[1.538s] -- Up-to-date symlink: /workspaces/auto_race/ros2_ws/install/my_robot_bringup/share/my_robot_bringup/cmake/my_robot_bringupConfig-version.cmake
[1.539s] -- Up-to-date symlink: /workspaces/auto_race/ros2_ws/install/my_robot_bringup/share/my_robot_bringup/package.xml
[1.610s] Invoked command in '/workspaces/auto_race/ros2_ws/build/my_robot_bringup' returned '0': CMAKE_PREFIX_PATH=${CMAKE_PREFIX_PATH}:/opt/ros/humble /usr/bin/cmake --install /workspaces/auto_race/ros2_ws/build/my_robot_bringup
