[0.018s] Invoking command in '/workspaces/auto_race/build/my_robot_description': /usr/bin/cmake /workspaces/auto_race/ros2_ws/src/my_robot_description -DAMENT_CMAKE_SYMLINK_INSTALL=1 -DCMAKE_INSTALL_PREFIX=/workspaces/auto_race/install/my_robot_description
[0.059s] [31mCMake Error at CMakeLists.txt:9 (find_package):
[0.059s]   By not providing "Findament_cmake.cmake" in CMAKE_MODULE_PATH this project
[0.060s]   has asked CMake to find a package configuration file provided by
[0.060s]   "ament_cmake", but CMake did not find one.
[0.060s] 
[0.060s]   Could not find a package configuration file provided by "ament_cmake" with
[0.060s]   any of the following names:
[0.060s] 
[0.060s]     ament_cmakeConfig.cmake
[0.060s]     ament_cmake-config.cmake
[0.060s] 
[0.061s]   Add the installation prefix of "ament_cmake" to CMAKE_PREFIX_PATH or set
[0.061s]   "ament_cmake_DIR" to a directory containing one of the above files.  If
[0.061s]   "ament_cmake" provides a separate development package or SDK, be sure it
[0.061s]   has been installed.
[0.061s] 
[0.061s] [0m
[0.062s] -- Configuring incomplete, errors occurred!
[0.062s] See also "/workspaces/auto_race/build/my_robot_description/CMakeFiles/CMakeOutput.log".
[0.279s] Invoked command in '/workspaces/auto_race/build/my_robot_description' returned '1': /usr/bin/cmake /workspaces/auto_race/ros2_ws/src/my_robot_description -DAMENT_CMAKE_SYMLINK_INSTALL=1 -DCMAKE_INSTALL_PREFIX=/workspaces/auto_race/install/my_robot_description
