[0.108s] Invoking command in '/workspaces/auto_race/build/waypoints': CMAKE_PREFIX_PATH=/opt/ros/humble /usr/bin/cmake --build /workspaces/auto_race/build/waypoints -- -j8 -l8
[0.455s] Invoked command in '/workspaces/auto_race/build/waypoints' returned '0': CMAKE_PREFIX_PATH=/opt/ros/humble /usr/bin/cmake --build /workspaces/auto_race/build/waypoints -- -j8 -l8
[0.485s] Invoking command in '/workspaces/auto_race/build/waypoints': CMAKE_PREFIX_PATH=/opt/ros/humble /usr/bin/cmake --install /workspaces/auto_race/build/waypoints
[0.493s] -- Install configuration: ""
[0.525s] -- Execute custom install script
[0.526s] -- Up-to-date symlink: /workspaces/auto_race/install/waypoints/share/ament_index/resource_index/package_run_dependencies/waypoints
[0.526s] -- Up-to-date symlink: /workspaces/auto_race/install/waypoints/share/ament_index/resource_index/parent_prefix_path/waypoints
[0.527s] -- Up-to-date symlink: /workspaces/auto_race/install/waypoints/share/waypoints/environment/ament_prefix_path.sh
[0.527s] -- Up-to-date symlink: /workspaces/auto_race/install/waypoints/share/waypoints/environment/ament_prefix_path.dsv
[0.529s] -- Up-to-date symlink: /workspaces/auto_race/install/waypoints/share/waypoints/environment/path.sh
[0.530s] -- Up-to-date symlink: /workspaces/auto_race/install/waypoints/share/waypoints/environment/path.dsv
[0.530s] -- Up-to-date symlink: /workspaces/auto_race/install/waypoints/share/waypoints/local_setup.bash
[0.530s] -- Up-to-date symlink: /workspaces/auto_race/install/waypoints/share/waypoints/local_setup.sh
[0.530s] -- Up-to-date symlink: /workspaces/auto_race/install/waypoints/share/waypoints/local_setup.zsh
[0.530s] -- Up-to-date symlink: /workspaces/auto_race/install/waypoints/share/waypoints/local_setup.dsv
[0.531s] -- Symlinking: /workspaces/auto_race/install/waypoints/share/waypoints/package.dsv
[0.544s] -- Up-to-date symlink: /workspaces/auto_race/install/waypoints/share/ament_index/resource_index/packages/waypoints
[0.545s] -- Up-to-date symlink: /workspaces/auto_race/install/waypoints/share/waypoints/cmake/waypointsConfig.cmake
[0.545s] -- Up-to-date symlink: /workspaces/auto_race/install/waypoints/share/waypoints/cmake/waypointsConfig-version.cmake
[0.546s] -- Up-to-date symlink: /workspaces/auto_race/install/waypoints/share/waypoints/package.xml
[0.554s] Invoked command in '/workspaces/auto_race/build/waypoints' returned '0': CMAKE_PREFIX_PATH=/opt/ros/humble /usr/bin/cmake --install /workspaces/auto_race/build/waypoints
