[0.014s] Invoking command in '/workspaces/auto_race/ros2_ws/build/my_robot_description': CMAKE_PREFIX_PATH=${CMAKE_PREFIX_PATH}:/opt/ros/humble /usr/bin/cmake /workspaces/auto_race/ros2_ws/src/my_robot_description -DCMAKE_INSTALL_PREFIX=/workspaces/auto_race/ros2_ws/install/my_robot_description
[0.302s] -- Found ament_cmake: 1.3.8 (/opt/ros/humble/share/ament_cmake/cmake)
[0.818s] -- Override CMake install command with custom implementation using symlinks instead of copying resources
[0.893s] -- Found ament_lint_auto: 0.12.10 (/opt/ros/humble/share/ament_lint_auto/cmake)
[1.182s] -- Added test 'lint_cmake' to check CMake code style
[1.189s] -- Added test 'xmllint' to check XML markup files
[1.229s] -- Configuring done
[1.256s] -- Generating done
[1.258s] -- Build files have been written to: /workspaces/auto_race/ros2_ws/build/my_robot_description
[1.265s] Invoked command in '/workspaces/auto_race/ros2_ws/build/my_robot_description' returned '0': CMAKE_PREFIX_PATH=${CMAKE_PREFIX_PATH}:/opt/ros/humble /usr/bin/cmake /workspaces/auto_race/ros2_ws/src/my_robot_description -DCMAKE_INSTALL_PREFIX=/workspaces/auto_race/ros2_ws/install/my_robot_description
[1.267s] Invoking command in '/workspaces/auto_race/ros2_ws/build/my_robot_description': CMAKE_PREFIX_PATH=${CMAKE_PREFIX_PATH}:/opt/ros/humble /usr/bin/cmake --build /workspaces/auto_race/ros2_ws/build/my_robot_description -- -j8 -l8
[1.439s] Invoked command in '/workspaces/auto_race/ros2_ws/build/my_robot_description' returned '0': CMAKE_PREFIX_PATH=${CMAKE_PREFIX_PATH}:/opt/ros/humble /usr/bin/cmake --build /workspaces/auto_race/ros2_ws/build/my_robot_description -- -j8 -l8
[1.451s] Invoking command in '/workspaces/auto_race/ros2_ws/build/my_robot_description': CMAKE_PREFIX_PATH=${CMAKE_PREFIX_PATH}:/opt/ros/humble /usr/bin/cmake --install /workspaces/auto_race/ros2_ws/build/my_robot_description
[1.458s] -- Install configuration: ""
[1.459s] -- Execute custom install script
[1.459s] -- Up-to-date symlink: /workspaces/auto_race/ros2_ws/install/my_robot_description/share/my_robot_description//urdf/common_properties.urdf.xacro
[1.459s] -- Up-to-date symlink: /workspaces/auto_race/ros2_ws/install/my_robot_description/share/my_robot_description//urdf/mobile_base.urdf.xacro
[1.459s] -- Up-to-date symlink: /workspaces/auto_race/ros2_ws/install/my_robot_description/share/my_robot_description//urdf/mobile_base_gazebo.urdf.xacro
[1.460s] -- Up-to-date symlink: /workspaces/auto_race/ros2_ws/install/my_robot_description/share/my_robot_description//urdf/my_robot.urdf.xacro
[1.460s] -- Up-to-date symlink: /workspaces/auto_race/ros2_ws/install/my_robot_description/share/my_robot_description//urdf/sensors.urdf.xacro
[1.460s] -- Up-to-date symlink: /workspaces/auto_race/ros2_ws/install/my_robot_description/share/my_robot_description//launch/display.launch.xml
[1.460s] -- Up-to-date symlink: /workspaces/auto_race/ros2_ws/install/my_robot_description/share/ament_index/resource_index/package_run_dependencies/my_robot_description
[1.461s] -- Up-to-date symlink: /workspaces/auto_race/ros2_ws/install/my_robot_description/share/ament_index/resource_index/parent_prefix_path/my_robot_description
[1.461s] -- Up-to-date symlink: /workspaces/auto_race/ros2_ws/install/my_robot_description/share/my_robot_description/environment/ament_prefix_path.sh
[1.461s] -- Up-to-date symlink: /workspaces/auto_race/ros2_ws/install/my_robot_description/share/my_robot_description/environment/ament_prefix_path.dsv
[1.461s] -- Up-to-date symlink: /workspaces/auto_race/ros2_ws/install/my_robot_description/share/my_robot_description/environment/path.sh
[1.462s] -- Up-to-date symlink: /workspaces/auto_race/ros2_ws/install/my_robot_description/share/my_robot_description/environment/path.dsv
[1.462s] -- Up-to-date symlink: /workspaces/auto_race/ros2_ws/install/my_robot_description/share/my_robot_description/local_setup.bash
[1.462s] -- Up-to-date symlink: /workspaces/auto_race/ros2_ws/install/my_robot_description/share/my_robot_description/local_setup.sh
[1.462s] -- Up-to-date symlink: /workspaces/auto_race/ros2_ws/install/my_robot_description/share/my_robot_description/local_setup.zsh
[1.463s] -- Up-to-date symlink: /workspaces/auto_race/ros2_ws/install/my_robot_description/share/my_robot_description/local_setup.dsv
[1.463s] -- Symlinking: /workspaces/auto_race/ros2_ws/install/my_robot_description/share/my_robot_description/package.dsv
[1.473s] -- Up-to-date symlink: /workspaces/auto_race/ros2_ws/install/my_robot_description/share/ament_index/resource_index/packages/my_robot_description
[1.473s] -- Up-to-date symlink: /workspaces/auto_race/ros2_ws/install/my_robot_description/share/my_robot_description/cmake/my_robot_descriptionConfig.cmake
[1.473s] -- Up-to-date symlink: /workspaces/auto_race/ros2_ws/install/my_robot_description/share/my_robot_description/cmake/my_robot_descriptionConfig-version.cmake
[1.474s] -- Up-to-date symlink: /workspaces/auto_race/ros2_ws/install/my_robot_description/share/my_robot_description/package.xml
[1.476s] Invoked command in '/workspaces/auto_race/ros2_ws/build/my_robot_description' returned '0': CMAKE_PREFIX_PATH=${CMAKE_PREFIX_PATH}:/opt/ros/humble /usr/bin/cmake --install /workspaces/auto_race/ros2_ws/build/my_robot_description
