[0.062s] Invoking command in '/workspaces/auto_race/build/my_robot_bringup': CMAKE_PREFIX_PATH=/opt/ros/humble /usr/bin/cmake --build /workspaces/auto_race/build/my_robot_bringup -- -j8 -l8
[0.465s] Invoked command in '/workspaces/auto_race/build/my_robot_bringup' returned '0': CMAKE_PREFIX_PATH=/opt/ros/humble /usr/bin/cmake --build /workspaces/auto_race/build/my_robot_bringup -- -j8 -l8
[0.496s] Invoking command in '/workspaces/auto_race/build/my_robot_bringup': CMAKE_PREFIX_PATH=/opt/ros/humble /usr/bin/cmake --install /workspaces/auto_race/build/my_robot_bringup
[0.505s] -- Install configuration: ""
[0.527s] -- Execute custom install script
[0.528s] -- Up-to-date symlink: /workspaces/auto_race/install/my_robot_bringup/share/my_robot_bringup//launch/my_robot_gazebo.launch.xml
[0.528s] -- Up-to-date symlink: /workspaces/auto_race/install/my_robot_bringup/share/my_robot_bringup//launch/nav2_gazebo.launch.py
[0.528s] -- Up-to-date symlink: /workspaces/auto_race/install/my_robot_bringup/share/my_robot_bringup//launch/nav2_gazebo.launch.xml
[0.528s] -- Up-to-date symlink: /workspaces/auto_race/install/my_robot_bringup/share/my_robot_bringup//launch/nav2_gazebo_xml.launch.xml
[0.529s] -- Up-to-date symlink: /workspaces/auto_race/install/my_robot_bringup/share/my_robot_bringup//rviz/rviz_config.rviz
[0.529s] -- Up-to-date symlink: /workspaces/auto_race/install/my_robot_bringup/share/my_robot_bringup//worlds/my_world.world
[0.530s] -- Up-to-date symlink: /workspaces/auto_race/install/my_robot_bringup/share/my_robot_bringup//map/map_gazebo.pgm
[0.530s] -- Up-to-date symlink: /workspaces/auto_race/install/my_robot_bringup/share/my_robot_bringup//map/map_gazebo.yaml
[0.530s] -- Up-to-date symlink: /workspaces/auto_race/install/my_robot_bringup/share/my_robot_bringup//param/my_robot.yaml
[0.530s] -- Up-to-date symlink: /workspaces/auto_race/install/my_robot_bringup/share/ament_index/resource_index/package_run_dependencies/my_robot_bringup
[0.530s] -- Up-to-date symlink: /workspaces/auto_race/install/my_robot_bringup/share/ament_index/resource_index/parent_prefix_path/my_robot_bringup
[0.531s] -- Up-to-date symlink: /workspaces/auto_race/install/my_robot_bringup/share/my_robot_bringup/environment/ament_prefix_path.sh
[0.531s] -- Up-to-date symlink: /workspaces/auto_race/install/my_robot_bringup/share/my_robot_bringup/environment/ament_prefix_path.dsv
[0.531s] -- Up-to-date symlink: /workspaces/auto_race/install/my_robot_bringup/share/my_robot_bringup/environment/path.sh
[0.532s] -- Up-to-date symlink: /workspaces/auto_race/install/my_robot_bringup/share/my_robot_bringup/environment/path.dsv
[0.532s] -- Up-to-date symlink: /workspaces/auto_race/install/my_robot_bringup/share/my_robot_bringup/local_setup.bash
[0.532s] -- Up-to-date symlink: /workspaces/auto_race/install/my_robot_bringup/share/my_robot_bringup/local_setup.sh
[0.532s] -- Up-to-date symlink: /workspaces/auto_race/install/my_robot_bringup/share/my_robot_bringup/local_setup.zsh
[0.532s] -- Up-to-date symlink: /workspaces/auto_race/install/my_robot_bringup/share/my_robot_bringup/local_setup.dsv
[0.533s] -- Symlinking: /workspaces/auto_race/install/my_robot_bringup/share/my_robot_bringup/package.dsv
[0.545s] -- Up-to-date symlink: /workspaces/auto_race/install/my_robot_bringup/share/ament_index/resource_index/packages/my_robot_bringup
[0.545s] -- Up-to-date symlink: /workspaces/auto_race/install/my_robot_bringup/share/my_robot_bringup/cmake/my_robot_bringupConfig.cmake
[0.545s] -- Up-to-date symlink: /workspaces/auto_race/install/my_robot_bringup/share/my_robot_bringup/cmake/my_robot_bringupConfig-version.cmake
[0.555s] -- Up-to-date symlink: /workspaces/auto_race/install/my_robot_bringup/share/my_robot_bringup/package.xml
[0.557s] Invoked command in '/workspaces/auto_race/build/my_robot_bringup' returned '0': CMAKE_PREFIX_PATH=/opt/ros/humble /usr/bin/cmake --install /workspaces/auto_race/build/my_robot_bringup
