[0.855s] Invoking command in '/workspaces/auto_race/build/waypoints_main': PYTHONPATH=/workspaces/auto_race/build/waypoints_main/prefix_override:/workspaces/auto_race/install/waypoints_main/lib/python3.10/site-packages:${PYTHONPATH} /usr/bin/python3 -W ignore:setup.py install is deprecated setup.py develop --editable --build-directory /workspaces/auto_race/build/waypoints_main/build --no-deps symlink_data
[1.277s] running develop
[1.310s] /home/ros/.local/lib/python3.10/site-packages/setuptools/command/easy_install.py:156: EasyInstallDeprecationWarning: easy_install command is deprecated. Use build and pip and other standards-based tools.
[1.310s]   warnings.warn(
[1.539s] running egg_info
[1.539s] creating waypoints_main.egg-info
[1.539s] writing waypoints_main.egg-info/PKG-INFO
[1.540s] writing dependency_links to waypoints_main.egg-info/dependency_links.txt
[1.540s] writing entry points to waypoints_main.egg-info/entry_points.txt
[1.540s] writing requirements to waypoints_main.egg-info/requires.txt
[1.540s] writing top-level names to waypoints_main.egg-info/top_level.txt
[1.540s] writing manifest file 'waypoints_main.egg-info/SOURCES.txt'
[1.543s] reading manifest file 'waypoints_main.egg-info/SOURCES.txt'
[1.544s] writing manifest file 'waypoints_main.egg-info/SOURCES.txt'
[1.547s] running build_ext
[1.547s] Creating /workspaces/auto_race/install/waypoints_main/lib/python3.10/site-packages/waypoints-main.egg-link (link to .)
[1.549s] 
[1.549s] Installed /workspaces/auto_race/build/waypoints_main
[1.549s] running symlink_data
[1.549s] creating /workspaces/auto_race/install/waypoints_main/share/ament_index
[1.549s] creating /workspaces/auto_race/install/waypoints_main/share/ament_index/resource_index
[1.550s] creating /workspaces/auto_race/install/waypoints_main/share/ament_index/resource_index/packages
[1.550s] symbolically linking /workspaces/auto_race/build/waypoints_main/resource/waypoints_main -> /workspaces/auto_race/install/waypoints_main/share/ament_index/resource_index/packages
[1.550s] symbolically linking /workspaces/auto_race/build/waypoints_main/package.xml -> /workspaces/auto_race/install/waypoints_main/share/waypoints_main
[1.631s] Invoked command in '/workspaces/auto_race/build/waypoints_main' returned '0': PYTHONPATH=/workspaces/auto_race/build/waypoints_main/prefix_override:/workspaces/auto_race/install/waypoints_main/lib/python3.10/site-packages:${PYTHONPATH} /usr/bin/python3 -W ignore:setup.py install is deprecated setup.py develop --editable --build-directory /workspaces/auto_race/build/waypoints_main/build --no-deps symlink_data
