-- Found ament_cmake: 1.3.8 (/opt/ros/humble/share/ament_cmake/cmake)
-- Found Python3: /usr/bin/python3 (found version "3.10.12") found components: Interpreter 
-- Override CMake install command with custom implementation using symlinks instead of copying resources
-- Found ament_lint_auto: 0.12.10 (/opt/ros/humble/share/ament_lint_auto/cmake)
-- Added test 'lint_cmake' to check CMake code style
-- Added test 'xmllint' to check XML markup files
-- Configuring done
-- Generating done
-- Build files have been written to: /workspaces/auto_race/build/my_robot_description
-- Install configuration: ""
-- Execute custom install script
-- Symlinking: /workspaces/auto_race/install/my_robot_description/share/my_robot_description//urdf/common_properties.urdf.xacro
-- Symlinking: /workspaces/auto_race/install/my_robot_description/share/my_robot_description//urdf/mobile_base.urdf.xacro
-- Symlinking: /workspaces/auto_race/install/my_robot_description/share/my_robot_description//urdf/mobile_base_gazebo.urdf.xacro
-- Symlinking: /workspaces/auto_race/install/my_robot_description/share/my_robot_description//urdf/my_robot.urdf.xacro
-- Symlinking: /workspaces/auto_race/install/my_robot_description/share/my_robot_description//urdf/sensors.urdf.xacro
-- Symlinking: /workspaces/auto_race/install/my_robot_description/share/my_robot_description//launch/display.launch.xml
-- Symlinking: /workspaces/auto_race/install/my_robot_description/share/ament_index/resource_index/package_run_dependencies/my_robot_description
-- Symlinking: /workspaces/auto_race/install/my_robot_description/share/ament_index/resource_index/parent_prefix_path/my_robot_description
-- Symlinking: /workspaces/auto_race/install/my_robot_description/share/my_robot_description/environment/ament_prefix_path.sh
-- Symlinking: /workspaces/auto_race/install/my_robot_description/share/my_robot_description/environment/ament_prefix_path.dsv
-- Symlinking: /workspaces/auto_race/install/my_robot_description/share/my_robot_description/environment/path.sh
-- Symlinking: /workspaces/auto_race/install/my_robot_description/share/my_robot_description/environment/path.dsv
-- Symlinking: /workspaces/auto_race/install/my_robot_description/share/my_robot_description/local_setup.bash
-- Symlinking: /workspaces/auto_race/install/my_robot_description/share/my_robot_description/local_setup.sh
-- Symlinking: /workspaces/auto_race/install/my_robot_description/share/my_robot_description/local_setup.zsh
-- Symlinking: /workspaces/auto_race/install/my_robot_description/share/my_robot_description/local_setup.dsv
-- Symlinking: /workspaces/auto_race/install/my_robot_description/share/my_robot_description/package.dsv
-- Symlinking: /workspaces/auto_race/install/my_robot_description/share/ament_index/resource_index/packages/my_robot_description
-- Symlinking: /workspaces/auto_race/install/my_robot_description/share/my_robot_description/cmake/my_robot_descriptionConfig.cmake
-- Symlinking: /workspaces/auto_race/install/my_robot_description/share/my_robot_description/cmake/my_robot_descriptionConfig-version.cmake
-- Symlinking: /workspaces/auto_race/install/my_robot_description/share/my_robot_description/package.xml
