[0.030s] Invoking command in '/workspaces/auto_race/build/my_robot_description': CMAKE_PREFIX_PATH=/opt/ros/humble /usr/bin/cmake /workspaces/auto_race/ros2_ws/src/my_robot_description -DAMENT_CMAKE_SYMLINK_INSTALL=1 -DCMAKE_INSTALL_PREFIX=/workspaces/auto_race/install/my_robot_description
[0.546s] -- Found ament_cmake: 1.3.8 (/opt/ros/humble/share/ament_cmake/cmake)
[0.823s] -- Found Python3: /usr/bin/python3 (found version "3.10.12") found components: Interpreter 
[0.972s] -- Override CMake install command with custom implementation using symlinks instead of copying resources
[1.118s] -- Found ament_lint_auto: 0.12.10 (/opt/ros/humble/share/ament_lint_auto/cmake)
[1.260s] -- Added test 'lint_cmake' to check CMake code style
[1.263s] -- Added test 'xmllint' to check XML markup files
[1.266s] -- Configuring done
[1.270s] -- Generating done
[1.272s] -- Build files have been written to: /workspaces/auto_race/build/my_robot_description
[1.317s] Invoked command in '/workspaces/auto_race/build/my_robot_description' returned '0': CMAKE_PREFIX_PATH=/opt/ros/humble /usr/bin/cmake /workspaces/auto_race/ros2_ws/src/my_robot_description -DAMENT_CMAKE_SYMLINK_INSTALL=1 -DCMAKE_INSTALL_PREFIX=/workspaces/auto_race/install/my_robot_description
[1.318s] Invoking command in '/workspaces/auto_race/build/my_robot_description': CMAKE_PREFIX_PATH=/opt/ros/humble /usr/bin/cmake --build /workspaces/auto_race/build/my_robot_description -- -j8 -l8
[1.340s] Invoked command in '/workspaces/auto_race/build/my_robot_description' returned '0': CMAKE_PREFIX_PATH=/opt/ros/humble /usr/bin/cmake --build /workspaces/auto_race/build/my_robot_description -- -j8 -l8
[1.381s] Invoking command in '/workspaces/auto_race/build/my_robot_description': CMAKE_PREFIX_PATH=/opt/ros/humble /usr/bin/cmake --install /workspaces/auto_race/build/my_robot_description
[1.388s] -- Install configuration: ""
[1.388s] -- Execute custom install script
[1.391s] -- Symlinking: /workspaces/auto_race/install/my_robot_description/share/my_robot_description//urdf/common_properties.urdf.xacro
[1.423s] -- Symlinking: /workspaces/auto_race/install/my_robot_description/share/my_robot_description//urdf/mobile_base.urdf.xacro
[1.431s] -- Symlinking: /workspaces/auto_race/install/my_robot_description/share/my_robot_description//urdf/mobile_base_gazebo.urdf.xacro
[1.442s] -- Symlinking: /workspaces/auto_race/install/my_robot_description/share/my_robot_description//urdf/my_robot.urdf.xacro
[1.455s] -- Symlinking: /workspaces/auto_race/install/my_robot_description/share/my_robot_description//urdf/sensors.urdf.xacro
[1.467s] -- Symlinking: /workspaces/auto_race/install/my_robot_description/share/my_robot_description//launch/display.launch.xml
[1.478s] -- Symlinking: /workspaces/auto_race/install/my_robot_description/share/ament_index/resource_index/package_run_dependencies/my_robot_description
[1.490s] -- Symlinking: /workspaces/auto_race/install/my_robot_description/share/ament_index/resource_index/parent_prefix_path/my_robot_description
[1.503s] -- Symlinking: /workspaces/auto_race/install/my_robot_description/share/my_robot_description/environment/ament_prefix_path.sh
[1.512s] -- Symlinking: /workspaces/auto_race/install/my_robot_description/share/my_robot_description/environment/ament_prefix_path.dsv
[1.524s] -- Symlinking: /workspaces/auto_race/install/my_robot_description/share/my_robot_description/environment/path.sh
[1.537s] -- Symlinking: /workspaces/auto_race/install/my_robot_description/share/my_robot_description/environment/path.dsv
[1.547s] -- Symlinking: /workspaces/auto_race/install/my_robot_description/share/my_robot_description/local_setup.bash
[1.559s] -- Symlinking: /workspaces/auto_race/install/my_robot_description/share/my_robot_description/local_setup.sh
[1.570s] -- Symlinking: /workspaces/auto_race/install/my_robot_description/share/my_robot_description/local_setup.zsh
[1.583s] -- Symlinking: /workspaces/auto_race/install/my_robot_description/share/my_robot_description/local_setup.dsv
[1.595s] -- Symlinking: /workspaces/auto_race/install/my_robot_description/share/my_robot_description/package.dsv
[1.643s] -- Symlinking: /workspaces/auto_race/install/my_robot_description/share/ament_index/resource_index/packages/my_robot_description
[1.643s] -- Symlinking: /workspaces/auto_race/install/my_robot_description/share/my_robot_description/cmake/my_robot_descriptionConfig.cmake
[1.644s] -- Symlinking: /workspaces/auto_race/install/my_robot_description/share/my_robot_description/cmake/my_robot_descriptionConfig-version.cmake
[1.644s] -- Symlinking: /workspaces/auto_race/install/my_robot_description/share/my_robot_description/package.xml
[1.656s] Invoked command in '/workspaces/auto_race/build/my_robot_description' returned '0': CMAKE_PREFIX_PATH=/opt/ros/humble /usr/bin/cmake --install /workspaces/auto_race/build/my_robot_description
