[0.012s] Invoking command in '/workspaces/auto_race/ros2_ws/build/my_robot_description': CMAKE_PREFIX_PATH=/opt/ros/humble /usr/bin/cmake /workspaces/auto_race/ros2_ws/src/my_robot_description -DCMAKE_INSTALL_PREFIX=/workspaces/auto_race/ros2_ws/install/my_robot_description
[1.732s] -- The C compiler identification is GNU 11.4.0
[2.821s] -- The CXX compiler identification is GNU 11.4.0
[2.869s] -- Detecting C compiler ABI info
[3.057s] -- Detecting C compiler ABI info - done
[3.071s] -- Check for working C compiler: /usr/bin/cc - skipped
[3.071s] -- Detecting C compile features
[3.072s] -- Detecting C compile features - done
[3.076s] -- Detecting CXX compiler ABI info
[3.186s] -- Detecting CXX compiler ABI info - done
[3.198s] -- Check for working CXX compiler: /usr/bin/c++ - skipped
[3.198s] -- Detecting CXX compile features
[3.199s] -- Detecting CXX compile features - done
[3.205s] -- Found ament_cmake: 1.3.8 (/opt/ros/humble/share/ament_cmake/cmake)
[3.408s] -- Found Python3: /usr/bin/python3 (found version "3.10.12") found components: Interpreter 
[3.526s] -- Found ament_lint_auto: 0.12.10 (/opt/ros/humble/share/ament_lint_auto/cmake)
[3.618s] -- Added test 'lint_cmake' to check CMake code style
[3.620s] -- Added test 'xmllint' to check XML markup files
[3.621s] -- Configuring done
[3.625s] -- Generating done
[3.626s] -- Build files have been written to: /workspaces/auto_race/ros2_ws/build/my_robot_description
[3.654s] Invoked command in '/workspaces/auto_race/ros2_ws/build/my_robot_description' returned '0': CMAKE_PREFIX_PATH=/opt/ros/humble /usr/bin/cmake /workspaces/auto_race/ros2_ws/src/my_robot_description -DCMAKE_INSTALL_PREFIX=/workspaces/auto_race/ros2_ws/install/my_robot_description
[3.659s] Invoking command in '/workspaces/auto_race/ros2_ws/build/my_robot_description': CMAKE_PREFIX_PATH=/opt/ros/humble /usr/bin/cmake --build /workspaces/auto_race/ros2_ws/build/my_robot_description -- -j8 -l8
[3.670s] Invoked command in '/workspaces/auto_race/ros2_ws/build/my_robot_description' returned '0': CMAKE_PREFIX_PATH=/opt/ros/humble /usr/bin/cmake --build /workspaces/auto_race/ros2_ws/build/my_robot_description -- -j8 -l8
[3.703s] Invoking command in '/workspaces/auto_race/ros2_ws/build/my_robot_description': CMAKE_PREFIX_PATH=/opt/ros/humble /usr/bin/cmake --install /workspaces/auto_race/ros2_ws/build/my_robot_description
[3.711s] -- Install configuration: ""
[3.711s] -- Installing: /workspaces/auto_race/ros2_ws/install/my_robot_description/share/my_robot_description//urdf
[3.711s] -- Installing: /workspaces/auto_race/ros2_ws/install/my_robot_description/share/my_robot_description//urdf/common_properties.urdf.xacro
[3.712s] -- Installing: /workspaces/auto_race/ros2_ws/install/my_robot_description/share/my_robot_description//urdf/mobile_base.urdf.xacro
[3.712s] -- Installing: /workspaces/auto_race/ros2_ws/install/my_robot_description/share/my_robot_description//urdf/mobile_base_gazebo.urdf.xacro
[3.712s] -- Installing: /workspaces/auto_race/ros2_ws/install/my_robot_description/share/my_robot_description//urdf/my_robot.urdf.xacro
[3.712s] -- Installing: /workspaces/auto_race/ros2_ws/install/my_robot_description/share/my_robot_description//urdf/sensors.urdf.xacro
[3.712s] -- Installing: /workspaces/auto_race/ros2_ws/install/my_robot_description/share/my_robot_description//launch
[3.712s] -- Installing: /workspaces/auto_race/ros2_ws/install/my_robot_description/share/my_robot_description//launch/display.launch.xml
[3.713s] -- Installing: /workspaces/auto_race/ros2_ws/install/my_robot_description/share/my_robot_description//rviz
[3.743s] -- Installing: /workspaces/auto_race/ros2_ws/install/my_robot_description/share/ament_index/resource_index/package_run_dependencies/my_robot_description
[3.744s] -- Installing: /workspaces/auto_race/ros2_ws/install/my_robot_description/share/ament_index/resource_index/parent_prefix_path/my_robot_description
[3.746s] -- Installing: /workspaces/auto_race/ros2_ws/install/my_robot_description/share/my_robot_description/environment/ament_prefix_path.sh
[3.746s] -- Installing: /workspaces/auto_race/ros2_ws/install/my_robot_description/share/my_robot_description/environment/ament_prefix_path.dsv
[3.747s] -- Installing: /workspaces/auto_race/ros2_ws/install/my_robot_description/share/my_robot_description/environment/path.sh
[3.748s] -- Installing: /workspaces/auto_race/ros2_ws/install/my_robot_description/share/my_robot_description/environment/path.dsv
[3.749s] -- Installing: /workspaces/auto_race/ros2_ws/install/my_robot_description/share/my_robot_description/local_setup.bash
[3.750s] -- Installing: /workspaces/auto_race/ros2_ws/install/my_robot_description/share/my_robot_description/local_setup.sh
[3.751s] -- Installing: /workspaces/auto_race/ros2_ws/install/my_robot_description/share/my_robot_description/local_setup.zsh
[3.752s] -- Installing: /workspaces/auto_race/ros2_ws/install/my_robot_description/share/my_robot_description/local_setup.dsv
[3.753s] -- Installing: /workspaces/auto_race/ros2_ws/install/my_robot_description/share/my_robot_description/package.dsv
[3.754s] -- Installing: /workspaces/auto_race/ros2_ws/install/my_robot_description/share/ament_index/resource_index/packages/my_robot_description
[3.755s] -- Installing: /workspaces/auto_race/ros2_ws/install/my_robot_description/share/my_robot_description/cmake/my_robot_descriptionConfig.cmake
[3.756s] -- Installing: /workspaces/auto_race/ros2_ws/install/my_robot_description/share/my_robot_description/cmake/my_robot_descriptionConfig-version.cmake
[3.757s] -- Installing: /workspaces/auto_race/ros2_ws/install/my_robot_description/share/my_robot_description/package.xml
[3.764s] Invoked command in '/workspaces/auto_race/ros2_ws/build/my_robot_description' returned '0': CMAKE_PREFIX_PATH=/opt/ros/humble /usr/bin/cmake --install /workspaces/auto_race/ros2_ws/build/my_robot_description
