[0.450s] DEBUG:colcon:Command line arguments: ['/usr/bin/colcon', 'build', '--symlink-install']
[0.451s] DEBUG:colcon:Parsed command line arguments: Namespace(log_base=None, log_level=None, verb_name='build', build_base='build', install_base='install', merge_install=False, symlink_install=True, test_result_base=None, continue_on_error=False, executor='parallel', parallel_workers=8, event_handlers=None, ignore_user_meta=False, metas=['./colcon.meta'], base_paths=['.'], packages_ignore=None, packages_ignore_regex=None, paths=None, packages_up_to=None, packages_up_to_regex=None, packages_above=None, packages_above_and_dependencies=None, packages_above_depth=None, packages_select_by_dep=None, packages_skip_by_dep=None, packages_skip_up_to=None, packages_select_build_failed=False, packages_skip_build_finished=False, packages_select_test_failures=False, packages_skip_test_passed=False, packages_select=None, packages_skip=None, packages_select_regex=None, packages_skip_regex=None, packages_start=None, packages_end=None, cmake_args=None, cmake_target=None, cmake_target_skip_unavailable=False, cmake_clean_cache=False, cmake_clean_first=False, cmake_force_configure=False, ament_cmake_args=None, catkin_cmake_args=None, catkin_skip_building_tests=False, mixin_files=None, mixin=None, verb_parser=<colcon_mixin.mixin.mixin_argument.MixinArgumentDecorator object at 0x7f7d4d394ac0>, verb_extension=<colcon_core.verb.build.BuildVerb object at 0x7f7d4d394130>, main=<bound method BuildVerb.main of <colcon_core.verb.build.BuildVerb object at 0x7f7d4d394130>>, mixin_verb=('build',))
[3.067s] Level 1:colcon.colcon_core.package_discovery:discover_packages(colcon_meta) check parameters
[3.082s] Level 1:colcon.colcon_core.package_discovery:discover_packages(recursive) check parameters
[3.082s] Level 1:colcon.colcon_core.package_discovery:discover_packages(ignore) check parameters
[3.082s] Level 1:colcon.colcon_core.package_discovery:discover_packages(path) check parameters
[3.082s] Level 1:colcon.colcon_core.package_discovery:discover_packages(colcon_meta) discover
[3.082s] Level 1:colcon.colcon_core.package_discovery:discover_packages(recursive) discover
[3.082s] INFO:colcon.colcon_core.package_discovery:Crawling recursively for packages in '/workspaces/auto_race/ros2_ws'
[3.083s] Level 1:colcon.colcon_core.package_identification:_identify(.) by extensions ['ignore', 'ignore_ament_install']
[3.083s] Level 1:colcon.colcon_core.package_identification:_identify(.) by extension 'ignore'
[3.083s] Level 1:colcon.colcon_core.package_identification:_identify(.) by extension 'ignore_ament_install'
[3.083s] Level 1:colcon.colcon_core.package_identification:_identify(.) by extensions ['colcon_pkg']
[3.083s] Level 1:colcon.colcon_core.package_identification:_identify(.) by extension 'colcon_pkg'
[3.083s] Level 1:colcon.colcon_core.package_identification:_identify(.) by extensions ['colcon_meta']
[3.083s] Level 1:colcon.colcon_core.package_identification:_identify(.) by extension 'colcon_meta'
[3.083s] Level 1:colcon.colcon_core.package_identification:_identify(.) by extensions ['ros']
[3.084s] Level 1:colcon.colcon_core.package_identification:_identify(.) by extension 'ros'
[3.106s] Level 1:colcon.colcon_core.package_identification:_identify(.) by extensions ['cmake', 'python']
[3.106s] Level 1:colcon.colcon_core.package_identification:_identify(.) by extension 'cmake'
[3.107s] Level 1:colcon.colcon_core.package_identification:_identify(.) by extension 'python'
[3.107s] Level 1:colcon.colcon_core.package_identification:_identify(.) by extensions ['python_setup_py']
[3.107s] Level 1:colcon.colcon_core.package_identification:_identify(.) by extension 'python_setup_py'
[3.107s] Level 1:colcon.colcon_core.package_identification:_identify(build) by extensions ['ignore', 'ignore_ament_install']
[3.107s] Level 1:colcon.colcon_core.package_identification:_identify(build) by extension 'ignore'
[3.107s] Level 1:colcon.colcon_core.package_identification:_identify(build) ignored
[3.108s] Level 1:colcon.colcon_core.package_identification:_identify(install) by extensions ['ignore', 'ignore_ament_install']
[3.108s] Level 1:colcon.colcon_core.package_identification:_identify(install) by extension 'ignore'
[3.108s] Level 1:colcon.colcon_core.package_identification:_identify(install) ignored
[3.108s] Level 1:colcon.colcon_core.package_identification:_identify(log) by extensions ['ignore', 'ignore_ament_install']
[3.108s] Level 1:colcon.colcon_core.package_identification:_identify(log) by extension 'ignore'
[3.108s] Level 1:colcon.colcon_core.package_identification:_identify(log) ignored
[3.108s] Level 1:colcon.colcon_core.package_identification:_identify(src) by extensions ['ignore', 'ignore_ament_install']
[3.108s] Level 1:colcon.colcon_core.package_identification:_identify(src) by extension 'ignore'
[3.109s] Level 1:colcon.colcon_core.package_identification:_identify(src) by extension 'ignore_ament_install'
[3.109s] Level 1:colcon.colcon_core.package_identification:_identify(src) by extensions ['colcon_pkg']
[3.109s] Level 1:colcon.colcon_core.package_identification:_identify(src) by extension 'colcon_pkg'
[3.109s] Level 1:colcon.colcon_core.package_identification:_identify(src) by extensions ['colcon_meta']
[3.109s] Level 1:colcon.colcon_core.package_identification:_identify(src) by extension 'colcon_meta'
[3.109s] Level 1:colcon.colcon_core.package_identification:_identify(src) by extensions ['ros']
[3.109s] Level 1:colcon.colcon_core.package_identification:_identify(src) by extension 'ros'
[3.109s] Level 1:colcon.colcon_core.package_identification:_identify(src) by extensions ['cmake', 'python']
[3.109s] Level 1:colcon.colcon_core.package_identification:_identify(src) by extension 'cmake'
[3.109s] Level 1:colcon.colcon_core.package_identification:_identify(src) by extension 'python'
[3.110s] Level 1:colcon.colcon_core.package_identification:_identify(src) by extensions ['python_setup_py']
[3.110s] Level 1:colcon.colcon_core.package_identification:_identify(src) by extension 'python_setup_py'
[3.110s] Level 1:colcon.colcon_core.package_identification:_identify(src/my_robot_bringup) by extensions ['ignore', 'ignore_ament_install']
[3.110s] Level 1:colcon.colcon_core.package_identification:_identify(src/my_robot_bringup) by extension 'ignore'
[3.110s] Level 1:colcon.colcon_core.package_identification:_identify(src/my_robot_bringup) by extension 'ignore_ament_install'
[3.110s] Level 1:colcon.colcon_core.package_identification:_identify(src/my_robot_bringup) by extensions ['colcon_pkg']
[3.110s] Level 1:colcon.colcon_core.package_identification:_identify(src/my_robot_bringup) by extension 'colcon_pkg'
[3.110s] Level 1:colcon.colcon_core.package_identification:_identify(src/my_robot_bringup) by extensions ['colcon_meta']
[3.110s] Level 1:colcon.colcon_core.package_identification:_identify(src/my_robot_bringup) by extension 'colcon_meta'
[3.110s] Level 1:colcon.colcon_core.package_identification:_identify(src/my_robot_bringup) by extensions ['ros']
[3.110s] Level 1:colcon.colcon_core.package_identification:_identify(src/my_robot_bringup) by extension 'ros'
[3.114s] DEBUG:colcon.colcon_core.package_identification:Package 'src/my_robot_bringup' with type 'ros.ament_cmake' and name 'my_robot_bringup'
[3.114s] Level 1:colcon.colcon_core.package_identification:_identify(src/my_robot_description) by extensions ['ignore', 'ignore_ament_install']
[3.114s] Level 1:colcon.colcon_core.package_identification:_identify(src/my_robot_description) by extension 'ignore'
[3.114s] Level 1:colcon.colcon_core.package_identification:_identify(src/my_robot_description) by extension 'ignore_ament_install'
[3.115s] Level 1:colcon.colcon_core.package_identification:_identify(src/my_robot_description) by extensions ['colcon_pkg']
[3.115s] Level 1:colcon.colcon_core.package_identification:_identify(src/my_robot_description) by extension 'colcon_pkg'
[3.115s] Level 1:colcon.colcon_core.package_identification:_identify(src/my_robot_description) by extensions ['colcon_meta']
[3.115s] Level 1:colcon.colcon_core.package_identification:_identify(src/my_robot_description) by extension 'colcon_meta'
[3.115s] Level 1:colcon.colcon_core.package_identification:_identify(src/my_robot_description) by extensions ['ros']
[3.115s] Level 1:colcon.colcon_core.package_identification:_identify(src/my_robot_description) by extension 'ros'
[3.115s] DEBUG:colcon.colcon_core.package_identification:Package 'src/my_robot_description' with type 'ros.ament_cmake' and name 'my_robot_description'
[3.116s] Level 1:colcon.colcon_core.package_discovery:discover_packages(recursive) using defaults
[3.116s] Level 1:colcon.colcon_core.package_discovery:discover_packages(ignore) discover
[3.116s] Level 1:colcon.colcon_core.package_discovery:discover_packages(ignore) using defaults
[3.116s] Level 1:colcon.colcon_core.package_discovery:discover_packages(path) discover
[3.116s] Level 1:colcon.colcon_core.package_discovery:discover_packages(path) using defaults
[3.287s] Level 5:colcon.colcon_core.verb:set package 'my_robot_bringup' build argument 'cmake_args' from command line to 'None'
[3.287s] Level 5:colcon.colcon_core.verb:set package 'my_robot_bringup' build argument 'cmake_target' from command line to 'None'
[3.287s] Level 5:colcon.colcon_core.verb:set package 'my_robot_bringup' build argument 'cmake_target_skip_unavailable' from command line to 'False'
[3.287s] Level 5:colcon.colcon_core.verb:set package 'my_robot_bringup' build argument 'cmake_clean_cache' from command line to 'False'
[3.287s] Level 5:colcon.colcon_core.verb:set package 'my_robot_bringup' build argument 'cmake_clean_first' from command line to 'False'
[3.287s] Level 5:colcon.colcon_core.verb:set package 'my_robot_bringup' build argument 'cmake_force_configure' from command line to 'False'
[3.287s] Level 5:colcon.colcon_core.verb:set package 'my_robot_bringup' build argument 'ament_cmake_args' from command line to 'None'
[3.287s] Level 5:colcon.colcon_core.verb:set package 'my_robot_bringup' build argument 'catkin_cmake_args' from command line to 'None'
[3.287s] Level 5:colcon.colcon_core.verb:set package 'my_robot_bringup' build argument 'catkin_skip_building_tests' from command line to 'False'
[3.287s] DEBUG:colcon.colcon_core.verb:Building package 'my_robot_bringup' with the following arguments: {'ament_cmake_args': None, 'build_base': '/workspaces/auto_race/ros2_ws/build/my_robot_bringup', 'catkin_cmake_args': None, 'catkin_skip_building_tests': False, 'cmake_args': None, 'cmake_clean_cache': False, 'cmake_clean_first': False, 'cmake_force_configure': False, 'cmake_target': None, 'cmake_target_skip_unavailable': False, 'install_base': '/workspaces/auto_race/ros2_ws/install/my_robot_bringup', 'merge_install': False, 'path': '/workspaces/auto_race/ros2_ws/src/my_robot_bringup', 'symlink_install': True, 'test_result_base': None}
[3.288s] Level 5:colcon.colcon_core.verb:set package 'my_robot_description' build argument 'cmake_args' from command line to 'None'
[3.288s] Level 5:colcon.colcon_core.verb:set package 'my_robot_description' build argument 'cmake_target' from command line to 'None'
[3.288s] Level 5:colcon.colcon_core.verb:set package 'my_robot_description' build argument 'cmake_target_skip_unavailable' from command line to 'False'
[3.288s] Level 5:colcon.colcon_core.verb:set package 'my_robot_description' build argument 'cmake_clean_cache' from command line to 'False'
[3.288s] Level 5:colcon.colcon_core.verb:set package 'my_robot_description' build argument 'cmake_clean_first' from command line to 'False'
[3.288s] Level 5:colcon.colcon_core.verb:set package 'my_robot_description' build argument 'cmake_force_configure' from command line to 'False'
[3.288s] Level 5:colcon.colcon_core.verb:set package 'my_robot_description' build argument 'ament_cmake_args' from command line to 'None'
[3.288s] Level 5:colcon.colcon_core.verb:set package 'my_robot_description' build argument 'catkin_cmake_args' from command line to 'None'
[3.288s] Level 5:colcon.colcon_core.verb:set package 'my_robot_description' build argument 'catkin_skip_building_tests' from command line to 'False'
[3.288s] DEBUG:colcon.colcon_core.verb:Building package 'my_robot_description' with the following arguments: {'ament_cmake_args': None, 'build_base': '/workspaces/auto_race/ros2_ws/build/my_robot_description', 'catkin_cmake_args': None, 'catkin_skip_building_tests': False, 'cmake_args': None, 'cmake_clean_cache': False, 'cmake_clean_first': False, 'cmake_force_configure': False, 'cmake_target': None, 'cmake_target_skip_unavailable': False, 'install_base': '/workspaces/auto_race/ros2_ws/install/my_robot_description', 'merge_install': False, 'path': '/workspaces/auto_race/ros2_ws/src/my_robot_description', 'symlink_install': True, 'test_result_base': None}
[3.289s] INFO:colcon.colcon_core.executor:Executing jobs using 'parallel' executor
[3.290s] DEBUG:colcon.colcon_parallel_executor.executor.parallel:run_until_complete
[3.291s] INFO:colcon.colcon_ros.task.ament_cmake.build:Building ROS package in '/workspaces/auto_race/ros2_ws/src/my_robot_bringup' with build type 'ament_cmake'
[3.291s] INFO:colcon.colcon_cmake.task.cmake.build:Building CMake package in '/workspaces/auto_race/ros2_ws/src/my_robot_bringup'
[3.295s] INFO:colcon.colcon_core.plugin_system:Skipping extension 'colcon_core.shell.bat': Not used on non-Windows systems
[3.295s] INFO:colcon.colcon_core.shell:Skip shell extension 'powershell' for command environment: Not usable outside of PowerShell
[3.295s] DEBUG:colcon.colcon_core.shell:Skip shell extension 'dsv' for command environment
[3.312s] INFO:colcon.colcon_ros.task.ament_cmake.build:Building ROS package in '/workspaces/auto_race/ros2_ws/src/my_robot_description' with build type 'ament_cmake'
[3.313s] INFO:colcon.colcon_cmake.task.cmake.build:Building CMake package in '/workspaces/auto_race/ros2_ws/src/my_robot_description'
[3.313s] INFO:colcon.colcon_core.shell:Skip shell extension 'powershell' for command environment: Not usable outside of PowerShell
[3.313s] DEBUG:colcon.colcon_core.shell:Skip shell extension 'dsv' for command environment
[3.341s] DEBUG:colcon.colcon_core.event_handler.log_command:Invoking command in '/workspaces/auto_race/ros2_ws/build/my_robot_bringup': CMAKE_PREFIX_PATH=${CMAKE_PREFIX_PATH}:/opt/ros/humble /usr/bin/cmake --build /workspaces/auto_race/ros2_ws/build/my_robot_bringup -- -j8 -l8
[3.355s] DEBUG:colcon.colcon_core.event_handler.log_command:Invoking command in '/workspaces/auto_race/ros2_ws/build/my_robot_description': CMAKE_PREFIX_PATH=${CMAKE_PREFIX_PATH}:/opt/ros/humble /usr/bin/cmake --build /workspaces/auto_race/ros2_ws/build/my_robot_description -- -j8 -l8
[3.918s] DEBUG:colcon.colcon_core.event_handler.log_command:Invoked command in '/workspaces/auto_race/ros2_ws/build/my_robot_description' returned '0': CMAKE_PREFIX_PATH=${CMAKE_PREFIX_PATH}:/opt/ros/humble /usr/bin/cmake --build /workspaces/auto_race/ros2_ws/build/my_robot_description -- -j8 -l8
[3.965s] DEBUG:colcon.colcon_core.event_handler.log_command:Invoking command in '/workspaces/auto_race/ros2_ws/build/my_robot_description': CMAKE_PREFIX_PATH=${CMAKE_PREFIX_PATH}:/opt/ros/humble /usr/bin/cmake --install /workspaces/auto_race/ros2_ws/build/my_robot_description
[4.041s] Level 1:colcon.colcon_core.environment:create_environment_scripts_only(my_robot_description)
[4.041s] DEBUG:colcon.colcon_core.event_handler.log_command:Invoked command in '/workspaces/auto_race/ros2_ws/build/my_robot_description' returned '0': CMAKE_PREFIX_PATH=${CMAKE_PREFIX_PATH}:/opt/ros/humble /usr/bin/cmake --install /workspaces/auto_race/ros2_ws/build/my_robot_description
[4.156s] Level 1:colcon.colcon_core.environment:checking '/workspaces/auto_race/ros2_ws/install/my_robot_description' for CMake module files
[4.157s] Level 1:colcon.colcon_core.environment:checking '/workspaces/auto_race/ros2_ws/install/my_robot_description' for CMake config files
[4.157s] Level 1:colcon.colcon_core.shell:create_environment_hook('my_robot_description', 'cmake_prefix_path')
[4.157s] INFO:colcon.colcon_core.shell:Creating environment hook '/workspaces/auto_race/ros2_ws/install/my_robot_description/share/my_robot_description/hook/cmake_prefix_path.ps1'
[4.158s] INFO:colcon.colcon_core.shell:Creating environment descriptor '/workspaces/auto_race/ros2_ws/install/my_robot_description/share/my_robot_description/hook/cmake_prefix_path.dsv'
[4.159s] INFO:colcon.colcon_core.shell:Creating environment hook '/workspaces/auto_race/ros2_ws/install/my_robot_description/share/my_robot_description/hook/cmake_prefix_path.sh'
[4.160s] Level 1:colcon.colcon_core.environment:checking '/workspaces/auto_race/ros2_ws/install/my_robot_description/bin'
[4.160s] Level 1:colcon.colcon_core.environment:checking '/workspaces/auto_race/ros2_ws/install/my_robot_description/lib/pkgconfig/my_robot_description.pc'
[4.179s] Level 1:colcon.colcon_core.environment:checking '/workspaces/auto_race/ros2_ws/install/my_robot_description/lib/python3.10/site-packages'
[4.179s] Level 1:colcon.colcon_core.environment:checking '/workspaces/auto_race/ros2_ws/install/my_robot_description/bin'
[4.180s] INFO:colcon.colcon_core.shell:Creating package script '/workspaces/auto_race/ros2_ws/install/my_robot_description/share/my_robot_description/package.ps1'
[4.181s] INFO:colcon.colcon_core.shell:Creating package descriptor '/workspaces/auto_race/ros2_ws/install/my_robot_description/share/my_robot_description/package.dsv'
[4.182s] INFO:colcon.colcon_core.shell:Creating package script '/workspaces/auto_race/ros2_ws/install/my_robot_description/share/my_robot_description/package.sh'
[4.184s] INFO:colcon.colcon_core.shell:Creating package script '/workspaces/auto_race/ros2_ws/install/my_robot_description/share/my_robot_description/package.bash'
[4.186s] INFO:colcon.colcon_core.shell:Creating package script '/workspaces/auto_race/ros2_ws/install/my_robot_description/share/my_robot_description/package.zsh'
[4.244s] Level 1:colcon.colcon_core.environment:create_file_with_runtime_dependencies(/workspaces/auto_race/ros2_ws/install/my_robot_description/share/colcon-core/packages/my_robot_description)
[4.277s] Level 1:colcon.colcon_core.environment:create_environment_scripts_only(my_robot_description)
[4.277s] Level 1:colcon.colcon_core.environment:checking '/workspaces/auto_race/ros2_ws/install/my_robot_description' for CMake module files
[4.278s] Level 1:colcon.colcon_core.environment:checking '/workspaces/auto_race/ros2_ws/install/my_robot_description' for CMake config files
[4.278s] Level 1:colcon.colcon_core.shell:create_environment_hook('my_robot_description', 'cmake_prefix_path')
[4.278s] INFO:colcon.colcon_core.shell:Creating environment hook '/workspaces/auto_race/ros2_ws/install/my_robot_description/share/my_robot_description/hook/cmake_prefix_path.ps1'
[4.279s] INFO:colcon.colcon_core.shell:Creating environment descriptor '/workspaces/auto_race/ros2_ws/install/my_robot_description/share/my_robot_description/hook/cmake_prefix_path.dsv'
[4.279s] INFO:colcon.colcon_core.shell:Creating environment hook '/workspaces/auto_race/ros2_ws/install/my_robot_description/share/my_robot_description/hook/cmake_prefix_path.sh'
[4.279s] Level 1:colcon.colcon_core.environment:checking '/workspaces/auto_race/ros2_ws/install/my_robot_description/bin'
[4.279s] Level 1:colcon.colcon_core.environment:checking '/workspaces/auto_race/ros2_ws/install/my_robot_description/lib/pkgconfig/my_robot_description.pc'
[4.280s] Level 1:colcon.colcon_core.environment:checking '/workspaces/auto_race/ros2_ws/install/my_robot_description/lib/python3.10/site-packages'
[4.280s] Level 1:colcon.colcon_core.environment:checking '/workspaces/auto_race/ros2_ws/install/my_robot_description/bin'
[4.280s] INFO:colcon.colcon_core.shell:Creating package script '/workspaces/auto_race/ros2_ws/install/my_robot_description/share/my_robot_description/package.ps1'
[4.281s] INFO:colcon.colcon_core.shell:Creating package descriptor '/workspaces/auto_race/ros2_ws/install/my_robot_description/share/my_robot_description/package.dsv'
[4.281s] INFO:colcon.colcon_core.shell:Creating package script '/workspaces/auto_race/ros2_ws/install/my_robot_description/share/my_robot_description/package.sh'
[4.282s] INFO:colcon.colcon_core.shell:Creating package script '/workspaces/auto_race/ros2_ws/install/my_robot_description/share/my_robot_description/package.bash'
[4.282s] INFO:colcon.colcon_core.shell:Creating package script '/workspaces/auto_race/ros2_ws/install/my_robot_description/share/my_robot_description/package.zsh'
[4.282s] Level 1:colcon.colcon_core.environment:create_file_with_runtime_dependencies(/workspaces/auto_race/ros2_ws/install/my_robot_description/share/colcon-core/packages/my_robot_description)
[5.295s] DEBUG:colcon.colcon_core.event_handler.log_command:Invoked command in '/workspaces/auto_race/ros2_ws/build/my_robot_bringup' returned '0': CMAKE_PREFIX_PATH=${CMAKE_PREFIX_PATH}:/opt/ros/humble /usr/bin/cmake --build /workspaces/auto_race/ros2_ws/build/my_robot_bringup -- -j8 -l8
[5.320s] DEBUG:colcon.colcon_core.event_handler.log_command:Invoking command in '/workspaces/auto_race/ros2_ws/build/my_robot_bringup': CMAKE_PREFIX_PATH=${CMAKE_PREFIX_PATH}:/opt/ros/humble /usr/bin/cmake --install /workspaces/auto_race/ros2_ws/build/my_robot_bringup
[5.400s] Level 1:colcon.colcon_core.environment:create_environment_scripts_only(my_robot_bringup)
[5.401s] Level 1:colcon.colcon_core.environment:checking '/workspaces/auto_race/ros2_ws/install/my_robot_bringup' for CMake module files
[5.402s] DEBUG:colcon.colcon_core.event_handler.log_command:Invoked command in '/workspaces/auto_race/ros2_ws/build/my_robot_bringup' returned '0': CMAKE_PREFIX_PATH=${CMAKE_PREFIX_PATH}:/opt/ros/humble /usr/bin/cmake --install /workspaces/auto_race/ros2_ws/build/my_robot_bringup
[5.402s] Level 1:colcon.colcon_core.environment:checking '/workspaces/auto_race/ros2_ws/install/my_robot_bringup' for CMake config files
[5.402s] Level 1:colcon.colcon_core.shell:create_environment_hook('my_robot_bringup', 'cmake_prefix_path')
[5.403s] INFO:colcon.colcon_core.shell:Creating environment hook '/workspaces/auto_race/ros2_ws/install/my_robot_bringup/share/my_robot_bringup/hook/cmake_prefix_path.ps1'
[5.403s] INFO:colcon.colcon_core.shell:Creating environment descriptor '/workspaces/auto_race/ros2_ws/install/my_robot_bringup/share/my_robot_bringup/hook/cmake_prefix_path.dsv'
[5.403s] INFO:colcon.colcon_core.shell:Creating environment hook '/workspaces/auto_race/ros2_ws/install/my_robot_bringup/share/my_robot_bringup/hook/cmake_prefix_path.sh'
[5.404s] Level 1:colcon.colcon_core.environment:checking '/workspaces/auto_race/ros2_ws/install/my_robot_bringup/bin'
[5.404s] Level 1:colcon.colcon_core.environment:checking '/workspaces/auto_race/ros2_ws/install/my_robot_bringup/lib/pkgconfig/my_robot_bringup.pc'
[5.404s] Level 1:colcon.colcon_core.environment:checking '/workspaces/auto_race/ros2_ws/install/my_robot_bringup/lib/python3.10/site-packages'
[5.405s] Level 1:colcon.colcon_core.environment:checking '/workspaces/auto_race/ros2_ws/install/my_robot_bringup/bin'
[5.405s] INFO:colcon.colcon_core.shell:Creating package script '/workspaces/auto_race/ros2_ws/install/my_robot_bringup/share/my_robot_bringup/package.ps1'
[5.406s] INFO:colcon.colcon_core.shell:Creating package descriptor '/workspaces/auto_race/ros2_ws/install/my_robot_bringup/share/my_robot_bringup/package.dsv'
[5.407s] INFO:colcon.colcon_core.shell:Creating package script '/workspaces/auto_race/ros2_ws/install/my_robot_bringup/share/my_robot_bringup/package.sh'
[5.407s] INFO:colcon.colcon_core.shell:Creating package script '/workspaces/auto_race/ros2_ws/install/my_robot_bringup/share/my_robot_bringup/package.bash'
[5.407s] INFO:colcon.colcon_core.shell:Creating package script '/workspaces/auto_race/ros2_ws/install/my_robot_bringup/share/my_robot_bringup/package.zsh'
[5.408s] Level 1:colcon.colcon_core.environment:create_file_with_runtime_dependencies(/workspaces/auto_race/ros2_ws/install/my_robot_bringup/share/colcon-core/packages/my_robot_bringup)
[5.431s] Level 1:colcon.colcon_core.environment:create_environment_scripts_only(my_robot_bringup)
[5.431s] Level 1:colcon.colcon_core.environment:checking '/workspaces/auto_race/ros2_ws/install/my_robot_bringup' for CMake module files
[5.432s] Level 1:colcon.colcon_core.environment:checking '/workspaces/auto_race/ros2_ws/install/my_robot_bringup' for CMake config files
[5.432s] Level 1:colcon.colcon_core.shell:create_environment_hook('my_robot_bringup', 'cmake_prefix_path')
[5.432s] INFO:colcon.colcon_core.shell:Creating environment hook '/workspaces/auto_race/ros2_ws/install/my_robot_bringup/share/my_robot_bringup/hook/cmake_prefix_path.ps1'
[5.454s] INFO:colcon.colcon_core.shell:Creating environment descriptor '/workspaces/auto_race/ros2_ws/install/my_robot_bringup/share/my_robot_bringup/hook/cmake_prefix_path.dsv'
[5.455s] INFO:colcon.colcon_core.shell:Creating environment hook '/workspaces/auto_race/ros2_ws/install/my_robot_bringup/share/my_robot_bringup/hook/cmake_prefix_path.sh'
[5.455s] Level 1:colcon.colcon_core.environment:checking '/workspaces/auto_race/ros2_ws/install/my_robot_bringup/bin'
[5.455s] Level 1:colcon.colcon_core.environment:checking '/workspaces/auto_race/ros2_ws/install/my_robot_bringup/lib/pkgconfig/my_robot_bringup.pc'
[5.456s] Level 1:colcon.colcon_core.environment:checking '/workspaces/auto_race/ros2_ws/install/my_robot_bringup/lib/python3.10/site-packages'
[5.456s] Level 1:colcon.colcon_core.environment:checking '/workspaces/auto_race/ros2_ws/install/my_robot_bringup/bin'
[5.457s] INFO:colcon.colcon_core.shell:Creating package script '/workspaces/auto_race/ros2_ws/install/my_robot_bringup/share/my_robot_bringup/package.ps1'
[5.457s] INFO:colcon.colcon_core.shell:Creating package descriptor '/workspaces/auto_race/ros2_ws/install/my_robot_bringup/share/my_robot_bringup/package.dsv'
[5.458s] INFO:colcon.colcon_core.shell:Creating package script '/workspaces/auto_race/ros2_ws/install/my_robot_bringup/share/my_robot_bringup/package.sh'
[5.458s] INFO:colcon.colcon_core.shell:Creating package script '/workspaces/auto_race/ros2_ws/install/my_robot_bringup/share/my_robot_bringup/package.bash'
[5.459s] INFO:colcon.colcon_core.shell:Creating package script '/workspaces/auto_race/ros2_ws/install/my_robot_bringup/share/my_robot_bringup/package.zsh'
[5.459s] Level 1:colcon.colcon_core.environment:create_file_with_runtime_dependencies(/workspaces/auto_race/ros2_ws/install/my_robot_bringup/share/colcon-core/packages/my_robot_bringup)
[5.459s] DEBUG:colcon.colcon_parallel_executor.executor.parallel:closing loop
[5.460s] DEBUG:colcon.colcon_parallel_executor.executor.parallel:loop closed
[5.460s] DEBUG:colcon.colcon_parallel_executor.executor.parallel:run_until_complete finished with '0'
[5.460s] DEBUG:colcon.colcon_core.event_reactor:joining thread
[5.580s] INFO:colcon.colcon_core.plugin_system:Skipping extension 'colcon_notification.desktop_notification.notify_send': Could not find 'notify-send'
[5.580s] INFO:colcon.colcon_core.plugin_system:Skipping extension 'colcon_notification.desktop_notification.terminal_notifier': Not used on non-Darwin systems
[5.580s] INFO:colcon.colcon_core.plugin_system:Skipping extension 'colcon_notification.desktop_notification.win32': Not used on non-Windows systems
[5.580s] INFO:colcon.colcon_notification.desktop_notification:Sending desktop notification using 'notify2'
[5.582s] DEBUG:colcon.colcon_notification.desktop_notification.notify2:Failed to initialize notify2: org.freedesktop.DBus.Error.Spawn.ExecFailed: /usr/bin/dbus-launch terminated abnormally without any error message
[5.583s] DEBUG:colcon.colcon_core.event_reactor:joined thread
[5.583s] INFO:colcon.colcon_core.shell:Creating prefix script '/workspaces/auto_race/ros2_ws/install/local_setup.ps1'
[5.622s] INFO:colcon.colcon_core.shell:Creating prefix util module '/workspaces/auto_race/ros2_ws/install/_local_setup_util_ps1.py'
[5.653s] INFO:colcon.colcon_core.shell:Creating prefix chain script '/workspaces/auto_race/ros2_ws/install/setup.ps1'
[5.665s] INFO:colcon.colcon_core.shell:Creating prefix script '/workspaces/auto_race/ros2_ws/install/local_setup.sh'
[5.666s] INFO:colcon.colcon_core.shell:Creating prefix util module '/workspaces/auto_race/ros2_ws/install/_local_setup_util_sh.py'
[5.667s] INFO:colcon.colcon_core.shell:Creating prefix chain script '/workspaces/auto_race/ros2_ws/install/setup.sh'
[5.671s] INFO:colcon.colcon_core.shell:Creating prefix script '/workspaces/auto_race/ros2_ws/install/local_setup.bash'
[5.672s] INFO:colcon.colcon_core.shell:Creating prefix chain script '/workspaces/auto_race/ros2_ws/install/setup.bash'
[5.673s] INFO:colcon.colcon_core.shell:Creating prefix script '/workspaces/auto_race/ros2_ws/install/local_setup.zsh'
[5.674s] INFO:colcon.colcon_core.shell:Creating prefix chain script '/workspaces/auto_race/ros2_ws/install/setup.zsh'
