[0.050s] Invoking command in '/workspaces/auto_race/ros2_ws/build/my_robot_bringup': CMAKE_PREFIX_PATH=${CMAKE_PREFIX_PATH}:/opt/ros/humble /usr/bin/cmake --build /workspaces/auto_race/ros2_ws/build/my_robot_bringup -- -j8 -l8
[0.734s] -- Found ament_cmake: 1.3.8 (/opt/ros/humble/share/ament_cmake/cmake)
[1.248s] -- Override CMake install command with custom implementation using symlinks instead of copying resources
[1.610s] -- Found ament_lint_auto: 0.12.10 (/opt/ros/humble/share/ament_lint_auto/cmake)
[1.839s] -- Added test 'lint_cmake' to check CMake code style
[1.842s] -- Added test 'xmllint' to check XML markup files
[1.844s] -- Configuring done
[1.966s] -- Generating done
[1.983s] -- Build files have been written to: /workspaces/auto_race/ros2_ws/build/my_robot_bringup
[2.004s] Invoked command in '/workspaces/auto_race/ros2_ws/build/my_robot_bringup' returned '0': CMAKE_PREFIX_PATH=${CMAKE_PREFIX_PATH}:/opt/ros/humble /usr/bin/cmake --build /workspaces/auto_race/ros2_ws/build/my_robot_bringup -- -j8 -l8
[2.029s] Invoking command in '/workspaces/auto_race/ros2_ws/build/my_robot_bringup': CMAKE_PREFIX_PATH=${CMAKE_PREFIX_PATH}:/opt/ros/humble /usr/bin/cmake --install /workspaces/auto_race/ros2_ws/build/my_robot_bringup
[2.036s] -- Install configuration: ""
[2.036s] -- Execute custom install script
[2.037s] -- Up-to-date symlink: /workspaces/auto_race/ros2_ws/install/my_robot_bringup/share/my_robot_bringup//launch/my_robot_gazebo.launch.xml
[2.037s] -- Up-to-date symlink: /workspaces/auto_race/ros2_ws/install/my_robot_bringup/share/my_robot_bringup//rviz/rviz_config.rviz
[2.037s] -- Symlinking: /workspaces/auto_race/ros2_ws/install/my_robot_bringup/share/my_robot_bringup//worlds/my_world.world
[2.076s] -- Up-to-date symlink: /workspaces/auto_race/ros2_ws/install/my_robot_bringup/share/ament_index/resource_index/package_run_dependencies/my_robot_bringup
[2.085s] -- Up-to-date symlink: /workspaces/auto_race/ros2_ws/install/my_robot_bringup/share/ament_index/resource_index/parent_prefix_path/my_robot_bringup
[2.085s] -- Up-to-date symlink: /workspaces/auto_race/ros2_ws/install/my_robot_bringup/share/my_robot_bringup/environment/ament_prefix_path.sh
[2.086s] -- Up-to-date symlink: /workspaces/auto_race/ros2_ws/install/my_robot_bringup/share/my_robot_bringup/environment/ament_prefix_path.dsv
[2.086s] -- Up-to-date symlink: /workspaces/auto_race/ros2_ws/install/my_robot_bringup/share/my_robot_bringup/environment/path.sh
[2.086s] -- Up-to-date symlink: /workspaces/auto_race/ros2_ws/install/my_robot_bringup/share/my_robot_bringup/environment/path.dsv
[2.086s] -- Up-to-date symlink: /workspaces/auto_race/ros2_ws/install/my_robot_bringup/share/my_robot_bringup/local_setup.bash
[2.086s] -- Up-to-date symlink: /workspaces/auto_race/ros2_ws/install/my_robot_bringup/share/my_robot_bringup/local_setup.sh
[2.087s] -- Up-to-date symlink: /workspaces/auto_race/ros2_ws/install/my_robot_bringup/share/my_robot_bringup/local_setup.zsh
[2.087s] -- Up-to-date symlink: /workspaces/auto_race/ros2_ws/install/my_robot_bringup/share/my_robot_bringup/local_setup.dsv
[2.087s] -- Symlinking: /workspaces/auto_race/ros2_ws/install/my_robot_bringup/share/my_robot_bringup/package.dsv
[2.107s] -- Up-to-date symlink: /workspaces/auto_race/ros2_ws/install/my_robot_bringup/share/ament_index/resource_index/packages/my_robot_bringup
[2.107s] -- Up-to-date symlink: /workspaces/auto_race/ros2_ws/install/my_robot_bringup/share/my_robot_bringup/cmake/my_robot_bringupConfig.cmake
[2.107s] -- Up-to-date symlink: /workspaces/auto_race/ros2_ws/install/my_robot_bringup/share/my_robot_bringup/cmake/my_robot_bringupConfig-version.cmake
[2.108s] -- Up-to-date symlink: /workspaces/auto_race/ros2_ws/install/my_robot_bringup/share/my_robot_bringup/package.xml
[2.110s] Invoked command in '/workspaces/auto_race/ros2_ws/build/my_robot_bringup' returned '0': CMAKE_PREFIX_PATH=${CMAKE_PREFIX_PATH}:/opt/ros/humble /usr/bin/cmake --install /workspaces/auto_race/ros2_ws/build/my_robot_bringup
