[0.036s] Invoking command in '/workspaces/auto_race/build/my_robot_bringup': CMAKE_PREFIX_PATH=/opt/ros/humble /usr/bin/cmake /workspaces/auto_race/ros2_ws/src/my_robot_bringup -DAMENT_CMAKE_SYMLINK_INSTALL=1 -DCMAKE_INSTALL_PREFIX=/workspaces/auto_race/install/my_robot_bringup
[0.557s] -- Found ament_cmake: 1.3.8 (/opt/ros/humble/share/ament_cmake/cmake)
[0.855s] -- Found Python3: /usr/bin/python3 (found version "3.10.12") found components: Interpreter 
[0.983s] -- Override CMake install command with custom implementation using symlinks instead of copying resources
[1.129s] -- Found ament_lint_auto: 0.12.10 (/opt/ros/humble/share/ament_lint_auto/cmake)
[1.271s] -- Added test 'flake8' to check Python code syntax and style conventions
[1.272s] -- Added test 'lint_cmake' to check CMake code style
[1.273s] -- Added test 'pep257' to check Python code against some of the docstring style conventions in PEP 257
[1.276s] -- Added test 'xmllint' to check XML markup files
[1.278s] -- Configuring done
[1.283s] -- Generating done
[1.284s] -- Build files have been written to: /workspaces/auto_race/build/my_robot_bringup
[1.331s] Invoked command in '/workspaces/auto_race/build/my_robot_bringup' returned '0': CMAKE_PREFIX_PATH=/opt/ros/humble /usr/bin/cmake /workspaces/auto_race/ros2_ws/src/my_robot_bringup -DAMENT_CMAKE_SYMLINK_INSTALL=1 -DCMAKE_INSTALL_PREFIX=/workspaces/auto_race/install/my_robot_bringup
[1.332s] Invoking command in '/workspaces/auto_race/build/my_robot_bringup': CMAKE_PREFIX_PATH=/opt/ros/humble /usr/bin/cmake --build /workspaces/auto_race/build/my_robot_bringup -- -j8 -l8
[1.359s] Invoked command in '/workspaces/auto_race/build/my_robot_bringup' returned '0': CMAKE_PREFIX_PATH=/opt/ros/humble /usr/bin/cmake --build /workspaces/auto_race/build/my_robot_bringup -- -j8 -l8
[1.393s] Invoking command in '/workspaces/auto_race/build/my_robot_bringup': CMAKE_PREFIX_PATH=/opt/ros/humble /usr/bin/cmake --install /workspaces/auto_race/build/my_robot_bringup
[1.403s] -- Install configuration: ""
[1.404s] -- Execute custom install script
[1.404s] -- Symlinking: /workspaces/auto_race/install/my_robot_bringup/share/my_robot_bringup//launch/my_robot_gazebo.launch.xml
[1.434s] -- Symlinking: /workspaces/auto_race/install/my_robot_bringup/share/my_robot_bringup//launch/nav2_gazebo.launch.py
[1.445s] -- Symlinking: /workspaces/auto_race/install/my_robot_bringup/share/my_robot_bringup//launch/nav2_gazebo.launch.xml
[1.457s] -- Symlinking: /workspaces/auto_race/install/my_robot_bringup/share/my_robot_bringup//launch/nav2_gazebo_xml.launch.xml
[1.469s] -- Symlinking: /workspaces/auto_race/install/my_robot_bringup/share/my_robot_bringup//rviz/rviz_config.rviz
[1.480s] -- Symlinking: /workspaces/auto_race/install/my_robot_bringup/share/my_robot_bringup//worlds/my_world.world
[1.492s] -- Symlinking: /workspaces/auto_race/install/my_robot_bringup/share/my_robot_bringup//map/map_gazebo.pgm
[1.500s] -- Symlinking: /workspaces/auto_race/install/my_robot_bringup/share/my_robot_bringup//map/map_gazebo.yaml
[1.513s] -- Symlinking: /workspaces/auto_race/install/my_robot_bringup/share/my_robot_bringup//param/my_robot.yaml
[1.523s] -- Symlinking: /workspaces/auto_race/install/my_robot_bringup/share/ament_index/resource_index/package_run_dependencies/my_robot_bringup
[1.536s] -- Symlinking: /workspaces/auto_race/install/my_robot_bringup/share/ament_index/resource_index/parent_prefix_path/my_robot_bringup
[1.548s] -- Symlinking: /workspaces/auto_race/install/my_robot_bringup/share/my_robot_bringup/environment/ament_prefix_path.sh
[1.562s] -- Symlinking: /workspaces/auto_race/install/my_robot_bringup/share/my_robot_bringup/environment/ament_prefix_path.dsv
[1.573s] -- Symlinking: /workspaces/auto_race/install/my_robot_bringup/share/my_robot_bringup/environment/path.sh
[1.584s] -- Symlinking: /workspaces/auto_race/install/my_robot_bringup/share/my_robot_bringup/environment/path.dsv
[1.597s] -- Symlinking: /workspaces/auto_race/install/my_robot_bringup/share/my_robot_bringup/local_setup.bash
[1.609s] -- Symlinking: /workspaces/auto_race/install/my_robot_bringup/share/my_robot_bringup/local_setup.sh
[1.654s] -- Symlinking: /workspaces/auto_race/install/my_robot_bringup/share/my_robot_bringup/local_setup.zsh
[1.654s] -- Symlinking: /workspaces/auto_race/install/my_robot_bringup/share/my_robot_bringup/local_setup.dsv
[1.655s] -- Symlinking: /workspaces/auto_race/install/my_robot_bringup/share/my_robot_bringup/package.dsv
[1.655s] -- Symlinking: /workspaces/auto_race/install/my_robot_bringup/share/ament_index/resource_index/packages/my_robot_bringup
[1.666s] -- Symlinking: /workspaces/auto_race/install/my_robot_bringup/share/my_robot_bringup/cmake/my_robot_bringupConfig.cmake
[1.678s] -- Symlinking: /workspaces/auto_race/install/my_robot_bringup/share/my_robot_bringup/cmake/my_robot_bringupConfig-version.cmake
[1.689s] -- Symlinking: /workspaces/auto_race/install/my_robot_bringup/share/my_robot_bringup/package.xml
[1.702s] Invoked command in '/workspaces/auto_race/build/my_robot_bringup' returned '0': CMAKE_PREFIX_PATH=/opt/ros/humble /usr/bin/cmake --install /workspaces/auto_race/build/my_robot_bringup
