[0.048s] Invoking command in '/workspaces/auto_race/ros2_ws/build/my_robot_bringup': CMAKE_PREFIX_PATH=${CMAKE_PREFIX_PATH}:/opt/ros/humble /usr/bin/cmake /workspaces/auto_race/ros2_ws/src/my_robot_bringup -DAMENT_CMAKE_SYMLINK_INSTALL=1 -DCMAKE_INSTALL_PREFIX=/workspaces/auto_race/ros2_ws/install/my_robot_bringup
[0.048s] -- Found ament_cmake: 1.3.8 (/opt/ros/humble/share/ament_cmake/cmake)
[0.172s] -- Override CMake install command with custom implementation using symlinks instead of copying resources
[0.193s] -- Found ament_lint_auto: 0.12.10 (/opt/ros/humble/share/ament_lint_auto/cmake)
[0.284s] -- Added test 'lint_cmake' to check CMake code style
[0.286s] -- Added test 'xmllint' to check XML markup files
[0.287s] -- Configuring done
[0.290s] -- Generating done
[0.291s] -- Build files have been written to: /workspaces/auto_race/ros2_ws/build/my_robot_bringup
[0.294s] Invoked command in '/workspaces/auto_race/ros2_ws/build/my_robot_bringup' returned '0': CMAKE_PREFIX_PATH=${CMAKE_PREFIX_PATH}:/opt/ros/humble /usr/bin/cmake /workspaces/auto_race/ros2_ws/src/my_robot_bringup -DAMENT_CMAKE_SYMLINK_INSTALL=1 -DCMAKE_INSTALL_PREFIX=/workspaces/auto_race/ros2_ws/install/my_robot_bringup
[0.296s] Invoking command in '/workspaces/auto_race/ros2_ws/build/my_robot_bringup': CMAKE_PREFIX_PATH=${CMAKE_PREFIX_PATH}:/opt/ros/humble /usr/bin/cmake --build /workspaces/auto_race/ros2_ws/build/my_robot_bringup -- -j8 -l8
[0.336s] Invoked command in '/workspaces/auto_race/ros2_ws/build/my_robot_bringup' returned '0': CMAKE_PREFIX_PATH=${CMAKE_PREFIX_PATH}:/opt/ros/humble /usr/bin/cmake --build /workspaces/auto_race/ros2_ws/build/my_robot_bringup -- -j8 -l8
[0.371s] Invoking command in '/workspaces/auto_race/ros2_ws/build/my_robot_bringup': CMAKE_PREFIX_PATH=${CMAKE_PREFIX_PATH}:/opt/ros/humble /usr/bin/cmake --install /workspaces/auto_race/ros2_ws/build/my_robot_bringup
[0.379s] -- Install configuration: ""
[0.379s] -- Execute custom install script
[0.380s] -- Symlinking: /workspaces/auto_race/ros2_ws/install/my_robot_bringup/share/my_robot_bringup//launch/my_robot_gazebo.launch.xml
[0.391s] -- Symlinking: /workspaces/auto_race/ros2_ws/install/my_robot_bringup/share/my_robot_bringup//rviz/rviz_config.rviz
[0.402s] -- Symlinking: /workspaces/auto_race/ros2_ws/install/my_robot_bringup/share/ament_index/resource_index/package_run_dependencies/my_robot_bringup
[0.411s] -- Symlinking: /workspaces/auto_race/ros2_ws/install/my_robot_bringup/share/ament_index/resource_index/parent_prefix_path/my_robot_bringup
[0.421s] -- Symlinking: /workspaces/auto_race/ros2_ws/install/my_robot_bringup/share/my_robot_bringup/environment/ament_prefix_path.sh
[0.431s] -- Symlinking: /workspaces/auto_race/ros2_ws/install/my_robot_bringup/share/my_robot_bringup/environment/ament_prefix_path.dsv
[0.440s] -- Symlinking: /workspaces/auto_race/ros2_ws/install/my_robot_bringup/share/my_robot_bringup/environment/path.sh
[0.448s] -- Symlinking: /workspaces/auto_race/ros2_ws/install/my_robot_bringup/share/my_robot_bringup/environment/path.dsv
[0.457s] -- Symlinking: /workspaces/auto_race/ros2_ws/install/my_robot_bringup/share/my_robot_bringup/local_setup.bash
[0.469s] -- Symlinking: /workspaces/auto_race/ros2_ws/install/my_robot_bringup/share/my_robot_bringup/local_setup.sh
[0.478s] -- Symlinking: /workspaces/auto_race/ros2_ws/install/my_robot_bringup/share/my_robot_bringup/local_setup.zsh
[0.487s] -- Symlinking: /workspaces/auto_race/ros2_ws/install/my_robot_bringup/share/my_robot_bringup/local_setup.dsv
[0.496s] -- Symlinking: /workspaces/auto_race/ros2_ws/install/my_robot_bringup/share/my_robot_bringup/package.dsv
[0.505s] -- Symlinking: /workspaces/auto_race/ros2_ws/install/my_robot_bringup/share/ament_index/resource_index/packages/my_robot_bringup
[0.514s] -- Symlinking: /workspaces/auto_race/ros2_ws/install/my_robot_bringup/share/my_robot_bringup/cmake/my_robot_bringupConfig.cmake
[0.522s] -- Symlinking: /workspaces/auto_race/ros2_ws/install/my_robot_bringup/share/my_robot_bringup/cmake/my_robot_bringupConfig-version.cmake
[0.531s] -- Symlinking: /workspaces/auto_race/ros2_ws/install/my_robot_bringup/share/my_robot_bringup/package.xml
[0.542s] Invoked command in '/workspaces/auto_race/ros2_ws/build/my_robot_bringup' returned '0': CMAKE_PREFIX_PATH=${CMAKE_PREFIX_PATH}:/opt/ros/humble /usr/bin/cmake --install /workspaces/auto_race/ros2_ws/build/my_robot_bringup
