[0.020s] Invoking command in '/workspaces/auto_race/ros2_ws/build/my_robot_description': CMAKE_PREFIX_PATH=${CMAKE_PREFIX_PATH}:/opt/ros/humble /usr/bin/cmake /workspaces/auto_race/ros2_ws/src/my_robot_description -DAMENT_CMAKE_SYMLINK_INSTALL=1 -DCMAKE_INSTALL_PREFIX=/workspaces/auto_race/ros2_ws/install/my_robot_description
[0.034s] -- Found ament_cmake: 1.3.8 (/opt/ros/humble/share/ament_cmake/cmake)
[0.173s] -- Override CMake install command with custom implementation using symlinks instead of copying resources
[0.183s] -- Found ament_lint_auto: 0.12.10 (/opt/ros/humble/share/ament_lint_auto/cmake)
[0.270s] -- Added test 'lint_cmake' to check CMake code style
[0.272s] -- Added test 'xmllint' to check XML markup files
[0.273s] -- Configuring done
[0.276s] -- Generating done
[0.277s] -- Build files have been written to: /workspaces/auto_race/ros2_ws/build/my_robot_description
[0.281s] Invoked command in '/workspaces/auto_race/ros2_ws/build/my_robot_description' returned '0': CMAKE_PREFIX_PATH=${CMAKE_PREFIX_PATH}:/opt/ros/humble /usr/bin/cmake /workspaces/auto_race/ros2_ws/src/my_robot_description -DAMENT_CMAKE_SYMLINK_INSTALL=1 -DCMAKE_INSTALL_PREFIX=/workspaces/auto_race/ros2_ws/install/my_robot_description
[0.283s] Invoking command in '/workspaces/auto_race/ros2_ws/build/my_robot_description': CMAKE_PREFIX_PATH=${CMAKE_PREFIX_PATH}:/opt/ros/humble /usr/bin/cmake --build /workspaces/auto_race/ros2_ws/build/my_robot_description -- -j8 -l8
[0.323s] Invoked command in '/workspaces/auto_race/ros2_ws/build/my_robot_description' returned '0': CMAKE_PREFIX_PATH=${CMAKE_PREFIX_PATH}:/opt/ros/humble /usr/bin/cmake --build /workspaces/auto_race/ros2_ws/build/my_robot_description -- -j8 -l8
[0.358s] Invoking command in '/workspaces/auto_race/ros2_ws/build/my_robot_description': CMAKE_PREFIX_PATH=${CMAKE_PREFIX_PATH}:/opt/ros/humble /usr/bin/cmake --install /workspaces/auto_race/ros2_ws/build/my_robot_description
[0.365s] -- Install configuration: ""
[0.366s] -- Execute custom install script
[0.366s] -- Up-to-date symlink: /workspaces/auto_race/ros2_ws/install/my_robot_description/share/my_robot_description//urdf/common_properties.urdf.xacro
[0.367s] -- Up-to-date symlink: /workspaces/auto_race/ros2_ws/install/my_robot_description/share/my_robot_description//urdf/mobile_base.urdf.xacro
[0.367s] -- Up-to-date symlink: /workspaces/auto_race/ros2_ws/install/my_robot_description/share/my_robot_description//urdf/mobile_base_gazebo.urdf.xacro
[0.367s] -- Up-to-date symlink: /workspaces/auto_race/ros2_ws/install/my_robot_description/share/my_robot_description//urdf/my_robot.urdf.xacro
[0.367s] -- Up-to-date symlink: /workspaces/auto_race/ros2_ws/install/my_robot_description/share/my_robot_description//urdf/sensors.urdf.xacro
[0.368s] -- Up-to-date symlink: /workspaces/auto_race/ros2_ws/install/my_robot_description/share/my_robot_description//launch/display.launch.xml
[0.368s] -- Up-to-date symlink: /workspaces/auto_race/ros2_ws/install/my_robot_description/share/ament_index/resource_index/package_run_dependencies/my_robot_description
[0.369s] -- Up-to-date symlink: /workspaces/auto_race/ros2_ws/install/my_robot_description/share/ament_index/resource_index/parent_prefix_path/my_robot_description
[0.369s] -- Up-to-date symlink: /workspaces/auto_race/ros2_ws/install/my_robot_description/share/my_robot_description/environment/ament_prefix_path.sh
[0.370s] -- Up-to-date symlink: /workspaces/auto_race/ros2_ws/install/my_robot_description/share/my_robot_description/environment/ament_prefix_path.dsv
[0.370s] -- Up-to-date symlink: /workspaces/auto_race/ros2_ws/install/my_robot_description/share/my_robot_description/environment/path.sh
[0.370s] -- Up-to-date symlink: /workspaces/auto_race/ros2_ws/install/my_robot_description/share/my_robot_description/environment/path.dsv
[0.374s] -- Up-to-date symlink: /workspaces/auto_race/ros2_ws/install/my_robot_description/share/my_robot_description/local_setup.bash
[0.374s] -- Up-to-date symlink: /workspaces/auto_race/ros2_ws/install/my_robot_description/share/my_robot_description/local_setup.sh
[0.375s] -- Up-to-date symlink: /workspaces/auto_race/ros2_ws/install/my_robot_description/share/my_robot_description/local_setup.zsh
[0.375s] -- Up-to-date symlink: /workspaces/auto_race/ros2_ws/install/my_robot_description/share/my_robot_description/local_setup.dsv
[0.375s] -- Symlinking: /workspaces/auto_race/ros2_ws/install/my_robot_description/share/my_robot_description/package.dsv
[0.383s] -- Up-to-date symlink: /workspaces/auto_race/ros2_ws/install/my_robot_description/share/ament_index/resource_index/packages/my_robot_description
[0.383s] -- Up-to-date symlink: /workspaces/auto_race/ros2_ws/install/my_robot_description/share/my_robot_description/cmake/my_robot_descriptionConfig.cmake
[0.384s] -- Up-to-date symlink: /workspaces/auto_race/ros2_ws/install/my_robot_description/share/my_robot_description/cmake/my_robot_descriptionConfig-version.cmake
[0.384s] -- Up-to-date symlink: /workspaces/auto_race/ros2_ws/install/my_robot_description/share/my_robot_description/package.xml
[0.387s] Invoked command in '/workspaces/auto_race/ros2_ws/build/my_robot_description' returned '0': CMAKE_PREFIX_PATH=${CMAKE_PREFIX_PATH}:/opt/ros/humble /usr/bin/cmake --install /workspaces/auto_race/ros2_ws/build/my_robot_description
