[0.018s] Invoking command in '/workspaces/auto_race/build/my_robot_bringup': /usr/bin/cmake /workspaces/auto_race/ros2_ws/src/my_robot_bringup -DAMENT_CMAKE_SYMLINK_INSTALL=1 -DCMAKE_INSTALL_PREFIX=/workspaces/auto_race/install/my_robot_bringup
[0.062s] [31mCMake Error at CMakeLists.txt:9 (find_package):
[0.062s]   By not providing "Findament_cmake.cmake" in CMAKE_MODULE_PATH this project
[0.062s]   has asked CMake to find a package configuration file provided by
[0.062s]   "ament_cmake", but CMake did not find one.
[0.062s] 
[0.063s]   Could not find a package configuration file provided by "ament_cmake" with
[0.063s]   any of the following names:
[0.063s] 
[0.063s]     ament_cmakeConfig.cmake
[0.063s]     ament_cmake-config.cmake
[0.063s] 
[0.063s]   Add the installation prefix of "ament_cmake" to CMAKE_PREFIX_PATH or set
[0.063s]   "ament_cmake_DIR" to a directory containing one of the above files.  If
[0.064s]   "ament_cmake" provides a separate development package or SDK, be sure it
[0.064s]   has been installed.
[0.064s] 
[0.064s] [0m
[0.066s] -- Configuring incomplete, errors occurred!
[0.066s] See also "/workspaces/auto_race/build/my_robot_bringup/CMakeFiles/CMakeOutput.log".
[0.282s] Invoked command in '/workspaces/auto_race/build/my_robot_bringup' returned '1': /usr/bin/cmake /workspaces/auto_race/ros2_ws/src/my_robot_bringup -DAMENT_CMAKE_SYMLINK_INSTALL=1 -DCMAKE_INSTALL_PREFIX=/workspaces/auto_race/install/my_robot_bringup
