[0.018s] Invoking command in '/workspaces/auto_race/build/waypoints': /usr/bin/cmake /workspaces/auto_race/ros2_ws/src/waypoints -DAMENT_CMAKE_SYMLINK_INSTALL=1 -DCMAKE_INSTALL_PREFIX=/workspaces/auto_race/install/waypoints
[0.052s] [31mCMake Error at CMakeLists.txt:9 (find_package):
[0.052s]   By not providing "Findament_cmake.cmake" in CMAKE_MODULE_PATH this project
[0.052s]   has asked CMake to find a package configuration file provided by
[0.053s]   "ament_cmake", but CMake did not find one.
[0.053s] 
[0.053s]   Could not find a package configuration file provided by "ament_cmake" with
[0.053s]   any of the following names:
[0.053s] 
[0.053s]     ament_cmakeConfig.cmake
[0.053s]     ament_cmake-config.cmake
[0.053s] 
[0.054s]   Add the installation prefix of "ament_cmake" to CMAKE_PREFIX_PATH or set
[0.054s]   "ament_cmake_DIR" to a directory containing one of the above files.  If
[0.054s]   "ament_cmake" provides a separate development package or SDK, be sure it
[0.054s]   has been installed.
[0.055s] 
[0.055s] [0m
[0.055s] -- Configuring incomplete, errors occurred!
[0.055s] See also "/workspaces/auto_race/build/waypoints/CMakeFiles/CMakeOutput.log".
[0.278s] Invoked command in '/workspaces/auto_race/build/waypoints' returned '1': /usr/bin/cmake /workspaces/auto_race/ros2_ws/src/waypoints -DAMENT_CMAKE_SYMLINK_INSTALL=1 -DCMAKE_INSTALL_PREFIX=/workspaces/auto_race/install/waypoints
