[0.035s] Invoking command in '/workspaces/auto_race/ros2_ws/build/my_robot_bringup': CMAKE_PREFIX_PATH=${CMAKE_PREFIX_PATH}:/opt/ros/humble /usr/bin/cmake --build /workspaces/auto_race/ros2_ws/build/my_robot_bringup -- -j8 -l8
[0.091s] Invoked command in '/workspaces/auto_race/ros2_ws/build/my_robot_bringup' returned '0': CMAKE_PREFIX_PATH=${CMAKE_PREFIX_PATH}:/opt/ros/humble /usr/bin/cmake --build /workspaces/auto_race/ros2_ws/build/my_robot_bringup -- -j8 -l8
[0.123s] Invoking command in '/workspaces/auto_race/ros2_ws/build/my_robot_bringup': CMAKE_PREFIX_PATH=${CMAKE_PREFIX_PATH}:/opt/ros/humble /usr/bin/cmake --install /workspaces/auto_race/ros2_ws/build/my_robot_bringup
[0.131s] -- Install configuration: ""
[0.152s] -- Execute custom install script
[0.153s] -- Up-to-date symlink: /workspaces/auto_race/ros2_ws/install/my_robot_bringup/share/my_robot_bringup//launch/my_robot_gazebo.launch.xml
[0.153s] -- Up-to-date symlink: /workspaces/auto_race/ros2_ws/install/my_robot_bringup/share/my_robot_bringup//rviz/rviz_config.rviz
[0.153s] -- Up-to-date symlink: /workspaces/auto_race/ros2_ws/install/my_robot_bringup/share/ament_index/resource_index/package_run_dependencies/my_robot_bringup
[0.153s] -- Up-to-date symlink: /workspaces/auto_race/ros2_ws/install/my_robot_bringup/share/ament_index/resource_index/parent_prefix_path/my_robot_bringup
[0.154s] -- Up-to-date symlink: /workspaces/auto_race/ros2_ws/install/my_robot_bringup/share/my_robot_bringup/environment/ament_prefix_path.sh
[0.154s] -- Up-to-date symlink: /workspaces/auto_race/ros2_ws/install/my_robot_bringup/share/my_robot_bringup/environment/ament_prefix_path.dsv
[0.154s] -- Up-to-date symlink: /workspaces/auto_race/ros2_ws/install/my_robot_bringup/share/my_robot_bringup/environment/path.sh
[0.155s] -- Up-to-date symlink: /workspaces/auto_race/ros2_ws/install/my_robot_bringup/share/my_robot_bringup/environment/path.dsv
[0.155s] -- Up-to-date symlink: /workspaces/auto_race/ros2_ws/install/my_robot_bringup/share/my_robot_bringup/local_setup.bash
[0.155s] -- Up-to-date symlink: /workspaces/auto_race/ros2_ws/install/my_robot_bringup/share/my_robot_bringup/local_setup.sh
[0.155s] -- Up-to-date symlink: /workspaces/auto_race/ros2_ws/install/my_robot_bringup/share/my_robot_bringup/local_setup.zsh
[0.156s] -- Up-to-date symlink: /workspaces/auto_race/ros2_ws/install/my_robot_bringup/share/my_robot_bringup/local_setup.dsv
[0.156s] -- Symlinking: /workspaces/auto_race/ros2_ws/install/my_robot_bringup/share/my_robot_bringup/package.dsv
[0.165s] -- Up-to-date symlink: /workspaces/auto_race/ros2_ws/install/my_robot_bringup/share/ament_index/resource_index/packages/my_robot_bringup
[0.166s] -- Up-to-date symlink: /workspaces/auto_race/ros2_ws/install/my_robot_bringup/share/my_robot_bringup/cmake/my_robot_bringupConfig.cmake
[0.166s] -- Up-to-date symlink: /workspaces/auto_race/ros2_ws/install/my_robot_bringup/share/my_robot_bringup/cmake/my_robot_bringupConfig-version.cmake
[0.166s] -- Up-to-date symlink: /workspaces/auto_race/ros2_ws/install/my_robot_bringup/share/my_robot_bringup/package.xml
[0.168s] Invoked command in '/workspaces/auto_race/ros2_ws/build/my_robot_bringup' returned '0': CMAKE_PREFIX_PATH=${CMAKE_PREFIX_PATH}:/opt/ros/humble /usr/bin/cmake --install /workspaces/auto_race/ros2_ws/build/my_robot_bringup
