-- Found ament_cmake: 1.3.8 (/opt/ros/humble/share/ament_cmake/cmake)
-- Found Python3: /usr/bin/python3 (found version "3.10.12") found components: Interpreter 
-- Override CMake install command with custom implementation using symlinks instead of copying resources
-- Found ament_lint_auto: 0.12.10 (/opt/ros/humble/share/ament_lint_auto/cmake)
-- Added test 'lint_cmake' to check CMake code style
-- Added test 'xmllint' to check XML markup files
-- Configuring done
-- Generating done
-- Build files have been written to: /workspaces/auto_race/build/waypoints
-- Install configuration: ""
-- Execute custom install script
-- Symlinking: /workspaces/auto_race/install/waypoints/share/ament_index/resource_index/package_run_dependencies/waypoints
-- Symlinking: /workspaces/auto_race/install/waypoints/share/ament_index/resource_index/parent_prefix_path/waypoints
-- Symlinking: /workspaces/auto_race/install/waypoints/share/waypoints/environment/ament_prefix_path.sh
-- Symlinking: /workspaces/auto_race/install/waypoints/share/waypoints/environment/ament_prefix_path.dsv
-- Symlinking: /workspaces/auto_race/install/waypoints/share/waypoints/environment/path.sh
-- Symlinking: /workspaces/auto_race/install/waypoints/share/waypoints/environment/path.dsv
-- Symlinking: /workspaces/auto_race/install/waypoints/share/waypoints/local_setup.bash
-- Symlinking: /workspaces/auto_race/install/waypoints/share/waypoints/local_setup.sh
-- Symlinking: /workspaces/auto_race/install/waypoints/share/waypoints/local_setup.zsh
-- Symlinking: /workspaces/auto_race/install/waypoints/share/waypoints/local_setup.dsv
-- Symlinking: /workspaces/auto_race/install/waypoints/share/waypoints/package.dsv
-- Symlinking: /workspaces/auto_race/install/waypoints/share/ament_index/resource_index/packages/waypoints
-- Symlinking: /workspaces/auto_race/install/waypoints/share/waypoints/cmake/waypointsConfig.cmake
-- Symlinking: /workspaces/auto_race/install/waypoints/share/waypoints/cmake/waypointsConfig-version.cmake
-- Symlinking: /workspaces/auto_race/install/waypoints/share/waypoints/package.xml
