[0.599s] DEBUG:colcon:Command line arguments: ['/usr/bin/colcon', 'build']
[0.599s] DEBUG:colcon:Parsed command line arguments: Namespace(log_base=None, log_level=None, verb_name='build', build_base='build', install_base='install', merge_install=False, symlink_install=False, test_result_base=None, continue_on_error=False, executor='parallel', parallel_workers=8, event_handlers=None, ignore_user_meta=False, metas=['./colcon.meta'], base_paths=['.'], packages_ignore=None, packages_ignore_regex=None, paths=None, packages_up_to=None, packages_up_to_regex=None, packages_above=None, packages_above_and_dependencies=None, packages_above_depth=None, packages_select_by_dep=None, packages_skip_by_dep=None, packages_skip_up_to=None, packages_select_build_failed=False, packages_skip_build_finished=False, packages_select_test_failures=False, packages_skip_test_passed=False, packages_select=None, packages_skip=None, packages_select_regex=None, packages_skip_regex=None, packages_start=None, packages_end=None, cmake_args=None, cmake_target=None, cmake_target_skip_unavailable=False, cmake_clean_cache=False, cmake_clean_first=False, cmake_force_configure=False, ament_cmake_args=None, catkin_cmake_args=None, catkin_skip_building_tests=False, mixin_files=None, mixin=None, verb_parser=<colcon_mixin.mixin.mixin_argument.MixinArgumentDecorator object at 0x7fd250ee4ac0>, verb_extension=<colcon_core.verb.build.BuildVerb object at 0x7fd250ee4130>, main=<bound method BuildVerb.main of <colcon_core.verb.build.BuildVerb object at 0x7fd250ee4130>>, mixin_verb=('build',))
[4.500s] Level 1:colcon.colcon_core.package_discovery:discover_packages(colcon_meta) check parameters
[4.514s] Level 1:colcon.colcon_core.package_discovery:discover_packages(recursive) check parameters
[4.514s] Level 1:colcon.colcon_core.package_discovery:discover_packages(ignore) check parameters
[4.514s] Level 1:colcon.colcon_core.package_discovery:discover_packages(path) check parameters
[4.515s] Level 1:colcon.colcon_core.package_discovery:discover_packages(colcon_meta) discover
[4.515s] Level 1:colcon.colcon_core.package_discovery:discover_packages(recursive) discover
[4.515s] INFO:colcon.colcon_core.package_discovery:Crawling recursively for packages in '/workspaces/auto_race/ros2_ws'
[4.515s] Level 1:colcon.colcon_core.package_identification:_identify(.) by extensions ['ignore', 'ignore_ament_install']
[4.515s] Level 1:colcon.colcon_core.package_identification:_identify(.) by extension 'ignore'
[4.516s] Level 1:colcon.colcon_core.package_identification:_identify(.) by extension 'ignore_ament_install'
[4.516s] Level 1:colcon.colcon_core.package_identification:_identify(.) by extensions ['colcon_pkg']
[4.516s] Level 1:colcon.colcon_core.package_identification:_identify(.) by extension 'colcon_pkg'
[4.516s] Level 1:colcon.colcon_core.package_identification:_identify(.) by extensions ['colcon_meta']
[4.516s] Level 1:colcon.colcon_core.package_identification:_identify(.) by extension 'colcon_meta'
[4.516s] Level 1:colcon.colcon_core.package_identification:_identify(.) by extensions ['ros']
[4.516s] Level 1:colcon.colcon_core.package_identification:_identify(.) by extension 'ros'
[4.543s] Level 1:colcon.colcon_core.package_identification:_identify(.) by extensions ['cmake', 'python']
[4.543s] Level 1:colcon.colcon_core.package_identification:_identify(.) by extension 'cmake'
[4.543s] Level 1:colcon.colcon_core.package_identification:_identify(.) by extension 'python'
[4.543s] Level 1:colcon.colcon_core.package_identification:_identify(.) by extensions ['python_setup_py']
[4.543s] Level 1:colcon.colcon_core.package_identification:_identify(.) by extension 'python_setup_py'
[4.543s] Level 1:colcon.colcon_core.package_identification:_identify(build) by extensions ['ignore', 'ignore_ament_install']
[4.544s] Level 1:colcon.colcon_core.package_identification:_identify(build) by extension 'ignore'
[4.544s] Level 1:colcon.colcon_core.package_identification:_identify(build) ignored
[4.544s] Level 1:colcon.colcon_core.package_identification:_identify(install) by extensions ['ignore', 'ignore_ament_install']
[4.544s] Level 1:colcon.colcon_core.package_identification:_identify(install) by extension 'ignore'
[4.544s] Level 1:colcon.colcon_core.package_identification:_identify(install) ignored
[4.544s] Level 1:colcon.colcon_core.package_identification:_identify(log) by extensions ['ignore', 'ignore_ament_install']
[4.544s] Level 1:colcon.colcon_core.package_identification:_identify(log) by extension 'ignore'
[4.544s] Level 1:colcon.colcon_core.package_identification:_identify(log) ignored
[4.545s] Level 1:colcon.colcon_core.package_identification:_identify(src) by extensions ['ignore', 'ignore_ament_install']
[4.545s] Level 1:colcon.colcon_core.package_identification:_identify(src) by extension 'ignore'
[4.545s] Level 1:colcon.colcon_core.package_identification:_identify(src) by extension 'ignore_ament_install'
[4.545s] Level 1:colcon.colcon_core.package_identification:_identify(src) by extensions ['colcon_pkg']
[4.545s] Level 1:colcon.colcon_core.package_identification:_identify(src) by extension 'colcon_pkg'
[4.545s] Level 1:colcon.colcon_core.package_identification:_identify(src) by extensions ['colcon_meta']
[4.545s] Level 1:colcon.colcon_core.package_identification:_identify(src) by extension 'colcon_meta'
[4.545s] Level 1:colcon.colcon_core.package_identification:_identify(src) by extensions ['ros']
[4.545s] Level 1:colcon.colcon_core.package_identification:_identify(src) by extension 'ros'
[4.545s] Level 1:colcon.colcon_core.package_identification:_identify(src) by extensions ['cmake', 'python']
[4.545s] Level 1:colcon.colcon_core.package_identification:_identify(src) by extension 'cmake'
[4.545s] Level 1:colcon.colcon_core.package_identification:_identify(src) by extension 'python'
[4.546s] Level 1:colcon.colcon_core.package_identification:_identify(src) by extensions ['python_setup_py']
[4.546s] Level 1:colcon.colcon_core.package_identification:_identify(src) by extension 'python_setup_py'
[4.546s] Level 1:colcon.colcon_core.package_identification:_identify(src/my_robot_bringup) by extensions ['ignore', 'ignore_ament_install']
[4.546s] Level 1:colcon.colcon_core.package_identification:_identify(src/my_robot_bringup) by extension 'ignore'
[4.546s] Level 1:colcon.colcon_core.package_identification:_identify(src/my_robot_bringup) by extension 'ignore_ament_install'
[4.546s] Level 1:colcon.colcon_core.package_identification:_identify(src/my_robot_bringup) by extensions ['colcon_pkg']
[4.546s] Level 1:colcon.colcon_core.package_identification:_identify(src/my_robot_bringup) by extension 'colcon_pkg'
[4.546s] Level 1:colcon.colcon_core.package_identification:_identify(src/my_robot_bringup) by extensions ['colcon_meta']
[4.546s] Level 1:colcon.colcon_core.package_identification:_identify(src/my_robot_bringup) by extension 'colcon_meta'
[4.546s] Level 1:colcon.colcon_core.package_identification:_identify(src/my_robot_bringup) by extensions ['ros']
[4.546s] Level 1:colcon.colcon_core.package_identification:_identify(src/my_robot_bringup) by extension 'ros'
[4.550s] DEBUG:colcon.colcon_core.package_identification:Package 'src/my_robot_bringup' with type 'ros.ament_cmake' and name 'my_robot_bringup'
[4.550s] Level 1:colcon.colcon_core.package_identification:_identify(src/my_robot_description) by extensions ['ignore', 'ignore_ament_install']
[4.550s] Level 1:colcon.colcon_core.package_identification:_identify(src/my_robot_description) by extension 'ignore'
[4.550s] Level 1:colcon.colcon_core.package_identification:_identify(src/my_robot_description) by extension 'ignore_ament_install'
[4.550s] Level 1:colcon.colcon_core.package_identification:_identify(src/my_robot_description) by extensions ['colcon_pkg']
[4.550s] Level 1:colcon.colcon_core.package_identification:_identify(src/my_robot_description) by extension 'colcon_pkg'
[4.550s] Level 1:colcon.colcon_core.package_identification:_identify(src/my_robot_description) by extensions ['colcon_meta']
[4.550s] Level 1:colcon.colcon_core.package_identification:_identify(src/my_robot_description) by extension 'colcon_meta'
[4.550s] Level 1:colcon.colcon_core.package_identification:_identify(src/my_robot_description) by extensions ['ros']
[4.550s] Level 1:colcon.colcon_core.package_identification:_identify(src/my_robot_description) by extension 'ros'
[4.551s] DEBUG:colcon.colcon_core.package_identification:Package 'src/my_robot_description' with type 'ros.ament_cmake' and name 'my_robot_description'
[4.551s] Level 1:colcon.colcon_core.package_discovery:discover_packages(recursive) using defaults
[4.551s] Level 1:colcon.colcon_core.package_discovery:discover_packages(ignore) discover
[4.551s] Level 1:colcon.colcon_core.package_discovery:discover_packages(ignore) using defaults
[4.551s] Level 1:colcon.colcon_core.package_discovery:discover_packages(path) discover
[4.551s] Level 1:colcon.colcon_core.package_discovery:discover_packages(path) using defaults
[4.802s] Level 5:colcon.colcon_core.verb:set package 'my_robot_bringup' build argument 'cmake_args' from command line to 'None'
[4.802s] Level 5:colcon.colcon_core.verb:set package 'my_robot_bringup' build argument 'cmake_target' from command line to 'None'
[4.803s] Level 5:colcon.colcon_core.verb:set package 'my_robot_bringup' build argument 'cmake_target_skip_unavailable' from command line to 'False'
[4.803s] Level 5:colcon.colcon_core.verb:set package 'my_robot_bringup' build argument 'cmake_clean_cache' from command line to 'False'
[4.803s] Level 5:colcon.colcon_core.verb:set package 'my_robot_bringup' build argument 'cmake_clean_first' from command line to 'False'
[4.803s] Level 5:colcon.colcon_core.verb:set package 'my_robot_bringup' build argument 'cmake_force_configure' from command line to 'False'
[4.803s] Level 5:colcon.colcon_core.verb:set package 'my_robot_bringup' build argument 'ament_cmake_args' from command line to 'None'
[4.803s] Level 5:colcon.colcon_core.verb:set package 'my_robot_bringup' build argument 'catkin_cmake_args' from command line to 'None'
[4.803s] Level 5:colcon.colcon_core.verb:set package 'my_robot_bringup' build argument 'catkin_skip_building_tests' from command line to 'False'
[4.803s] DEBUG:colcon.colcon_core.verb:Building package 'my_robot_bringup' with the following arguments: {'ament_cmake_args': None, 'build_base': '/workspaces/auto_race/ros2_ws/build/my_robot_bringup', 'catkin_cmake_args': None, 'catkin_skip_building_tests': False, 'cmake_args': None, 'cmake_clean_cache': False, 'cmake_clean_first': False, 'cmake_force_configure': False, 'cmake_target': None, 'cmake_target_skip_unavailable': False, 'install_base': '/workspaces/auto_race/ros2_ws/install/my_robot_bringup', 'merge_install': False, 'path': '/workspaces/auto_race/ros2_ws/src/my_robot_bringup', 'symlink_install': False, 'test_result_base': None}
[4.804s] Level 5:colcon.colcon_core.verb:set package 'my_robot_description' build argument 'cmake_args' from command line to 'None'
[4.804s] Level 5:colcon.colcon_core.verb:set package 'my_robot_description' build argument 'cmake_target' from command line to 'None'
[4.804s] Level 5:colcon.colcon_core.verb:set package 'my_robot_description' build argument 'cmake_target_skip_unavailable' from command line to 'False'
[4.804s] Level 5:colcon.colcon_core.verb:set package 'my_robot_description' build argument 'cmake_clean_cache' from command line to 'False'
[4.804s] Level 5:colcon.colcon_core.verb:set package 'my_robot_description' build argument 'cmake_clean_first' from command line to 'False'
[4.804s] Level 5:colcon.colcon_core.verb:set package 'my_robot_description' build argument 'cmake_force_configure' from command line to 'False'
[4.804s] Level 5:colcon.colcon_core.verb:set package 'my_robot_description' build argument 'ament_cmake_args' from command line to 'None'
[4.804s] Level 5:colcon.colcon_core.verb:set package 'my_robot_description' build argument 'catkin_cmake_args' from command line to 'None'
[4.804s] Level 5:colcon.colcon_core.verb:set package 'my_robot_description' build argument 'catkin_skip_building_tests' from command line to 'False'
[4.804s] DEBUG:colcon.colcon_core.verb:Building package 'my_robot_description' with the following arguments: {'ament_cmake_args': None, 'build_base': '/workspaces/auto_race/ros2_ws/build/my_robot_description', 'catkin_cmake_args': None, 'catkin_skip_building_tests': False, 'cmake_args': None, 'cmake_clean_cache': False, 'cmake_clean_first': False, 'cmake_force_configure': False, 'cmake_target': None, 'cmake_target_skip_unavailable': False, 'install_base': '/workspaces/auto_race/ros2_ws/install/my_robot_description', 'merge_install': False, 'path': '/workspaces/auto_race/ros2_ws/src/my_robot_description', 'symlink_install': False, 'test_result_base': None}
[4.805s] INFO:colcon.colcon_core.executor:Executing jobs using 'parallel' executor
[4.806s] DEBUG:colcon.colcon_parallel_executor.executor.parallel:run_until_complete
[4.807s] INFO:colcon.colcon_ros.task.ament_cmake.build:Building ROS package in '/workspaces/auto_race/ros2_ws/src/my_robot_bringup' with build type 'ament_cmake'
[4.807s] INFO:colcon.colcon_cmake.task.cmake.build:Building CMake package in '/workspaces/auto_race/ros2_ws/src/my_robot_bringup'
[4.836s] INFO:colcon.colcon_core.plugin_system:Skipping extension 'colcon_core.shell.bat': Not used on non-Windows systems
[4.837s] INFO:colcon.colcon_core.shell:Skip shell extension 'powershell' for command environment: Not usable outside of PowerShell
[4.837s] DEBUG:colcon.colcon_core.shell:Skip shell extension 'dsv' for command environment
[4.852s] INFO:colcon.colcon_ros.task.ament_cmake.build:Building ROS package in '/workspaces/auto_race/ros2_ws/src/my_robot_description' with build type 'ament_cmake'
[4.852s] INFO:colcon.colcon_cmake.task.cmake.build:Building CMake package in '/workspaces/auto_race/ros2_ws/src/my_robot_description'
[4.853s] INFO:colcon.colcon_core.shell:Skip shell extension 'powershell' for command environment: Not usable outside of PowerShell
[4.853s] DEBUG:colcon.colcon_core.shell:Skip shell extension 'dsv' for command environment
[4.878s] DEBUG:colcon.colcon_core.event_handler.log_command:Invoking command in '/workspaces/auto_race/ros2_ws/build/my_robot_bringup': CMAKE_PREFIX_PATH=${CMAKE_PREFIX_PATH}:/opt/ros/humble /usr/bin/cmake /workspaces/auto_race/ros2_ws/src/my_robot_bringup -DCMAKE_INSTALL_PREFIX=/workspaces/auto_race/ros2_ws/install/my_robot_bringup
[4.930s] DEBUG:colcon.colcon_core.event_handler.log_command:Invoking command in '/workspaces/auto_race/ros2_ws/build/my_robot_description': CMAKE_PREFIX_PATH=${CMAKE_PREFIX_PATH}:/opt/ros/humble /usr/bin/cmake /workspaces/auto_race/ros2_ws/src/my_robot_description -DCMAKE_INSTALL_PREFIX=/workspaces/auto_race/ros2_ws/install/my_robot_description
[7.244s] DEBUG:colcon.colcon_core.event_handler.log_command:Invoked command in '/workspaces/auto_race/ros2_ws/build/my_robot_description' returned '0': CMAKE_PREFIX_PATH=${CMAKE_PREFIX_PATH}:/opt/ros/humble /usr/bin/cmake /workspaces/auto_race/ros2_ws/src/my_robot_description -DCMAKE_INSTALL_PREFIX=/workspaces/auto_race/ros2_ws/install/my_robot_description
[7.245s] DEBUG:colcon.colcon_core.event_handler.log_command:Invoking command in '/workspaces/auto_race/ros2_ws/build/my_robot_description': CMAKE_PREFIX_PATH=${CMAKE_PREFIX_PATH}:/opt/ros/humble /usr/bin/cmake --build /workspaces/auto_race/ros2_ws/build/my_robot_description -- -j8 -l8
[7.277s] DEBUG:colcon.colcon_core.event_handler.log_command:Invoked command in '/workspaces/auto_race/ros2_ws/build/my_robot_bringup' returned '0': CMAKE_PREFIX_PATH=${CMAKE_PREFIX_PATH}:/opt/ros/humble /usr/bin/cmake /workspaces/auto_race/ros2_ws/src/my_robot_bringup -DCMAKE_INSTALL_PREFIX=/workspaces/auto_race/ros2_ws/install/my_robot_bringup
[7.280s] DEBUG:colcon.colcon_core.event_handler.log_command:Invoking command in '/workspaces/auto_race/ros2_ws/build/my_robot_bringup': CMAKE_PREFIX_PATH=${CMAKE_PREFIX_PATH}:/opt/ros/humble /usr/bin/cmake --build /workspaces/auto_race/ros2_ws/build/my_robot_bringup -- -j8 -l8
[7.324s] DEBUG:colcon.colcon_core.event_handler.log_command:Invoked command in '/workspaces/auto_race/ros2_ws/build/my_robot_description' returned '0': CMAKE_PREFIX_PATH=${CMAKE_PREFIX_PATH}:/opt/ros/humble /usr/bin/cmake --build /workspaces/auto_race/ros2_ws/build/my_robot_description -- -j8 -l8
[7.327s] DEBUG:colcon.colcon_core.event_handler.log_command:Invoked command in '/workspaces/auto_race/ros2_ws/build/my_robot_bringup' returned '0': CMAKE_PREFIX_PATH=${CMAKE_PREFIX_PATH}:/opt/ros/humble /usr/bin/cmake --build /workspaces/auto_race/ros2_ws/build/my_robot_bringup -- -j8 -l8
[7.353s] DEBUG:colcon.colcon_core.event_handler.log_command:Invoking command in '/workspaces/auto_race/ros2_ws/build/my_robot_description': CMAKE_PREFIX_PATH=${CMAKE_PREFIX_PATH}:/opt/ros/humble /usr/bin/cmake --install /workspaces/auto_race/ros2_ws/build/my_robot_description
[7.356s] DEBUG:colcon.colcon_core.event_handler.log_command:Invoking command in '/workspaces/auto_race/ros2_ws/build/my_robot_bringup': CMAKE_PREFIX_PATH=${CMAKE_PREFIX_PATH}:/opt/ros/humble /usr/bin/cmake --install /workspaces/auto_race/ros2_ws/build/my_robot_bringup
[7.377s] Level 1:colcon.colcon_core.environment:create_environment_scripts_only(my_robot_description)
[7.378s] DEBUG:colcon.colcon_core.event_handler.log_command:Invoked command in '/workspaces/auto_race/ros2_ws/build/my_robot_description' returned '0': CMAKE_PREFIX_PATH=${CMAKE_PREFIX_PATH}:/opt/ros/humble /usr/bin/cmake --install /workspaces/auto_race/ros2_ws/build/my_robot_description
[7.429s] Level 1:colcon.colcon_core.environment:checking '/workspaces/auto_race/ros2_ws/install/my_robot_description' for CMake module files
[7.430s] Level 1:colcon.colcon_core.environment:checking '/workspaces/auto_race/ros2_ws/install/my_robot_description' for CMake config files
[7.430s] Level 1:colcon.colcon_core.shell:create_environment_hook('my_robot_description', 'cmake_prefix_path')
[7.431s] INFO:colcon.colcon_core.shell:Creating environment hook '/workspaces/auto_race/ros2_ws/install/my_robot_description/share/my_robot_description/hook/cmake_prefix_path.ps1'
[7.439s] INFO:colcon.colcon_core.shell:Creating environment descriptor '/workspaces/auto_race/ros2_ws/install/my_robot_description/share/my_robot_description/hook/cmake_prefix_path.dsv'
[7.440s] INFO:colcon.colcon_core.shell:Creating environment hook '/workspaces/auto_race/ros2_ws/install/my_robot_description/share/my_robot_description/hook/cmake_prefix_path.sh'
[7.441s] Level 1:colcon.colcon_core.environment:checking '/workspaces/auto_race/ros2_ws/install/my_robot_description/bin'
[7.442s] Level 1:colcon.colcon_core.environment:checking '/workspaces/auto_race/ros2_ws/install/my_robot_description/lib/pkgconfig/my_robot_description.pc'
[7.472s] Level 1:colcon.colcon_core.environment:checking '/workspaces/auto_race/ros2_ws/install/my_robot_description/lib/python3.10/site-packages'
[7.473s] Level 1:colcon.colcon_core.environment:checking '/workspaces/auto_race/ros2_ws/install/my_robot_description/bin'
[7.474s] INFO:colcon.colcon_core.shell:Creating package script '/workspaces/auto_race/ros2_ws/install/my_robot_description/share/my_robot_description/package.ps1'
[7.476s] INFO:colcon.colcon_core.shell:Creating package descriptor '/workspaces/auto_race/ros2_ws/install/my_robot_description/share/my_robot_description/package.dsv'
[7.477s] INFO:colcon.colcon_core.shell:Creating package script '/workspaces/auto_race/ros2_ws/install/my_robot_description/share/my_robot_description/package.sh'
[7.479s] INFO:colcon.colcon_core.shell:Creating package script '/workspaces/auto_race/ros2_ws/install/my_robot_description/share/my_robot_description/package.bash'
[7.481s] INFO:colcon.colcon_core.shell:Creating package script '/workspaces/auto_race/ros2_ws/install/my_robot_description/share/my_robot_description/package.zsh'
[7.509s] Level 1:colcon.colcon_core.environment:create_file_with_runtime_dependencies(/workspaces/auto_race/ros2_ws/install/my_robot_description/share/colcon-core/packages/my_robot_description)
[7.511s] Level 1:colcon.colcon_core.environment:create_environment_scripts_only(my_robot_bringup)
[7.511s] Level 1:colcon.colcon_core.environment:checking '/workspaces/auto_race/ros2_ws/install/my_robot_bringup' for CMake module files
[7.512s] DEBUG:colcon.colcon_core.event_handler.log_command:Invoked command in '/workspaces/auto_race/ros2_ws/build/my_robot_bringup' returned '0': CMAKE_PREFIX_PATH=${CMAKE_PREFIX_PATH}:/opt/ros/humble /usr/bin/cmake --install /workspaces/auto_race/ros2_ws/build/my_robot_bringup
[7.512s] Level 1:colcon.colcon_core.environment:checking '/workspaces/auto_race/ros2_ws/install/my_robot_bringup' for CMake config files
[7.513s] Level 1:colcon.colcon_core.shell:create_environment_hook('my_robot_bringup', 'cmake_prefix_path')
[7.513s] INFO:colcon.colcon_core.shell:Creating environment hook '/workspaces/auto_race/ros2_ws/install/my_robot_bringup/share/my_robot_bringup/hook/cmake_prefix_path.ps1'
[7.513s] INFO:colcon.colcon_core.shell:Creating environment descriptor '/workspaces/auto_race/ros2_ws/install/my_robot_bringup/share/my_robot_bringup/hook/cmake_prefix_path.dsv'
[7.514s] INFO:colcon.colcon_core.shell:Creating environment hook '/workspaces/auto_race/ros2_ws/install/my_robot_bringup/share/my_robot_bringup/hook/cmake_prefix_path.sh'
[7.514s] Level 1:colcon.colcon_core.environment:checking '/workspaces/auto_race/ros2_ws/install/my_robot_bringup/bin'
[7.514s] Level 1:colcon.colcon_core.environment:checking '/workspaces/auto_race/ros2_ws/install/my_robot_bringup/lib/pkgconfig/my_robot_bringup.pc'
[7.515s] Level 1:colcon.colcon_core.environment:checking '/workspaces/auto_race/ros2_ws/install/my_robot_bringup/lib/python3.10/site-packages'
[7.515s] Level 1:colcon.colcon_core.environment:checking '/workspaces/auto_race/ros2_ws/install/my_robot_bringup/bin'
[7.515s] INFO:colcon.colcon_core.shell:Creating package script '/workspaces/auto_race/ros2_ws/install/my_robot_bringup/share/my_robot_bringup/package.ps1'
[7.516s] INFO:colcon.colcon_core.shell:Creating package descriptor '/workspaces/auto_race/ros2_ws/install/my_robot_bringup/share/my_robot_bringup/package.dsv'
[7.516s] INFO:colcon.colcon_core.shell:Creating package script '/workspaces/auto_race/ros2_ws/install/my_robot_bringup/share/my_robot_bringup/package.sh'
[7.517s] INFO:colcon.colcon_core.shell:Creating package script '/workspaces/auto_race/ros2_ws/install/my_robot_bringup/share/my_robot_bringup/package.bash'
[7.517s] INFO:colcon.colcon_core.shell:Creating package script '/workspaces/auto_race/ros2_ws/install/my_robot_bringup/share/my_robot_bringup/package.zsh'
[7.517s] Level 1:colcon.colcon_core.environment:create_file_with_runtime_dependencies(/workspaces/auto_race/ros2_ws/install/my_robot_bringup/share/colcon-core/packages/my_robot_bringup)
[7.530s] Level 1:colcon.colcon_core.environment:create_environment_scripts_only(my_robot_description)
[7.531s] Level 1:colcon.colcon_core.environment:checking '/workspaces/auto_race/ros2_ws/install/my_robot_description' for CMake module files
[7.532s] Level 1:colcon.colcon_core.environment:checking '/workspaces/auto_race/ros2_ws/install/my_robot_description' for CMake config files
[7.532s] Level 1:colcon.colcon_core.shell:create_environment_hook('my_robot_description', 'cmake_prefix_path')
[7.533s] INFO:colcon.colcon_core.shell:Creating environment hook '/workspaces/auto_race/ros2_ws/install/my_robot_description/share/my_robot_description/hook/cmake_prefix_path.ps1'
[7.533s] INFO:colcon.colcon_core.shell:Creating environment descriptor '/workspaces/auto_race/ros2_ws/install/my_robot_description/share/my_robot_description/hook/cmake_prefix_path.dsv'
[7.534s] INFO:colcon.colcon_core.shell:Creating environment hook '/workspaces/auto_race/ros2_ws/install/my_robot_description/share/my_robot_description/hook/cmake_prefix_path.sh'
[7.535s] Level 1:colcon.colcon_core.environment:checking '/workspaces/auto_race/ros2_ws/install/my_robot_description/bin'
[7.535s] Level 1:colcon.colcon_core.environment:checking '/workspaces/auto_race/ros2_ws/install/my_robot_description/lib/pkgconfig/my_robot_description.pc'
[7.535s] Level 1:colcon.colcon_core.environment:checking '/workspaces/auto_race/ros2_ws/install/my_robot_description/lib/python3.10/site-packages'
[7.536s] Level 1:colcon.colcon_core.environment:checking '/workspaces/auto_race/ros2_ws/install/my_robot_description/bin'
[7.536s] INFO:colcon.colcon_core.shell:Creating package script '/workspaces/auto_race/ros2_ws/install/my_robot_description/share/my_robot_description/package.ps1'
[7.537s] INFO:colcon.colcon_core.shell:Creating package descriptor '/workspaces/auto_race/ros2_ws/install/my_robot_description/share/my_robot_description/package.dsv'
[7.538s] INFO:colcon.colcon_core.shell:Creating package script '/workspaces/auto_race/ros2_ws/install/my_robot_description/share/my_robot_description/package.sh'
[7.538s] INFO:colcon.colcon_core.shell:Creating package script '/workspaces/auto_race/ros2_ws/install/my_robot_description/share/my_robot_description/package.bash'
[7.539s] INFO:colcon.colcon_core.shell:Creating package script '/workspaces/auto_race/ros2_ws/install/my_robot_description/share/my_robot_description/package.zsh'
[7.540s] Level 1:colcon.colcon_core.environment:create_file_with_runtime_dependencies(/workspaces/auto_race/ros2_ws/install/my_robot_description/share/colcon-core/packages/my_robot_description)
[7.541s] Level 1:colcon.colcon_core.environment:create_environment_scripts_only(my_robot_bringup)
[7.541s] Level 1:colcon.colcon_core.environment:checking '/workspaces/auto_race/ros2_ws/install/my_robot_bringup' for CMake module files
[7.543s] Level 1:colcon.colcon_core.environment:checking '/workspaces/auto_race/ros2_ws/install/my_robot_bringup' for CMake config files
[7.543s] Level 1:colcon.colcon_core.shell:create_environment_hook('my_robot_bringup', 'cmake_prefix_path')
[7.543s] INFO:colcon.colcon_core.shell:Creating environment hook '/workspaces/auto_race/ros2_ws/install/my_robot_bringup/share/my_robot_bringup/hook/cmake_prefix_path.ps1'
[7.544s] INFO:colcon.colcon_core.shell:Creating environment descriptor '/workspaces/auto_race/ros2_ws/install/my_robot_bringup/share/my_robot_bringup/hook/cmake_prefix_path.dsv'
[7.544s] INFO:colcon.colcon_core.shell:Creating environment hook '/workspaces/auto_race/ros2_ws/install/my_robot_bringup/share/my_robot_bringup/hook/cmake_prefix_path.sh'
[7.545s] Level 1:colcon.colcon_core.environment:checking '/workspaces/auto_race/ros2_ws/install/my_robot_bringup/bin'
[7.545s] Level 1:colcon.colcon_core.environment:checking '/workspaces/auto_race/ros2_ws/install/my_robot_bringup/lib/pkgconfig/my_robot_bringup.pc'
[7.546s] Level 1:colcon.colcon_core.environment:checking '/workspaces/auto_race/ros2_ws/install/my_robot_bringup/lib/python3.10/site-packages'
[7.546s] Level 1:colcon.colcon_core.environment:checking '/workspaces/auto_race/ros2_ws/install/my_robot_bringup/bin'
[7.547s] INFO:colcon.colcon_core.shell:Creating package script '/workspaces/auto_race/ros2_ws/install/my_robot_bringup/share/my_robot_bringup/package.ps1'
[7.547s] INFO:colcon.colcon_core.shell:Creating package descriptor '/workspaces/auto_race/ros2_ws/install/my_robot_bringup/share/my_robot_bringup/package.dsv'
[7.548s] INFO:colcon.colcon_core.shell:Creating package script '/workspaces/auto_race/ros2_ws/install/my_robot_bringup/share/my_robot_bringup/package.sh'
[7.549s] INFO:colcon.colcon_core.shell:Creating package script '/workspaces/auto_race/ros2_ws/install/my_robot_bringup/share/my_robot_bringup/package.bash'
[7.550s] INFO:colcon.colcon_core.shell:Creating package script '/workspaces/auto_race/ros2_ws/install/my_robot_bringup/share/my_robot_bringup/package.zsh'
[7.550s] Level 1:colcon.colcon_core.environment:create_file_with_runtime_dependencies(/workspaces/auto_race/ros2_ws/install/my_robot_bringup/share/colcon-core/packages/my_robot_bringup)
[7.550s] DEBUG:colcon.colcon_parallel_executor.executor.parallel:closing loop
[7.551s] DEBUG:colcon.colcon_parallel_executor.executor.parallel:loop closed
[7.551s] DEBUG:colcon.colcon_parallel_executor.executor.parallel:run_until_complete finished with '0'
[7.551s] DEBUG:colcon.colcon_core.event_reactor:joining thread
[7.621s] INFO:colcon.colcon_core.plugin_system:Skipping extension 'colcon_notification.desktop_notification.notify_send': Could not find 'notify-send'
[7.621s] INFO:colcon.colcon_core.plugin_system:Skipping extension 'colcon_notification.desktop_notification.terminal_notifier': Not used on non-Darwin systems
[7.621s] INFO:colcon.colcon_core.plugin_system:Skipping extension 'colcon_notification.desktop_notification.win32': Not used on non-Windows systems
[7.622s] INFO:colcon.colcon_notification.desktop_notification:Sending desktop notification using 'notify2'
[7.626s] DEBUG:colcon.colcon_notification.desktop_notification.notify2:Failed to initialize notify2: org.freedesktop.DBus.Error.Spawn.ExecFailed: /usr/bin/dbus-launch terminated abnormally without any error message
[7.626s] DEBUG:colcon.colcon_core.event_reactor:joined thread
[7.627s] INFO:colcon.colcon_core.shell:Creating prefix script '/workspaces/auto_race/ros2_ws/install/local_setup.ps1'
[7.629s] INFO:colcon.colcon_core.shell:Creating prefix util module '/workspaces/auto_race/ros2_ws/install/_local_setup_util_ps1.py'
[7.632s] INFO:colcon.colcon_core.shell:Creating prefix chain script '/workspaces/auto_race/ros2_ws/install/setup.ps1'
[7.634s] INFO:colcon.colcon_core.shell:Creating prefix script '/workspaces/auto_race/ros2_ws/install/local_setup.sh'
[7.635s] INFO:colcon.colcon_core.shell:Creating prefix util module '/workspaces/auto_race/ros2_ws/install/_local_setup_util_sh.py'
[7.636s] INFO:colcon.colcon_core.shell:Creating prefix chain script '/workspaces/auto_race/ros2_ws/install/setup.sh'
[7.637s] INFO:colcon.colcon_core.shell:Creating prefix script '/workspaces/auto_race/ros2_ws/install/local_setup.bash'
[7.638s] INFO:colcon.colcon_core.shell:Creating prefix chain script '/workspaces/auto_race/ros2_ws/install/setup.bash'
[7.640s] INFO:colcon.colcon_core.shell:Creating prefix script '/workspaces/auto_race/ros2_ws/install/local_setup.zsh'
[7.641s] INFO:colcon.colcon_core.shell:Creating prefix chain script '/workspaces/auto_race/ros2_ws/install/setup.zsh'
