[0.024s] Invoking command in '/workspaces/auto_race/ros2_ws/build/my_robot_bringup': CMAKE_PREFIX_PATH=${CMAKE_PREFIX_PATH}:/opt/ros/humble /usr/bin/cmake /workspaces/auto_race/ros2_ws/src/my_robot_bringup -DAMENT_CMAKE_SYMLINK_INSTALL=1 -DCMAKE_INSTALL_PREFIX=/workspaces/auto_race/ros2_ws/install/my_robot_bringup
[0.043s] -- Found ament_cmake: 1.3.8 (/opt/ros/humble/share/ament_cmake/cmake)
[0.183s] -- Override CMake install command with custom implementation using symlinks instead of copying resources
[0.194s] -- Found ament_lint_auto: 0.12.10 (/opt/ros/humble/share/ament_lint_auto/cmake)
[0.282s] -- Added test 'flake8' to check Python code syntax and style conventions
[0.283s] -- Added test 'lint_cmake' to check CMake code style
[0.284s] -- Added test 'pep257' to check Python code against some of the docstring style conventions in PEP 257
[0.287s] -- Added test 'xmllint' to check XML markup files
[0.288s] -- Configuring done
[0.293s] -- Generating done
[0.293s] -- Build files have been written to: /workspaces/auto_race/ros2_ws/build/my_robot_bringup
[0.297s] Invoked command in '/workspaces/auto_race/ros2_ws/build/my_robot_bringup' returned '0': CMAKE_PREFIX_PATH=${CMAKE_PREFIX_PATH}:/opt/ros/humble /usr/bin/cmake /workspaces/auto_race/ros2_ws/src/my_robot_bringup -DAMENT_CMAKE_SYMLINK_INSTALL=1 -DCMAKE_INSTALL_PREFIX=/workspaces/auto_race/ros2_ws/install/my_robot_bringup
[0.298s] Invoking command in '/workspaces/auto_race/ros2_ws/build/my_robot_bringup': CMAKE_PREFIX_PATH=${CMAKE_PREFIX_PATH}:/opt/ros/humble /usr/bin/cmake --build /workspaces/auto_race/ros2_ws/build/my_robot_bringup -- -j8 -l8
[0.341s] Invoked command in '/workspaces/auto_race/ros2_ws/build/my_robot_bringup' returned '0': CMAKE_PREFIX_PATH=${CMAKE_PREFIX_PATH}:/opt/ros/humble /usr/bin/cmake --build /workspaces/auto_race/ros2_ws/build/my_robot_bringup -- -j8 -l8
[0.370s] Invoking command in '/workspaces/auto_race/ros2_ws/build/my_robot_bringup': CMAKE_PREFIX_PATH=${CMAKE_PREFIX_PATH}:/opt/ros/humble /usr/bin/cmake --install /workspaces/auto_race/ros2_ws/build/my_robot_bringup
[0.378s] -- Install configuration: ""
[0.378s] -- Execute custom install script
[0.379s] -- Up-to-date symlink: /workspaces/auto_race/ros2_ws/install/my_robot_bringup/share/my_robot_bringup//launch/my_robot_gazebo.launch.xml
[0.380s] -- Up-to-date symlink: /workspaces/auto_race/ros2_ws/install/my_robot_bringup/share/my_robot_bringup//launch/nav2_gazebo.launch.py
[0.380s] -- Up-to-date symlink: /workspaces/auto_race/ros2_ws/install/my_robot_bringup/share/my_robot_bringup//launch/nav2_gazebo.launch.xml
[0.380s] -- Up-to-date symlink: /workspaces/auto_race/ros2_ws/install/my_robot_bringup/share/my_robot_bringup//launch/nav2_gazebo_xml.launch.xml
[0.380s] -- Up-to-date symlink: /workspaces/auto_race/ros2_ws/install/my_robot_bringup/share/my_robot_bringup//rviz/rviz_config.rviz
[0.384s] -- Up-to-date symlink: /workspaces/auto_race/ros2_ws/install/my_robot_bringup/share/my_robot_bringup//worlds/my_world.world
[0.385s] -- Up-to-date symlink: /workspaces/auto_race/ros2_ws/install/my_robot_bringup/share/my_robot_bringup//map/map_gazebo.pgm
[0.385s] -- Up-to-date symlink: /workspaces/auto_race/ros2_ws/install/my_robot_bringup/share/my_robot_bringup//map/map_gazebo.yaml
[0.385s] -- Up-to-date symlink: /workspaces/auto_race/ros2_ws/install/my_robot_bringup/share/my_robot_bringup//param/my_robot.yaml
[0.385s] -- Up-to-date symlink: /workspaces/auto_race/ros2_ws/install/my_robot_bringup/share/ament_index/resource_index/package_run_dependencies/my_robot_bringup
[0.386s] -- Up-to-date symlink: /workspaces/auto_race/ros2_ws/install/my_robot_bringup/share/ament_index/resource_index/parent_prefix_path/my_robot_bringup
[0.386s] -- Up-to-date symlink: /workspaces/auto_race/ros2_ws/install/my_robot_bringup/share/my_robot_bringup/environment/ament_prefix_path.sh
[0.386s] -- Up-to-date symlink: /workspaces/auto_race/ros2_ws/install/my_robot_bringup/share/my_robot_bringup/environment/ament_prefix_path.dsv
[0.386s] -- Up-to-date symlink: /workspaces/auto_race/ros2_ws/install/my_robot_bringup/share/my_robot_bringup/environment/path.sh
[0.386s] -- Up-to-date symlink: /workspaces/auto_race/ros2_ws/install/my_robot_bringup/share/my_robot_bringup/environment/path.dsv
[0.386s] -- Up-to-date symlink: /workspaces/auto_race/ros2_ws/install/my_robot_bringup/share/my_robot_bringup/local_setup.bash
[0.386s] -- Up-to-date symlink: /workspaces/auto_race/ros2_ws/install/my_robot_bringup/share/my_robot_bringup/local_setup.sh
[0.386s] -- Up-to-date symlink: /workspaces/auto_race/ros2_ws/install/my_robot_bringup/share/my_robot_bringup/local_setup.zsh
[0.387s] -- Up-to-date symlink: /workspaces/auto_race/ros2_ws/install/my_robot_bringup/share/my_robot_bringup/local_setup.dsv
[0.387s] -- Symlinking: /workspaces/auto_race/ros2_ws/install/my_robot_bringup/share/my_robot_bringup/package.dsv
[0.397s] -- Up-to-date symlink: /workspaces/auto_race/ros2_ws/install/my_robot_bringup/share/ament_index/resource_index/packages/my_robot_bringup
[0.398s] -- Up-to-date symlink: /workspaces/auto_race/ros2_ws/install/my_robot_bringup/share/my_robot_bringup/cmake/my_robot_bringupConfig.cmake
[0.398s] -- Up-to-date symlink: /workspaces/auto_race/ros2_ws/install/my_robot_bringup/share/my_robot_bringup/cmake/my_robot_bringupConfig-version.cmake
[0.398s] -- Up-to-date symlink: /workspaces/auto_race/ros2_ws/install/my_robot_bringup/share/my_robot_bringup/package.xml
[0.429s] Invoked command in '/workspaces/auto_race/ros2_ws/build/my_robot_bringup' returned '0': CMAKE_PREFIX_PATH=${CMAKE_PREFIX_PATH}:/opt/ros/humble /usr/bin/cmake --install /workspaces/auto_race/ros2_ws/build/my_robot_bringup
